Num_Matrices	Median_Transfer_Time_ms
1	0.011696
11	0.006336
21	0.006336
31	0.006976
41	0.007200
51	0.006976
61	0.007536
71	0.017232
81	0.017344
91	0.017520
101	0.017696
111	0.018224
121	0.018320
131	0.018400
141	0.018528
151	0.018912
161	0.019280
171	0.019296
181	0.019648
191	0.019792
201	0.020304
211	0.020160
221	0.020464
231	0.020912
241	0.021120
251	0.021488
261	0.021648
271	0.022000
281	0.021952
291	0.022544
301	0.022688
311	0.022784
321	0.023120
331	0.023344
341	0.023536
351	0.024160
361	0.024096
371	0.024656
381	0.024496
391	0.025216
401	0.025296
411	0.025520
421	0.025792
431	0.025840
441	0.025920
451	0.026400
461	0.026544
471	0.026688
481	0.027344
491	0.027232
501	0.027664
511	0.027728
521	0.027776
531	0.028400
541	0.028784
551	0.028896
561	0.029088
571	0.029232
581	0.029568
591	0.029984
601	0.030032
611	0.030304
621	0.030512
631	0.030880
641	0.031200
651	0.031024
661	0.030912
671	0.031616
681	0.031616
691	0.032048
701	0.032128
711	0.032528
721	0.032656
731	0.032640
741	0.033216
751	0.033408
761	0.033584
771	0.033888
781	0.034224
791	0.034656
801	0.035120
811	0.034480
821	0.035008
831	0.035424
841	0.035344
851	0.035520
861	0.036112
871	0.036560
881	0.036528
891	0.037072
901	0.036928
911	0.037152
921	0.037408
931	0.037760
941	0.037808
951	0.038112
961	0.038480
971	0.038784
981	0.038784
991	0.039200
1001	0.039424
1011	0.039472
1021	0.040144
1031	0.040192
1041	0.040560
1051	0.040672
1061	0.041200
1071	0.041088
1081	0.041120
1091	0.041696
1101	0.041936
1111	0.042272
1121	0.042224
1131	0.042640
1141	0.042640
1151	0.043280
1161	0.043392
1171	0.043424
1181	0.043776
1191	0.044112
1201	0.044512
1211	0.044688
1221	0.044912
1231	0.045040
1241	0.045232
1251	0.045680
1261	0.045888
1271	0.046256
1281	0.046496
1291	0.046688
1301	0.046704
1311	0.047120
1321	0.047168
1331	0.047664
1341	0.047968
1351	0.048400
1361	0.048416
1371	0.048640
1381	0.048896
1391	0.049024
1401	0.049536
1411	0.049376
1421	0.049680
1431	0.050160
1441	0.050464
1451	0.050592
1461	0.050672
1471	0.050992
1481	0.051280
1491	0.051440
1501	0.051712
1511	0.051872
1521	0.051936
1531	0.052208
1541	0.053040
1551	0.052880
1561	0.053152
1571	0.053328
1581	0.053680
1591	0.054064
1601	0.054144
1611	0.054368
1621	0.054688
1631	0.054816
1641	0.055376
1651	0.055600
1661	0.055632
1671	0.056016
1681	0.056288
1691	0.056256
1701	0.056752
1711	0.057056
1721	0.057152
1731	0.057472
1741	0.057776
1751	0.058160
1761	0.057904
1771	0.058640
1781	0.058560
1791	0.058704
1801	0.058848
1811	0.059248
1821	0.059696
1831	0.060192
1841	0.060240
1851	0.060192
1861	0.060800
1871	0.060960
1881	0.061232
1891	0.061200
1901	0.061712
1911	0.061664
1921	0.062000
1931	0.062480
1941	0.062480
1951	0.062848
1961	0.063280
1971	0.063792
1981	0.063648
1991	0.063728
2001	0.064208
2011	0.064528
2021	0.064608
2031	0.064544
2041	0.065104
2051	0.065360
2061	0.065664
2071	0.065888
2081	0.065616
2091	0.066080
2101	0.066112
2111	0.067136
2121	0.066960
2131	0.067360
2141	0.067296
2151	0.067744
2161	0.068144
2171	0.068160
2181	0.068736
2191	0.068688
2201	0.069248
2211	0.069264
2221	0.069344
2231	0.069776
2241	0.070000
2251	0.070240
2261	0.070576
2271	0.070944
2281	0.070976
2291	0.071024
2301	0.071072
2311	0.071808
2321	0.071952
2331	0.072176
2341	0.072320
2351	0.073200
2361	0.072928
2371	0.073136
2381	0.073408
2391	0.073824
2401	0.074096
2411	0.074048
2421	0.074528
2431	0.074736
2441	0.075152
2451	0.075328
2461	0.075632
2471	0.075696
2481	0.076288
2491	0.076064
2501	0.076576
2511	0.076768
2521	0.077024
2531	0.077088
2541	0.077632
2551	0.078048
2561	0.077744
2571	0.078272
2581	0.078320
2591	0.078672
2601	0.079152
2611	0.079376
2621	0.079392
2631	0.079936
2641	0.079696
2651	0.080256
2661	0.080416
2671	0.080864
2681	0.081024
2691	0.081072
2701	0.081328
2711	0.081488
2721	0.082192
2731	0.082352
2741	0.082768
2751	0.082704
2761	0.083024
2771	0.083408
2781	0.083264
2791	0.083856
2801	0.083856
2811	0.084032
2821	0.084560
2831	0.084720
2841	0.085104
2851	0.084928
2861	0.085504
2871	0.085680
2881	0.085616
2891	0.085984
2901	0.086304
2911	0.086576
2921	0.086752
2931	0.087408
2941	0.087376
2951	0.087648
2961	0.087824
2971	0.088096
2981	0.088400
2991	0.088352
3001	0.088960
3011	0.089088
3021	0.089184
3031	0.089856
3041	0.089696
3051	0.090176
3061	0.090048
3071	0.090640
3081	0.090944
3091	0.091120
3101	0.091552
3111	0.091664
3121	0.091616
3131	0.091728
3141	0.092000
3151	0.092544
3161	0.092672
3171	0.093376
3181	0.093264
3191	0.093776
3201	0.093744
3211	0.094160
3221	0.094336
3231	0.094592
3241	0.094640
3251	0.095152
3261	0.095344
3271	0.095696
3281	0.095824
3291	0.095824
3301	0.096320
3311	0.096320
3321	0.096496
3331	0.096864
3341	0.097104
3351	0.097600
3361	0.097792
3371	0.097744
3381	0.098208
3391	0.098304
3401	0.098384
3411	0.099088
3421	0.099104
3431	0.099136
3441	0.099536
3451	0.099760
3461	0.099904
3471	0.100048
3481	0.100688
3491	0.101040
3501	0.101216
3511	0.101408
3521	0.101648
3531	0.101552
3541	0.101664
3551	0.102336
3561	0.102368
3571	0.102864
3581	0.103184
3591	0.103312
3601	0.103328
3611	0.103840
3621	0.104288
3631	0.104240
3641	0.104384
3651	0.104736
3661	0.104992
3671	0.105120
3681	0.105632
3691	0.105776
3701	0.105728
3711	0.106224
3721	0.106880
3731	0.107008
3741	0.106976
3751	0.106976
3761	0.107632
3771	0.107536
3781	0.108112
3791	0.108608
3801	0.108608
3811	0.108592
3821	0.108864
3831	0.108864
3841	0.109040
3851	0.109712
3861	0.109552
3871	0.110592
3881	0.110384
3891	0.110432
3901	0.110720
3911	0.111056
3921	0.111152
3931	0.111456
3941	0.111568
3951	0.112016
3961	0.112256
3971	0.112480
3981	0.112864
3991	0.112592
4001	0.113520
4011	0.113216
4021	0.113584
4031	0.113824
4041	0.114176
4051	0.114384
4061	0.114704
4071	0.114832
4081	0.115280
4091	0.115312
4101	0.115632
4111	0.116128
4121	0.116016
4131	0.116640
4141	0.116880
4151	0.116896
4161	0.116976
4171	0.117120
4181	0.117744
4191	0.117936
4201	0.118096
4211	0.118576
4221	0.118448
4231	0.118864
4241	0.119088
4251	0.119440
4261	0.119456
4271	0.120368
4281	0.120032
4291	0.120352
4301	0.120704
4311	0.121040
4321	0.121056
4331	0.121376
4341	0.121696
4351	0.121920
4361	0.122176
4371	0.122208
4381	0.122512
4391	0.123232
4401	0.123328
4411	0.123376
4421	0.123680
4431	0.123664
4441	0.124016
4451	0.124112
4461	0.124864
4471	0.124864
4481	0.125216
4491	0.125568
4501	0.125280
4511	0.125920
4521	0.125984
4531	0.126352
4541	0.126640
4551	0.126816
4561	0.126832
4571	0.127648
4581	0.127408
4591	0.127472
4601	0.127904
4611	0.128400
4621	0.128624
4631	0.128704
4641	0.129040
4651	0.129504
4661	0.129360
4671	0.130048
4681	0.129968
4691	0.130144
4701	0.130480
4711	0.130672
4721	0.131088
4731	0.131056
4741	0.131712
4751	0.131632
4761	0.131872
4771	0.132304
4781	0.132928
4791	0.132432
4801	0.132896
4811	0.132944
4821	0.133120
4831	0.133936
4841	0.133968
4851	0.134448
4861	0.134272
4871	0.134736
4881	0.134976
4891	0.135360
4901	0.135392
4911	0.135648
4921	0.135712
4931	0.136032
4941	0.136608
4951	0.136752
4961	0.137456
4971	0.137248
4981	0.137712
4991	0.137584
5001	0.138064
5011	0.138192
5021	0.138208
5031	0.138464
5041	0.139008
5051	0.139360
5061	0.139200
5071	0.139904
5081	0.140064
5091	0.140096
5101	0.133056
5111	0.140848
5121	0.141056
5131	0.141120
5141	0.141632
5151	0.141568
5161	0.142208
5171	0.142192
5181	0.142368
5191	0.142896
5201	0.142992
5211	0.143024
5221	0.143520
5231	0.143680
5241	0.143728
5251	0.144336
5261	0.144048
5271	0.144640
5281	0.144800
5291	0.144864
5301	0.145520
5311	0.145456
5321	0.145808
5331	0.146064
5341	0.146096
5351	0.146240
5361	0.146800
5371	0.146992
5381	0.147312
5391	0.147744
5401	0.147952
5411	0.148112
5421	0.148400
5431	0.148112
5441	0.148720
5451	0.149072
5461	0.149248
5471	0.149648
5481	0.149840
5491	0.150032
5501	0.150272
5511	0.150352
5521	0.150880
5531	0.150736
5541	0.151328
5551	0.151120
5561	0.151648
5571	0.151728
5581	0.152368
5591	0.152400
5601	0.152784
5611	0.152816
5621	0.152944
5631	0.153824
5641	0.153664
5651	0.154080
5661	0.154128
5671	0.154288
5681	0.154592
5691	0.154896
5701	0.155392
5711	0.155152
5721	0.155904
5731	0.155808
5741	0.156112
5751	0.156048
5761	0.156608
5771	0.156688
5781	0.156912
5791	0.157296
5801	0.157776
5811	0.157696
5821	0.158224
5831	0.158256
5841	0.158496
5851	0.158656
5861	0.159184
5871	0.159168
5881	0.159568
5891	0.159872
5901	0.160432
5911	0.160064
5921	0.160416
5931	0.160560
5941	0.161152
5951	0.160928
5961	0.161312
5971	0.161632
5981	0.162432
5991	0.162208
6001	0.162656
6011	0.162528
6021	0.162992
6031	0.163520
6041	0.163856
6051	0.163552
6061	0.164160
6071	0.164272
6081	0.164400
6091	0.164416
6101	0.165328
6111	0.165472
6121	0.165504
6131	0.165664
6141	0.165760
6151	0.166352
6161	0.166928
6171	0.166432
6181	0.166944
6191	0.166960
6201	0.167232
6211	0.167552
6221	0.167600
6231	0.167888
6241	0.167984
6251	0.168480
6261	0.168960
6271	0.169072
6281	0.169120
6291	0.169264
6301	0.169536
6311	0.169632
6321	0.170240
6331	0.170624
6341	0.170976
6351	0.170736
6361	0.171440
6371	0.171232
6381	0.171776
6391	0.171856
6401	0.172416
6411	0.172880
6421	0.172880
6431	0.172816
6441	0.173488
6451	0.173264
6461	0.173488
6471	0.173792
6481	0.174304
6491	0.170496
6501	0.174704
6511	0.175008
6521	0.174960
6531	0.175888
6541	0.175712
6551	0.175776
6561	0.176336
6571	0.176400
6581	0.173024
6591	0.176880
6601	0.167440
6611	0.170656
6621	0.171376
6631	0.171248
6641	0.171504
6651	0.171600
6661	0.171728
6671	0.172432
6681	0.172576
6691	0.172800
6701	0.162880
6711	0.166576
6721	0.163488
6731	0.146064
6741	0.147296
6751	0.144112
6761	0.148064
6771	0.146432
6781	0.144544
6791	0.119952
6801	0.121264
6811	0.120992
6821	0.125600
6831	0.121104
6841	0.124560
6851	0.121136
6861	0.122592
6871	0.120720
6881	0.123728
6891	0.123200
6901	0.121936
6911	0.123408
6921	0.121728
6931	0.123696
6941	0.121760
6951	0.122448
6961	0.122864
6971	0.126320
6981	0.123328
6991	0.123824
7001	0.123328
7011	0.123936
7021	0.124048
7031	0.122816
7041	0.123424
7051	0.123248
7061	0.123072
7071	0.124064
7081	0.124384
7091	0.123872
7101	0.124448
7111	0.124912
7121	0.125456
7131	0.125136
7141	0.126208
7151	0.126448
7161	0.126512
7171	0.125904
7181	0.125952
7191	0.127536
7201	0.127168
7211	0.125600
7221	0.127008
7231	0.126768
7241	0.128080
7251	0.127552
7261	0.128016
7271	0.127488
7281	0.128720
7291	0.128912
7301	0.128032
7311	0.128912
7321	0.129008
7331	0.129472
7341	0.129456
7351	0.128256
7361	0.130560
7371	0.130176
7381	0.129232
7391	0.130080
7401	0.130176
7411	0.129648
7421	0.129872
7431	0.129840
7441	0.130080
7451	0.131760
7461	0.130800
7471	0.131360
7481	0.130960
7491	0.130912
7501	0.131408
7511	0.131552
7521	0.130816
7531	0.132224
7541	0.131760
7551	0.132192
7561	0.131984
7571	0.132176
7581	0.132896
7591	0.132608
7601	0.132912
7611	0.132592
7621	0.133088
7631	0.133440
7641	0.133888
7651	0.133808
7661	0.134080
7671	0.134976
7681	0.134784
7691	0.134448
7701	0.134224
7711	0.135088
7721	0.134608
7731	0.135312
7741	0.135504
7751	0.135760
7761	0.135136
7771	0.135456
7781	0.135584
7791	0.135808
7801	0.137216
7811	0.136576
7821	0.136688
7831	0.136608
7841	0.137280
7851	0.138096
7861	0.138080
7871	0.137280
7881	0.137488
7891	0.137504
7901	0.138560
7911	0.137920
7921	0.138080
7931	0.138048
7941	0.139120
7951	0.138704
7961	0.139040
7971	0.138848
7981	0.139168
7991	0.139440
8001	0.140080
8011	0.139648
8021	0.140848
8031	0.140464
8041	0.140944
8051	0.140480
8061	0.141296
8071	0.140400
8081	0.141632
8091	0.140672
8101	0.142368
8111	0.142192
8121	0.141936
8131	0.141904
8141	0.144096
8151	0.142160
8161	0.144064
8171	0.142864
8181	0.143168
8191	0.143120
8201	0.143136
8211	0.143280
8221	0.143424
8231	0.143840
8241	0.143984
8251	0.143760
8261	0.143936
8271	0.143632
8281	0.144160
8291	0.144816
8301	0.145408
8311	0.145120
8321	0.144896
8331	0.145328
8341	0.145344
8351	0.145200
8361	0.146336
8371	0.148496
8381	0.146320
8391	0.146272
8401	0.147120
8411	0.147008
8421	0.146560
8431	0.148000
8441	0.147008
8451	0.147408
8461	0.147184
8471	0.148480
8481	0.147888
8491	0.147680
8501	0.147888
8511	0.149040
8521	0.148512
8531	0.149264
8541	0.149344
8551	0.148336
8561	0.149056
8571	0.149536
8581	0.149488
8591	0.150976
8601	0.150352
8611	0.149632
8621	0.151072
8631	0.150512
8641	0.152112
8651	0.150080
8661	0.151712
8671	0.150976
8681	0.151280
8691	0.150896
8701	0.150832
8711	0.151536
8721	0.152368
8731	0.151760
8741	0.151904
8751	0.152384
8761	0.154464
8771	0.153680
8781	0.154112
8791	0.152992
8801	0.152976
8811	0.153632
8821	0.154144
8831	0.153664
8841	0.155008
8851	0.154768
8861	0.154752
8871	0.154528
8881	0.154400
8891	0.154688
8901	0.155184
8911	0.155344
8921	0.156000
8931	0.155376
8941	0.155600
8951	0.155568
8961	0.155616
8971	0.156208
8981	0.156784
8991	0.158000
9001	0.156560
9011	0.156592
9021	0.156976
9031	0.157680
9041	0.159056
9051	0.157728
9061	0.157264
9071	0.157024
9081	0.157584
9091	0.158304
9101	0.157936
9111	0.158416
9121	0.159056
9131	0.160688
9141	0.159248
9151	0.158992
9161	0.159536
9171	0.158944
9181	0.160704
9191	0.161760
9201	0.161376
9211	0.160416
9221	0.160896
9231	0.160336
9241	0.160080
9251	0.160880
9261	0.160992
9271	0.162064
9281	0.162720
9291	0.161536
9301	0.162032
9311	0.162144
9321	0.162784
9331	0.161888
9341	0.162128
9351	0.162352
9361	0.163552
9371	0.161856
9381	0.162880
9391	0.162896
9401	0.163680
9411	0.163488
9421	0.163680
9431	0.163600
9441	0.163696
9451	0.164016
9461	0.165312
9471	0.164048
9481	0.164224
9491	0.165280
9501	0.165568
9511	0.165120
9521	0.167056
9531	0.164960
9541	0.165744
9551	0.165776
9561	0.167488
9571	0.167920
9581	0.166336
9591	0.167424
9601	0.166624
9611	0.166784
9621	0.167856
9631	0.166896
9641	0.167504
9651	0.167984
9661	0.168288
9671	0.168336
9681	0.168384
9691	0.169152
9701	0.169200
9711	0.169024
9721	0.168352
9731	0.168416
9741	0.169984
9751	0.169824
9761	0.169776
9771	0.169136
9781	0.169232
9791	0.170752
9801	0.170416
9811	0.170800
9821	0.170112
9831	0.171232
9841	0.171712
9851	0.171232
9861	0.171696
9871	0.171200
9881	0.171904
9891	0.173872
9901	0.171744
9911	0.172112
9921	0.172304
9931	0.171712
9941	0.172544
9951	0.172336
9961	0.173680
9971	0.173408
9981	0.174000
9991	0.172576
10001	0.173296
10011	0.173232
10021	0.173632
10031	0.173664
10041	0.174432
10051	0.174032
10061	0.173872
10071	0.174560
10081	0.174112
10091	0.175296
10101	0.174720
10111	0.174288
10121	0.175472
10131	0.175648
10141	0.176304
10151	0.176288
10161	0.176384
10171	0.176256
10181	0.176272
10191	0.176160
10201	0.176992
10211	0.177344
10221	0.177168
10231	0.177264
10241	0.177280
10251	0.178192
10261	0.177056
10271	0.178912
10281	0.178944
10291	0.178816
10301	0.178496
10311	0.178304
10321	0.179216
10331	0.179728
10341	0.178880
10351	0.178752
10361	0.178704
10371	0.178896
10381	0.180176
10391	0.180336
10401	0.179408
10411	0.180240
10421	0.181152
10431	0.181440
10441	0.181120
10451	0.181024
10461	0.180672
10471	0.181296
10481	0.181664
10491	0.181056
10501	0.182272
10511	0.182960
10521	0.181952
10531	0.182672
10541	0.181824
10551	0.183152
10561	0.182368
10571	0.182624
10581	0.182560
10591	0.183488
10601	0.184816
10611	0.184192
10621	0.183824
10631	0.184288
10641	0.183776
10651	0.184608
10661	0.184560
10671	0.184352
10681	0.184736
10691	0.186240
10701	0.185904
10711	0.185200
10721	0.184576
10731	0.185248
10741	0.185104
10751	0.185568
10761	0.190192
10771	0.186288
10781	0.186176
10791	0.186080
10801	0.186240
10811	0.186928
10821	0.188128
10831	0.186960
10841	0.187296
10851	0.187456
10861	0.188992
10871	0.187696
10881	0.187024
10891	0.187216
10901	0.188112
10911	0.188880
10921	0.188912
10931	0.188784
10941	0.188736
10951	0.188992
10961	0.190352
10971	0.189856
10981	0.190624
10991	0.190192
11001	0.189904
11011	0.191440
11021	0.190992
11031	0.190960
11041	0.191328
11051	0.191792
11061	0.191536
11071	0.191168
11081	0.192496
11091	0.191632
11101	0.192144
11111	0.192544
11121	0.192816
11131	0.192256
11141	0.193200
11151	0.192752
11161	0.193792
11171	0.194000
11181	0.193728
11191	0.194496
11201	0.194400
11211	0.194480
11221	0.194736
11231	0.194000
11241	0.194560
11251	0.193936
11261	0.194080
11271	0.195216
11281	0.194896
11291	0.195776
11301	0.195840
11311	0.194864
11321	0.196560
11331	0.195280
11341	0.195792
11351	0.196128
11361	0.196208
11371	0.196672
11381	0.197936
11391	0.196864
11401	0.196832
11411	0.197360
11421	0.197120
11431	0.197680
11441	0.197168
11451	0.198400
11461	0.197728
11471	0.198976
11481	0.198336
11491	0.199312
11501	0.198944
11511	0.199056
11521	0.198912
11531	0.199584
11541	0.198896
11551	0.200112
11561	0.199888
11571	0.200128
11581	0.200976
11591	0.199760
11601	0.199760
11611	0.202096
11621	0.201104
11631	0.201008
11641	0.201056
11651	0.202752
11661	0.201600
11671	0.201440
11681	0.202624
11691	0.201168
11701	0.201520
11711	0.202640
11721	0.202560
11731	0.202896
11741	0.202320
11751	0.203712
11761	0.202624
11771	0.204112
11781	0.203536
11791	0.203184
11801	0.204896
11811	0.204176
11821	0.206096
11831	0.204160
11841	0.206112
11851	0.204096
11861	0.205456
11871	0.205728
11881	0.203920
11891	0.205152
11901	0.205872
11911	0.206736
11921	0.205600
11931	0.205904
11941	0.206544
11951	0.205584
11961	0.207056
11971	0.206720
11981	0.206640
11991	0.207120
12001	0.208336
12011	0.207472
12021	0.207120
12031	0.208608
12041	0.208752
12051	0.207968
12061	0.209584
12071	0.207904
12081	0.208512
12091	0.208304
12101	0.208480
12111	0.209376
12121	0.210112
12131	0.209648
12141	0.209424
12151	0.210128
12161	0.209648
12171	0.209616
12181	0.210608
12191	0.210944
12201	0.210864
12211	0.210272
12221	0.211872
12231	0.211856
12241	0.211568
12251	0.210960
12261	0.211248
12271	0.211776
12281	0.213776
12291	0.211936
12301	0.213664
12311	0.212864
12321	0.212704
12331	0.214352
12341	0.214144
12351	0.213088
12361	0.213184
12371	0.214384
12381	0.213680
12391	0.214016
12401	0.213312
12411	0.213920
12421	0.214608
12431	0.214992
12441	0.213600
12451	0.214176
12461	0.214864
12471	0.216944
12481	0.214400
12491	0.215376
12501	0.215968
12511	0.216480
12521	0.215904
12531	0.216576
12541	0.217776
12551	0.216256
12561	0.216576
12571	0.216752
12581	0.216640
12591	0.217808
12601	0.217936
12611	0.217728
12621	0.218224
12631	0.218832
12641	0.218432
12651	0.218576
12661	0.218432
12671	0.218480
12681	0.218064
12691	0.218400
12701	0.219200
12711	0.219008
12721	0.219664
12731	0.217568
12741	0.219552
12751	0.220144
12761	0.220640
12771	0.219856
12781	0.221360
12791	0.221824
12801	0.222960
12811	0.220880
12821	0.221456
12831	0.222144
12841	0.220384
12851	0.221536
12861	0.223248
12871	0.223728
12881	0.222208
12891	0.223280
12901	0.223904
12911	0.223072
12921	0.222560
12931	0.222928
12941	0.222928
12951	0.222112
12961	0.222912
12971	0.224224
12981	0.223200
12991	0.225168
13001	0.225808
13011	0.225040
13021	0.226320
13031	0.224064
13041	0.225248
13051	0.224928
13061	0.225168
13071	0.226816
13081	0.225776
13091	0.225008
13101	0.226016
13111	0.225600
13121	0.225472
13131	0.226816
13141	0.227312
13151	0.226432
13161	0.226544
13171	0.227920
13181	0.227632
13191	0.228336
13201	0.226672
13211	0.228208
13221	0.231824
13231	0.229232
13241	0.228688
13251	0.228896
13261	0.229216
13271	0.230240
13281	0.230656
13291	0.229232
13301	0.231232
13311	0.229792
13321	0.229504
13331	0.231328
13341	0.230560
13351	0.229632
13361	0.230368
13371	0.229600
13381	0.230560
13391	0.231104
13401	0.231600
13411	0.230656
13421	0.230624
13431	0.232304
13441	0.231792
13451	0.230912
13461	0.232672
13471	0.231984
13481	0.232032
13491	0.233312
13501	0.232800
13511	0.233184
13521	0.232336
13531	0.233408
13541	0.233232
13551	0.233312
13561	0.234480
13571	0.234288
13581	0.235696
13591	0.233616
13601	0.234768
13611	0.235664
13621	0.235120
13631	0.234784
13641	0.235088
13651	0.235536
13661	0.235392
13671	0.235152
13681	0.237456
13691	0.235568
13701	0.235920
13711	0.235872
13721	0.236784
13731	0.236384
13741	0.237568
13751	0.235936
13761	0.236864
13771	0.237456
13781	0.237088
13791	0.237680
13801	0.238016
13811	0.239024
13821	0.237840
13831	0.238608
13841	0.238336
13851	0.238368
13861	0.238640
13871	0.241520
13881	0.238816
13891	0.238400
13901	0.240752
13911	0.239056
13921	0.238800
13931	0.240736
13941	0.240288
13951	0.239024
13961	0.240240
13971	0.240912
13981	0.241216
13991	0.240912
14001	0.240352
14011	0.241248
14021	0.241392
14031	0.243168
14041	0.241088
14051	0.241888
14061	0.241456
14071	0.241840
14081	0.244384
14091	0.243504
14101	0.242864
14111	0.242784
14121	0.243200
14131	0.244176
14141	0.244176
14151	0.243344
14161	0.245440
14171	0.245024
14181	0.244368
14191	0.243472
14201	0.243792
14211	0.245168
14221	0.244512
14231	0.244368
14241	0.244816
14251	0.245328
14261	0.245232
14271	0.245952
14281	0.245216
14291	0.247424
14301	0.249408
14311	0.245776
14321	0.248528
14331	0.247616
14341	0.246736
14351	0.246944
14361	0.247424
14371	0.249056
14381	0.247344
14391	0.247152
14401	0.247440
14411	0.248112
14421	0.248656
14431	0.249792
14441	0.248144
14451	0.248736
14461	0.249440
14471	0.249968
14481	0.251328
14491	0.249392
14501	0.251648
14511	0.251600
14521	0.249664
14531	0.250640
14541	0.251408
14551	0.251824
14561	0.250688
14571	0.250208
14581	0.251744
14591	0.253696
14601	0.251616
14611	0.251264
14621	0.251520
14631	0.252320
14641	0.253104
14651	0.251648
14661	0.251888
14671	0.252240
14681	0.253776
14691	0.253408
14701	0.253120
14711	0.253696
14721	0.253440
14731	0.254608
14741	0.253936
14751	0.253520
14761	0.253936
14771	0.255088
14781	0.254848
14791	0.254848
14801	0.253888
14811	0.256128
14821	0.255248
14831	0.255184
14841	0.255424
14851	0.254800
14861	0.256192
14871	0.257008
14881	0.256496
14891	0.255728
14901	0.256720
14911	0.258704
14921	0.257408
14931	0.257424
14941	0.257584
14951	0.257616
14961	0.258240
14971	0.257984
14981	0.259040
14991	0.258080
15001	0.257968
15011	0.258480
15021	0.258544
15031	0.257872
15041	0.259360
15051	0.258912
15061	0.257824
15071	0.259264
15081	0.260048
15091	0.261136
15101	0.259472
15111	0.260960
15121	0.259952
15131	0.260832
15141	0.260544
15151	0.260624
15161	0.260672
15171	0.260752
15181	0.263456
15191	0.262256
15201	0.263088
15211	0.261632
15221	0.262048
15231	0.263104
15241	0.264320
15251	0.263968
15261	0.263344
15271	0.262896
15281	0.261856
15291	0.263264
15301	0.262640
15311	0.263024
15321	0.262336
15331	0.263088
15341	0.264528
15351	0.264448
15361	0.263840
15371	0.263888
15381	0.264224
15391	0.265584
15401	0.265936
15411	0.264800
15421	0.265968
15431	0.265888
15441	0.265904
15451	0.265664
15461	0.265888
15471	0.266064
15481	0.266912
15491	0.267360
15501	0.265744
15511	0.266176
15521	0.267520
15531	0.267120
15541	0.268160
15551	0.267824
15561	0.268192
15571	0.266944
15581	0.269152
15591	0.269232
15601	0.268368
15611	0.268896
15621	0.268384
15631	0.268912
15641	0.268992
15651	0.269184
15661	0.269568
15671	0.269168
15681	0.269728
15691	0.270304
15701	0.269968
15711	0.270688
15721	0.270976
15731	0.271008
15741	0.272864
15751	0.271520
15761	0.270832
15771	0.271504
15781	0.272960
15791	0.271904
15801	0.273264
15811	0.273920
15821	0.271872
15831	0.273200
15841	0.274160
15851	0.272784
15861	0.273040
15871	0.274208
15881	0.272864
15891	0.272544
15901	0.273280
15911	0.273616
15921	0.272864
15931	0.274176
15941	0.273104
15951	0.274480
15961	0.275456
15971	0.276416
15981	0.274912
15991	0.275952
16001	0.275760
16011	0.275056
16021	0.275984
16031	0.276864
16041	0.276752
16051	0.275776
16061	0.277488
16071	0.278656
16081	0.277104
16091	0.276592
16101	0.276880
16111	0.277168
16121	0.278096
16131	0.276816
16141	0.277040
16151	0.278112
16161	0.278320
16171	0.278432
16181	0.278944
16191	0.277472
16201	0.278672
16211	0.278816
16221	0.278816
16231	0.278944
16241	0.280768
16251	0.279184
16261	0.280960
16271	0.280000
16281	0.279024
16291	0.280800
16301	0.279984
16311	0.279776
16321	0.280096
16331	0.281424
16341	0.281184
16351	0.281488
16361	0.281664
16371	0.281264
16381	0.281408
16391	0.281072
16401	0.282224
16411	0.282640
16421	0.283696
16431	0.282272
16441	0.281664
16451	0.282896
16461	0.282544
16471	0.283184
16481	0.282224
16491	0.282816
16501	0.283296
16511	0.283392
16521	0.283696
16531	0.284384
16541	0.283840
16551	0.283392
16561	0.285664
16571	0.284768
16581	0.284688
16591	0.284400
16601	0.286576
16611	0.285168
16621	0.286880
16631	0.285888
16641	0.286384
16651	0.287776
16661	0.286208
16671	0.287200
16681	0.286416
16691	0.286704
16701	0.286752
16711	0.287952
16721	0.287616
16731	0.286752
16741	0.286560
16751	0.287760
16761	0.288080
16771	0.288992
16781	0.287984
16791	0.288608
16801	0.290544
16811	0.288736
16821	0.288704
16831	0.289200
16841	0.289632
16851	0.289712
16861	0.290384
16871	0.290208
16881	0.291200
16891	0.289984
16901	0.291152
16911	0.290080
16921	0.291184
16931	0.290160
16941	0.290224
16951	0.291824
16961	0.291632
16971	0.290528
16981	0.292848
16991	0.293344
17001	0.292944
17011	0.290896
17021	0.292880
17031	0.292592
17041	0.292672
17051	0.293312
17061	0.292304
17071	0.293088
17081	0.295008
17091	0.294608
17101	0.295104
17111	0.295104
17121	0.293920
17131	0.295040
17141	0.293568
17151	0.297280
17161	0.296144
17171	0.293888
17181	0.297792
17191	0.294352
17201	0.296688
17211	0.296160
17221	0.296928
17231	0.296544
17241	0.295408
17251	0.295936
17261	0.296224
17271	0.299024
17281	0.297216
17291	0.297328
17301	0.297312
17311	0.296800
17321	0.297488
17331	0.296768
17341	0.297488
17351	0.297680
17361	0.297360
17371	0.299952
17381	0.300848
17391	0.299904
17401	0.299744
17411	0.300464
17421	0.299760
17431	0.299712
17441	0.299520
17451	0.299584
17461	0.300176
17471	0.301184
17481	0.301296
17491	0.300352
17501	0.300544
17511	0.301040
17521	0.299520
17531	0.301680
17541	0.300992
17551	0.301584
17561	0.302816
17571	0.300864
17581	0.300912
17591	0.300960
17601	0.302064
17611	0.302576
17621	0.303328
17631	0.302320
17641	0.305024
17651	0.304064
17661	0.303728
17671	0.303344
17681	0.302880
17691	0.304224
17701	0.304432
17711	0.304096
17721	0.305536
17731	0.302896
17741	0.304032
17751	0.304960
17761	0.304976
17771	0.307024
17781	0.304864
17791	0.305200
17801	0.304784
17811	0.307152
17821	0.306816
17831	0.306800
17841	0.306768
17851	0.306896
17861	0.307200
17871	0.309104
17881	0.307584
17891	0.306224
17901	0.306544
17911	0.307136
17921	0.308192
17931	0.308112
17941	0.307008
17951	0.307904
17961	0.308240
17971	0.310624
17981	0.308032
17991	0.309136
18001	0.309392
18011	0.310976
18021	0.308768
18031	0.309296
18041	0.309792
18051	0.311136
18061	0.310288
18071	0.309632
18081	0.309936
18091	0.309776
18101	0.310064
18111	0.311088
18121	0.313104
18131	0.312848
18141	0.311024
18151	0.312144
18161	0.312720
18171	0.312512
18181	0.312880
18191	0.312544
18201	0.312160
18211	0.312240
18221	0.313232
18231	0.312128
18241	0.314240
18251	0.312688
18261	0.314480
18271	0.313040
18281	0.315184
18291	0.314000
18301	0.312816
18311	0.313232
18321	0.315152
18331	0.313216
18341	0.316224
18351	0.315568
18361	0.315040
18371	0.314848
18381	0.314912
18391	0.316048
18401	0.315248
18411	0.316288
18421	0.316624
18431	0.316016
18441	0.316096
18451	0.316448
18461	0.316784
18471	0.316720
18481	0.317600
18491	0.317120
18501	0.316976
18511	0.318336
18521	0.318064
18531	0.317984
18541	0.318112
18551	0.317920
18561	0.319152
18571	0.317936
18581	0.320528
18591	0.320272
18601	0.320048
18611	0.321328
18621	0.320192
18631	0.319120
18641	0.319040
18651	0.320496
18661	0.320832
18671	0.321104
18681	0.319968
18691	0.320608
18701	0.320736
18711	0.322976
18721	0.319936
18731	0.320896
18741	0.321376
18751	0.322032
18761	0.321456
18771	0.322496
18781	0.324416
18791	0.321616
18801	0.325088
18811	0.321856
18821	0.322784
18831	0.322064
18841	0.323136
18851	0.324144
18861	0.322944
18871	0.325200
18881	0.323568
18891	0.323264
18901	0.323856
18911	0.326016
18921	0.323744
18931	0.324944
18941	0.324288
18951	0.324672
18961	0.323856
18971	0.324960
18981	0.325024
18991	0.325088
19001	0.327632
19011	0.326608
19021	0.325808
19031	0.326784
19041	0.325616
19051	0.327472
19061	0.327488
19071	0.327728
19081	0.326768
19091	0.327024
19101	0.327344
19111	0.327328
19121	0.328528
19131	0.328336
19141	0.329680
19151	0.328704
19161	0.328496
19171	0.329344
19181	0.329792
19191	0.329056
19201	0.329040
19211	0.329808
19221	0.330688
19231	0.328384
19241	0.328880
19251	0.329824
19261	0.331072
19271	0.331296
19281	0.331312
19291	0.330736
19301	0.330752
19311	0.330192
19321	0.330976
19331	0.331584
19341	0.332080
19351	0.330432
19361	0.331088
19371	0.332464
19381	0.331616
19391	0.331744
19401	0.332368
19411	0.331856
19421	0.333376
19431	0.331296
19441	0.332976
19451	0.332960
19461	0.335584
19471	0.335984
19481	0.333984
19491	0.333392
19501	0.333872
19511	0.333488
19521	0.336272
19531	0.333840
19541	0.336720
19551	0.334688
19561	0.336480
19571	0.335472
19581	0.334976
19591	0.334800
19601	0.338096
19611	0.334736
19621	0.336992
19631	0.336544
19641	0.337216
19651	0.336544
19661	0.337488
19671	0.335424
19681	0.338752
19691	0.336960
19701	0.340880
19711	0.337920
19721	0.337936
19731	0.337872
19741	0.339568
19751	0.337136
19761	0.341696
19771	0.339040
19781	0.340800
19791	0.338640
19801	0.341792
19811	0.338704
19821	0.340640
19831	0.343824
19841	0.339264
19851	0.339488
19861	0.341056
19871	0.339744
19881	0.340816
19891	0.340944
19901	0.341024
19911	0.340720
19921	0.342864
19931	0.341680
19941	0.342384
19951	0.341408
19961	0.344000
19971	0.341984
19981	0.344272
19991	0.341536
