Num_Matrices	Median_Transfer_Time_ms
1	0.010160
11	0.007552
21	0.007104
31	0.006752
41	0.006560
51	0.006720
61	0.007312
71	0.007648
81	0.007056
91	0.007280
101	0.007856
111	0.008048
121	0.008304
131	0.008496
141	0.008896
151	0.009168
161	0.009600
171	0.009856
181	0.010128
191	0.010432
201	0.010688
211	0.011072
221	0.011648
231	0.011680
241	0.011888
251	0.012368
261	0.012816
271	0.013088
281	0.013264
291	0.013568
301	0.013856
311	0.014224
321	0.014448
331	0.014832
341	0.015328
351	0.015488
361	0.015488
371	0.016064
381	0.016208
391	0.016432
401	0.016672
411	0.017072
421	0.017664
431	0.017792
441	0.018096
451	0.018272
461	0.018784
471	0.019376
481	0.019328
491	0.019936
501	0.019904
511	0.020480
521	0.020784
531	0.020976
541	0.021424
551	0.021536
561	0.021584
571	0.021952
581	0.022528
591	0.022720
601	0.023136
611	0.023728
621	0.023840
631	0.023872
641	0.024304
651	0.024656
661	0.025008
671	0.025104
681	0.025312
691	0.026000
701	0.026192
711	0.026240
721	0.027056
731	0.027008
741	0.027520
751	0.027840
761	0.027840
771	0.028352
781	0.028608
791	0.028864
801	0.029056
811	0.029456
821	0.030064
831	0.030128
841	0.030320
851	0.030928
861	0.031152
871	0.031536
881	0.031552
891	0.032384
901	0.032272
911	0.032784
921	0.033136
931	0.033696
941	0.033696
951	0.033696
961	0.034416
971	0.034624
981	0.034976
991	0.035248
1001	0.035248
1011	0.035728
1021	0.036320
1031	0.036384
1041	0.036704
1051	0.036816
1061	0.037360
1071	0.037792
1081	0.037760
1091	0.038256
1101	0.038352
1111	0.038752
1121	0.039184
1131	0.039568
1141	0.040032
1151	0.040096
1161	0.040112
1171	0.040656
1181	0.041232
1191	0.041024
1201	0.041424
1211	0.041792
1221	0.042448
1231	0.042448
1241	0.043296
1251	0.043104
1261	0.043760
1271	0.043680
1281	0.044080
1291	0.044480
1301	0.044928
1311	0.044960
1321	0.045104
1331	0.045584
1341	0.046224
1351	0.046448
1361	0.046528
1371	0.046896
1381	0.047200
1391	0.047680
1401	0.047840
1411	0.048304
1421	0.048336
1431	0.048608
1441	0.049072
1451	0.049296
1461	0.049472
1471	0.049728
1481	0.050048
1491	0.050592
1501	0.050912
1511	0.050976
1521	0.051024
1531	0.051952
1541	0.052384
1551	0.052848
1561	0.052864
1571	0.053200
1581	0.053888
1591	0.053696
1601	0.054320
1611	0.054608
1621	0.055040
1631	0.055328
1641	0.055344
1651	0.055776
1661	0.055776
1671	0.056448
1681	0.056816
1691	0.057024
1701	0.057536
1711	0.057520
1721	0.058112
1731	0.057952
1741	0.058720
1751	0.058784
1761	0.059248
1771	0.058992
1781	0.059616
1791	0.059904
1801	0.060176
1811	0.060560
1821	0.060800
1831	0.061008
1841	0.061280
1851	0.061792
1861	0.062544
1871	0.062688
1881	0.062656
1891	0.062960
1901	0.063568
1911	0.063376
1921	0.063824
1931	0.064256
1941	0.064544
1951	0.064608
1961	0.064960
1971	0.065632
1981	0.066032
1991	0.065824
2001	0.066224
2011	0.066688
2021	0.066960
2031	0.067040
2041	0.067632
2051	0.067680
2061	0.068192
2071	0.068368
2081	0.068928
2091	0.069184
2101	0.069328
2111	0.069984
2121	0.069904
2131	0.071008
2141	0.071152
2151	0.071472
2161	0.071680
2171	0.072560
2181	0.072432
2191	0.072720
2201	0.072944
2211	0.072960
2221	0.073584
2231	0.074096
2241	0.074000
2251	0.074336
2261	0.074672
2271	0.075216
2281	0.075088
2291	0.075520
2301	0.076064
2311	0.076336
2321	0.076976
2331	0.076864
2341	0.077552
2351	0.077888
2361	0.078032
2371	0.078064
2381	0.078624
2391	0.078784
2401	0.079136
2411	0.079376
2421	0.079712
2431	0.079872
2441	0.080736
2451	0.081264
2461	0.081040
2471	0.081520
2481	0.082208
2491	0.082016
2501	0.082368
2511	0.082672
2521	0.082896
2531	0.083200
2541	0.083504
2551	0.083536
2561	0.084000
2571	0.084736
2581	0.084640
2591	0.085040
2601	0.085440
2611	0.085760
2621	0.085824
2631	0.086048
2641	0.086240
2651	0.086768
2661	0.087088
2671	0.087648
2681	0.087728
2691	0.088112
2701	0.088112
2711	0.088832
2721	0.088976
2731	0.089104
2741	0.089504
2751	0.090032
2761	0.090352
2771	0.090576
2781	0.090608
2791	0.091616
2801	0.091360
2811	0.091808
2821	0.092096
2831	0.092544
2841	0.092848
2851	0.092816
2861	0.093328
2871	0.093536
2881	0.093600
2891	0.094400
2901	0.094624
2911	0.094720
2921	0.095056
2931	0.095296
2941	0.096032
2951	0.096064
2961	0.096096
2971	0.096848
2981	0.097376
2991	0.097120
3001	0.097536
3011	0.097504
3021	0.098336
3031	0.098576
3041	0.098816
3051	0.099136
3061	0.099680
3071	0.099632
3081	0.100064
3091	0.100416
3101	0.101200
3111	0.101152
3121	0.101264
3131	0.101760
3141	0.102000
3151	0.102288
3161	0.102416
3171	0.102880
3181	0.103456
3191	0.103680
3201	0.103952
3211	0.104016
3221	0.104336
3231	0.104736
3241	0.104832
3251	0.105328
3261	0.105872
3271	0.106432
3281	0.106272
3291	0.106624
3301	0.106672
3311	0.107184
3321	0.107424
3331	0.107904
3341	0.108368
3351	0.108464
3361	0.108608
3371	0.109152
3381	0.109616
3391	0.109664
3401	0.109968
3411	0.110832
3421	0.110832
3431	0.111360
3441	0.111376
3451	0.111552
3461	0.112000
3471	0.112512
3481	0.112208
3491	0.112512
3501	0.113248
3511	0.113296
3521	0.113744
3531	0.113872
3541	0.114320
3551	0.114880
3561	0.114896
3571	0.115600
3581	0.115600
3591	0.115712
3601	0.115904
3611	0.116320
3621	0.116816
3631	0.117312
3641	0.117440
3651	0.117808
3661	0.118128
3671	0.118048
3681	0.118624
3691	0.118816
3701	0.119440
3711	0.119392
3721	0.120336
3731	0.120096
3741	0.120288
3751	0.120592
3761	0.120992
3771	0.121024
3781	0.121664
3791	0.121920
3801	0.122208
3811	0.122592
3821	0.123168
3831	0.122960
3841	0.123568
3851	0.124032
3861	0.124368
3871	0.124864
3881	0.124560
3891	0.124928
3901	0.125136
3911	0.126016
3921	0.126144
3931	0.126576
3941	0.126800
3951	0.126880
3961	0.127504
3971	0.127520
3981	0.128112
3991	0.128240
4001	0.128368
4011	0.128576
4021	0.128992
4031	0.130032
4041	0.129632
4051	0.129824
4061	0.130368
4071	0.130912
4081	0.130784
4091	0.131104
4101	0.131600
4111	0.131520
4121	0.132096
4131	0.132624
4141	0.133152
4151	0.133328
4161	0.133216
4171	0.133744
4181	0.134128
4191	0.134256
4201	0.134432
4211	0.135216
4221	0.135376
4231	0.135744
4241	0.136016
4251	0.136432
4261	0.136544
4271	0.136704
4281	0.137344
4291	0.137808
4301	0.138032
4311	0.138128
4321	0.138064
4331	0.138496
4341	0.139440
4351	0.139488
4361	0.139792
4371	0.139792
4381	0.140448
4391	0.140832
4401	0.140816
4411	0.141264
4421	0.141808
4431	0.141776
4441	0.142000
4451	0.142368
4461	0.143088
4471	0.143136
4481	0.143536
4491	0.143984
4501	0.143808
4511	0.144432
4521	0.144528
4531	0.144992
4541	0.145360
4551	0.145488
4561	0.145632
4571	0.146096
4581	0.146464
4591	0.146672
4601	0.147040
4611	0.147392
4621	0.148048
4631	0.147712
4641	0.148352
4651	0.148896
4661	0.148960
4671	0.149264
4681	0.149616
4691	0.149552
4701	0.149952
4711	0.150240
4721	0.150784
4731	0.151136
4741	0.151568
4751	0.151840
4761	0.151968
4771	0.152624
4781	0.152608
4791	0.153024
4801	0.153312
4811	0.153552
4821	0.153856
4831	0.153520
4841	0.154560
4851	0.154960
4861	0.154688
4871	0.155296
4881	0.155632
4891	0.155760
4901	0.156416
4911	0.156304
4921	0.156912
4931	0.157456
4941	0.157632
4951	0.157632
4961	0.158720
4971	0.158448
4981	0.158752
4991	0.159104
5001	0.159728
5011	0.159952
5021	0.160048
5031	0.160528
5041	0.160864
5051	0.161168
5061	0.161424
5071	0.161776
5081	0.161712
5091	0.162272
5101	0.165984
5111	0.162736
5121	0.163312
5131	0.163312
5141	0.163792
5151	0.164064
5161	0.164672
5171	0.164672
5181	0.165264
5191	0.165168
5201	0.165456
5211	0.165568
5221	0.166288
5231	0.166432
5241	0.166992
5251	0.167008
5261	0.167568
5271	0.168544
5281	0.168592
5291	0.169216
5301	0.169104
5311	0.169584
5321	0.170128
5331	0.170384
5341	0.170352
5351	0.170704
5361	0.171488
5371	0.171696
5381	0.171728
5391	0.172592
5401	0.172576
5411	0.172880
5421	0.173136
5431	0.173440
5441	0.173488
5451	0.173904
5461	0.174480
5471	0.174864
5481	0.174752
5491	0.175184
5501	0.175376
5511	0.175744
5521	0.175792
5531	0.176160
5541	0.176752
5551	0.177344
5561	0.177312
5571	0.177872
5581	0.178016
5591	0.178272
5601	0.178672
5611	0.178880
5621	0.179056
5631	0.179632
5641	0.179472
5651	0.179984
5661	0.180096
5671	0.180224
5681	0.181056
5691	0.181296
5701	0.181456
5711	0.182240
5721	0.182288
5731	0.182688
5741	0.182848
5751	0.182912
5761	0.183312
5771	0.183616
5781	0.183920
5791	0.184400
5801	0.184752
5811	0.185232
5821	0.185488
5831	0.185712
5841	0.185776
5851	0.186144
5861	0.186672
5871	0.187008
5881	0.187408
5891	0.187168
5901	0.188128
5911	0.188112
5921	0.188336
5931	0.188928
5941	0.189360
5951	0.189712
5961	0.189632
5971	0.189744
5981	0.190240
5991	0.190480
6001	0.191040
6011	0.191264
6021	0.191488
6031	0.191920
6041	0.192096
6051	0.192608
6061	0.192416
6071	0.192848
6081	0.193456
6091	0.193648
6101	0.194288
6111	0.194608
6121	0.194608
6131	0.195056
6141	0.195216
6151	0.195440
6161	0.195488
6171	0.196240
6181	0.196432
6191	0.196752
6201	0.197168
6211	0.197376
6221	0.197600
6231	0.197664
6241	0.198400
6251	0.198528
6261	0.199024
6271	0.199152
6281	0.199248
6291	0.200176
6301	0.200032
6311	0.200256
6321	0.200848
6331	0.201312
6341	0.201616
6351	0.202016
6361	0.202112
6371	0.202240
6381	0.202720
6391	0.203280
6401	0.203648
6411	0.203808
6421	0.203856
6431	0.203904
6441	0.204544
6451	0.204944
6461	0.205120
6471	0.205488
6481	0.205792
6491	0.206256
6501	0.206416
6511	0.206576
6521	0.207152
6531	0.207856
6541	0.207760
6551	0.208096
6561	0.208128
6571	0.208352
6581	0.208720
6591	0.209120
6601	0.209632
6611	0.209872
6621	0.210496
6631	0.210816
6641	0.210704
6651	0.211168
6661	0.211200
6671	0.211856
6681	0.212480
6691	0.212384
6701	0.212416
6711	0.213184
6721	0.213184
6731	0.213552
6741	0.213296
6751	0.213920
6761	0.214608
6771	0.214608
6781	0.215232
6791	0.215392
6801	0.215248
6811	0.216320
6821	0.216016
6831	0.216560
6841	0.216720
6851	0.217056
6861	0.217408
6871	0.217632
6881	0.217936
6891	0.218128
6901	0.218624
6911	0.218944
6921	0.219440
6931	0.219968
6941	0.219776
6951	0.220208
6961	0.220640
6971	0.221232
6981	0.221344
6991	0.221696
7001	0.221808
7011	0.222064
7021	0.222352
7031	0.222752
7041	0.222704
7051	0.223200
7061	0.223696
7071	0.224096
7081	0.224032
7091	0.224576
7101	0.224784
7111	0.224928
7121	0.225664
7131	0.225840
7141	0.225776
7151	0.226464
7161	0.226480
7171	0.227488
7181	0.227424
7191	0.227424
7201	0.228128
7211	0.228528
7221	0.228608
7231	0.229008
7241	0.229136
7251	0.229296
7261	0.230128
7271	0.230368
7281	0.230544
7291	0.230896
7301	0.231520
7311	0.231328
7321	0.231760
7331	0.231840
7341	0.232432
7351	0.232544
7361	0.233184
7371	0.233296
7381	0.233472
7391	0.234208
7401	0.233888
7411	0.234528
7421	0.234688
7431	0.234640
7441	0.235296
7451	0.235360
7461	0.236096
7471	0.236560
7481	0.236736
7491	0.237072
7501	0.237248
7511	0.237536
7521	0.237712
7531	0.238288
7541	0.238880
7551	0.239008
7561	0.239040
7571	0.239392
7581	0.239792
7591	0.240224
7601	0.239952
7611	0.240640
7621	0.240720
7631	0.241696
7641	0.241552
7651	0.242144
7661	0.241968
7671	0.242960
7681	0.242896
7691	0.243136
7701	0.243216
7711	0.243568
7721	0.243712
7731	0.244240
7741	0.244656
7751	0.244832
7761	0.245184
7771	0.245552
7781	0.246240
7791	0.245968
7801	0.246592
7811	0.246864
7821	0.247664
7831	0.247440
7841	0.247344
7851	0.248016
7861	0.248560
7871	0.248672
7881	0.248832
7891	0.249424
7901	0.249344
7911	0.249648
7921	0.249808
7931	0.250480
7941	0.250688
7951	0.250688
7961	0.251392
7971	0.251920
7981	0.252256
7991	0.252304
8001	0.252576
8011	0.252912
8021	0.253408
8031	0.253712
8041	0.254336
8051	0.254080
8061	0.254464
8071	0.254896
8081	0.255040
8091	0.255312
8101	0.256128
8111	0.256144
8121	0.256160
8131	0.256320
8141	0.257136
8151	0.257232
8161	0.257648
8171	0.258016
8181	0.258384
8191	0.258320
8201	0.258464
8211	0.259040
8221	0.259728
8231	0.260128
8241	0.259984
8251	0.260288
8261	0.261024
8271	0.261184
8281	0.261088
8291	0.262096
8301	0.261968
8311	0.262096
8321	0.262624
8331	0.262864
8341	0.263200
8351	0.263600
8361	0.263632
8371	0.264208
8381	0.264544
8391	0.265104
8401	0.265408
8411	0.265776
8421	0.266064
8431	0.266288
8441	0.266480
8451	0.266640
8461	0.266864
8471	0.267088
8481	0.267120
8491	0.267568
8501	0.268000
8511	0.268624
8521	0.268608
8531	0.268992
8541	0.269408
8551	0.269296
8561	0.270144
8571	0.269920
8581	0.270592
8591	0.270928
8601	0.270992
8611	0.271856
8621	0.271712
8631	0.272336
8641	0.272608
8651	0.273232
8661	0.273168
8671	0.273680
8681	0.273536
8691	0.274048
8701	0.274368
8711	0.274640
8721	0.274928
8731	0.275488
8741	0.275376
8751	0.276272
8761	0.275888
8771	0.276560
8781	0.277088
8791	0.276992
8801	0.277088
8811	0.277680
8821	0.278112
8831	0.278432
8841	0.278336
8851	0.279088
8861	0.279168
8871	0.279584
8881	0.280032
8891	0.280112
8901	0.280816
8911	0.280688
8921	0.281360
8931	0.281712
8941	0.281680
8951	0.282016
8961	0.282384
8971	0.282592
8981	0.282864
8991	0.283264
9001	0.283552
9011	0.283776
9021	0.284400
9031	0.284512
9041	0.284800
9051	0.285200
9061	0.285456
9071	0.285616
9081	0.286096
9091	0.286224
9101	0.286736
9111	0.287088
9121	0.287424
9131	0.287632
9141	0.287744
9151	0.288000
9161	0.287888
9171	0.288944
9181	0.289040
9191	0.289392
9201	0.289696
9211	0.289728
9221	0.290288
9231	0.290544
9241	0.291024
9251	0.291504
9261	0.291568
9271	0.292016
9281	0.292352
9291	0.292400
9301	0.292688
9311	0.293232
9321	0.293568
9331	0.294000
9341	0.293904
9351	0.294656
9361	0.294752
9371	0.295008
9381	0.295152
9391	0.295984
9401	0.295808
9411	0.296288
9421	0.296336
9431	0.296896
9441	0.297344
9451	0.297584
9461	0.297584
9471	0.298480
9481	0.298160
9491	0.298400
9501	0.298992
9511	0.299504
9521	0.299728
9531	0.299664
9541	0.300336
9551	0.300720
9561	0.300624
9571	0.301088
9581	0.301536
9591	0.301680
9601	0.302016
9611	0.302304
9621	0.302880
9631	0.302864
9641	0.302944
9651	0.303392
9661	0.303696
9671	0.304064
9681	0.304736
9691	0.305152
9701	0.305504
9711	0.305824
9721	0.305664
9731	0.306576
9741	0.306080
9751	0.306736
9761	0.307024
9771	0.307232
9781	0.307984
9791	0.307872
9801	0.308128
9811	0.308512
9821	0.308752
9831	0.309200
9841	0.309008
9851	0.310192
9861	0.309888
9871	0.310896
9881	0.311184
9891	0.311472
9901	0.311392
9911	0.311392
9921	0.311648
9931	0.312192
9941	0.312992
9951	0.313312
9961	0.313280
9971	0.313968
9981	0.313952
9991	0.314480
10001	0.314480
10011	0.314864
10021	0.315200
10031	0.315808
10041	0.315792
10051	0.316256
10061	0.316672
10071	0.316720
10081	0.317264
10091	0.317104
10101	0.317552
10111	0.317536
10121	0.317680
10131	0.318656
10141	0.318768
10151	0.318960
10161	0.319536
10171	0.319744
10181	0.320064
10191	0.320368
10201	0.320752
10211	0.321248
10221	0.321552
10231	0.321440
10241	0.321920
10251	0.322320
10261	0.322736
10271	0.322896
10281	0.323072
10291	0.323296
10301	0.323808
10311	0.324208
10321	0.324304
10331	0.324624
10341	0.325248
10351	0.325280
10361	0.325680
10371	0.325808
10381	0.326784
10391	0.326352
10401	0.327024
10411	0.327232
10421	0.327424
10431	0.327600
10441	0.328016
10451	0.328960
10461	0.328368
10471	0.329056
10481	0.329168
10491	0.329728
10501	0.329728
10511	0.330336
10521	0.330656
10531	0.331248
10541	0.331648
10551	0.331600
10561	0.331552
10571	0.332624
10581	0.332560
10591	0.333184
10601	0.332896
10611	0.333264
10621	0.333872
10631	0.334080
10641	0.334336
10651	0.334816
10661	0.334704
10671	0.335040
10681	0.336080
10691	0.336080
10701	0.336016
10711	0.336656
10721	0.336480
10731	0.336848
10741	0.337488
10751	0.337296
10761	0.338096
10771	0.338384
10781	0.338992
10791	0.338944
10801	0.339328
10811	0.339696
10821	0.339648
10831	0.340496
10841	0.340400
10851	0.341136
10861	0.341216
10871	0.341760
10881	0.341872
10891	0.342304
10901	0.342624
10911	0.342640
10921	0.342880
10931	0.343376
10941	0.343600
10951	0.344016
10961	0.343920
10971	0.344528
10981	0.344640
10991	0.345328
11001	0.345520
11011	0.345744
11021	0.345856
11031	0.346592
11041	0.346832
11051	0.347168
11061	0.347904
11071	0.347712
11081	0.347984
11091	0.348544
11101	0.348640
11111	0.348864
11121	0.349344
11131	0.349856
11141	0.349664
11151	0.350240
11161	0.350448
11171	0.351184
11181	0.351552
11191	0.351376
11201	0.351968
11211	0.352304
11221	0.352224
11231	0.353008
11241	0.352688
11251	0.353312
11261	0.353808
11271	0.353728
11281	0.353936
11291	0.354672
11301	0.355440
11311	0.355104
11321	0.355296
11331	0.356000
11341	0.356208
11351	0.356512
11361	0.356720
11371	0.356736
11381	0.357264
11391	0.357872
11401	0.357984
11411	0.358240
11421	0.358288
11431	0.358544
11441	0.359024
11451	0.359248
11461	0.360016
11471	0.360176
11481	0.360528
11491	0.360560
11501	0.361344
11511	0.361616
11521	0.362000
11531	0.362160
11541	0.362432
11551	0.362288
11561	0.362704
11571	0.362960
11581	0.363168
11591	0.363520
11601	0.364064
11611	0.364944
11621	0.365040
11631	0.365184
11641	0.365040
11651	0.365920
11661	0.366176
11671	0.366880
11681	0.366480
11691	0.367152
11701	0.367184
11711	0.367824
11721	0.367712
11731	0.368288
11741	0.369168
11751	0.369120
11761	0.368768
11771	0.369472
11781	0.369696
11791	0.370128
11801	0.370672
11811	0.370608
11821	0.370896
11831	0.371408
11841	0.371632
11851	0.371440
11861	0.372560
11871	0.372400
11881	0.372400
11891	0.372624
11901	0.373728
11911	0.374464
11921	0.374496
11931	0.374368
11941	0.374704
11951	0.374656
11961	0.375504
11971	0.375696
11981	0.375552
11991	0.375808
12001	0.376448
12011	0.376288
12021	0.377136
12031	0.376896
12041	0.377376
12051	0.377904
12061	0.378272
12071	0.378432
12081	0.378640
12091	0.379248
12101	0.379648
12111	0.379904
12121	0.379984
12131	0.380528
12141	0.380992
12151	0.381392
12161	0.381024
12171	0.381616
12181	0.382112
12191	0.382400
12201	0.382400
12211	0.383184
12221	0.383552
12231	0.384192
12241	0.383952
12251	0.384128
12261	0.384576
12271	0.385056
12281	0.385344
12291	0.385136
12301	0.385968
12311	0.385600
12321	0.386000
12331	0.386880
12341	0.387136
12351	0.387376
12361	0.387488
12371	0.387808
12381	0.388736
12391	0.388464
12401	0.388240
12411	0.388848
12421	0.390064
12431	0.389968
12441	0.390352
12451	0.390992
12461	0.390912
12471	0.390736
12481	0.391472
12491	0.391648
12501	0.392688
12511	0.392320
12521	0.392816
12531	0.392416
12541	0.393872
12551	0.393856
12561	0.393952
12571	0.394288
12581	0.394352
12591	0.394176
12601	0.394912
12611	0.395776
12621	0.395968
12631	0.396592
12641	0.396560
12651	0.396976
12661	0.397344
12671	0.397264
12681	0.397376
12691	0.397760
12701	0.398336
12711	0.398096
12721	0.399040
12731	0.398800
12741	0.399104
12751	0.399280
12761	0.400160
12771	0.400560
12781	0.401120
12791	0.400688
12801	0.401104
12811	0.401168
12821	0.402016
12831	0.402320
12841	0.402960
12851	0.402832
12861	0.402736
12871	0.403168
12881	0.403504
12891	0.404208
12901	0.404080
12911	0.404272
12921	0.404976
12931	0.405600
12941	0.405552
12951	0.406048
12961	0.406416
12971	0.406048
12981	0.406384
12991	0.406928
13001	0.407824
13011	0.407744
13021	0.408352
13031	0.408208
13041	0.408064
13051	0.408704
13061	0.409600
13071	0.409696
13081	0.410128
13091	0.410048
13101	0.410288
13111	0.411024
13121	0.410720
13131	0.411152
13141	0.411856
13151	0.411984
13161	0.412960
13171	0.412928
13181	0.413264
13191	0.413312
13201	0.414176
13211	0.413696
13221	0.414048
13231	0.414528
13241	0.414784
13251	0.414512
13261	0.415712
13271	0.415136
13281	0.416368
13291	0.415952
13301	0.416880
13311	0.417104
13321	0.417392
13331	0.417360
13341	0.417648
13351	0.417984
13361	0.418640
13371	0.419040
13381	0.419344
13391	0.419104
13401	0.419904
13411	0.419840
13421	0.420544
13431	0.420896
13441	0.421008
13451	0.420720
13461	0.422272
13471	0.421648
13481	0.422960
13491	0.422192
13501	0.422816
13511	0.423520
13521	0.423904
13531	0.423632
13541	0.424304
13551	0.424240
13561	0.424544
13571	0.425280
13581	0.425328
13591	0.425616
13601	0.425952
13611	0.426224
13621	0.426960
13631	0.427040
13641	0.428016
13651	0.427744
13661	0.427920
13671	0.428448
13681	0.428688
13691	0.428608
13701	0.429376
13711	0.428848
13721	0.429856
13731	0.430272
13741	0.430416
13751	0.430368
13761	0.431152
13771	0.432064
13781	0.431216
13791	0.431776
13801	0.432672
13811	0.432352
13821	0.432848
13831	0.433520
13841	0.433552
13851	0.434240
13861	0.433904
13871	0.434496
13881	0.435152
13891	0.435360
13901	0.435664
13911	0.435632
13921	0.435872
13931	0.436224
13941	0.436800
13951	0.436608
13961	0.437296
13971	0.438064
13981	0.438000
13991	0.438400
14001	0.438560
14011	0.439008
14021	0.439216
14031	0.439472
14041	0.439232
14051	0.439808
14061	0.440304
14071	0.440976
14081	0.441040
14091	0.441488
14101	0.441904
14111	0.441680
14121	0.442304
14131	0.442656
14141	0.442528
14151	0.443312
14161	0.443168
14171	0.443552
14181	0.443936
14191	0.444832
14201	0.445136
14211	0.445344
14221	0.445584
14231	0.446032
14241	0.445840
14251	0.446496
14261	0.447088
14271	0.446864
14281	0.447792
14291	0.446816
14301	0.448032
14311	0.448656
14321	0.448368
14331	0.449072
14341	0.449408
14351	0.449376
14361	0.449568
14371	0.449856
14381	0.450064
14391	0.451168
14401	0.451216
14411	0.451648
14421	0.451616
14431	0.451392
14441	0.451920
14451	0.452080
14461	0.452464
14471	0.453008
14481	0.453712
14491	0.452672
14501	0.453952
14511	0.453888
14521	0.454704
14531	0.455024
14541	0.455200
14551	0.455104
14561	0.455744
14571	0.456160
14581	0.455904
14591	0.456960
14601	0.456864
14611	0.457072
14621	0.457568
14631	0.457840
14641	0.458000
14651	0.458064
14661	0.458256
14671	0.458688
14681	0.459808
14691	0.459712
14701	0.460096
14711	0.460320
14721	0.461056
14731	0.461360
14741	0.460928
14751	0.461024
14761	0.462048
14771	0.462176
14781	0.462272
14791	0.462624
14801	0.462992
14811	0.463056
14821	0.463584
14831	0.464048
14841	0.463904
14851	0.464560
14861	0.465104
14871	0.464608
14881	0.465152
14891	0.465728
14901	0.466304
14911	0.466432
14921	0.466592
14931	0.466768
14941	0.466880
14951	0.467024
14961	0.468192
14971	0.468752
14981	0.468688
14991	0.469120
15001	0.469248
15011	0.469216
15021	0.469568
15031	0.470448
15041	0.470112
15051	0.470688
15061	0.471376
15071	0.471104
15081	0.471728
15091	0.472064
15101	0.472192
15111	0.472432
15121	0.472624
15131	0.473168
15141	0.473904
15151	0.473520
15161	0.474112
15171	0.474736
15181	0.474816
15191	0.474480
15201	0.475792
15211	0.475504
15221	0.475712
15231	0.475664
15241	0.476544
15251	0.476784
15261	0.477648
15271	0.477440
15281	0.477808
15291	0.479056
15301	0.478384
15311	0.479216
15321	0.479616
15331	0.479360
15341	0.479920
15351	0.480672
15361	0.480608
15371	0.480928
15381	0.480624
15391	0.480928
15401	0.481456
15411	0.482304
15421	0.482000
15431	0.483088
15441	0.483104
15451	0.483632
15461	0.483920
15471	0.483872
15481	0.484384
15491	0.485184
15501	0.485104
15511	0.485024
15521	0.486032
15531	0.485760
15541	0.486064
15551	0.486752
15561	0.486880
15571	0.487072
15581	0.488000
15591	0.487440
15601	0.487904
15611	0.489008
15621	0.488640
15631	0.488864
15641	0.489408
15651	0.489632
15661	0.490048
15671	0.489792
15681	0.490384
15691	0.490336
15701	0.490736
15711	0.491312
15721	0.491520
15731	0.492288
15741	0.491440
15751	0.492480
15761	0.493360
15771	0.493440
15781	0.493408
15791	0.493680
15801	0.493760
15811	0.494576
15821	0.494928
15831	0.494368
15841	0.495328
15851	0.495216
15861	0.495568
15871	0.496016
15881	0.496160
15891	0.496864
15901	0.496992
15911	0.497600
15921	0.497808
15931	0.498256
15941	0.498160
15951	0.498416
15961	0.499424
15971	0.499312
15981	0.500128
15991	0.499680
16001	0.500000
16011	0.500368
16021	0.501504
16031	0.501088
16041	0.501792
16051	0.501760
16061	0.501744
16071	0.501888
16081	0.502304
16091	0.502768
16101	0.503872
16111	0.504032
16121	0.503664
16131	0.504544
16141	0.504736
16151	0.504768
16161	0.505120
16171	0.506288
16181	0.506192
16191	0.506384
16201	0.506064
16211	0.506656
16221	0.507088
16231	0.507280
16241	0.507856
16251	0.507760
16261	0.507872
16271	0.508464
16281	0.509072
16291	0.508992
16301	0.509472
16311	0.509424
16321	0.509936
16331	0.509584
16341	0.511408
16351	0.511200
16361	0.511392
16371	0.511600
16381	0.511632
16391	0.512656
16401	0.512896
16411	0.512624
16421	0.512832
16431	0.513072
16441	0.513616
16451	0.514080
16461	0.514192
16471	0.514272
16481	0.515104
16491	0.515472
16501	0.515456
16511	0.516144
16521	0.516640
16531	0.516192
16541	0.516624
16551	0.517392
16561	0.517872
16571	0.517600
16581	0.518064
16591	0.518592
16601	0.519248
16611	0.519008
16621	0.520096
16631	0.519568
16641	0.520240
16651	0.520560
16661	0.521344
16671	0.520352
16681	0.520896
16691	0.522112
16701	0.521408
16711	0.522176
16721	0.522624
16731	0.522512
16741	0.523024
16751	0.523936
16761	0.523312
16771	0.523664
16781	0.523824
16791	0.524432
16801	0.524944
16811	0.524672
16821	0.525744
16831	0.525968
16841	0.526304
16851	0.526288
16861	0.526848
16871	0.527200
16881	0.527648
16891	0.527664
16901	0.528272
16911	0.528496
16921	0.528048
16931	0.529232
16941	0.529248
16951	0.529744
16961	0.530240
16971	0.530560
16981	0.530688
16991	0.530720
17001	0.531600
17011	0.531312
17021	0.531968
17031	0.531872
17041	0.532672
17051	0.532752
17061	0.533360
17071	0.532896
17081	0.533712
17091	0.534384
17101	0.534448
17111	0.534656
17121	0.534864
17131	0.534624
17141	0.535088
17151	0.535616
17161	0.535728
17171	0.536016
17181	0.537120
17191	0.536448
17201	0.537200
17211	0.537008
17221	0.538192
17231	0.538720
17241	0.538752
17251	0.538288
17261	0.539008
17271	0.539008
17281	0.539760
17291	0.539968
17301	0.540352
17311	0.541248
17321	0.540656
17331	0.541728
17341	0.542208
17351	0.541696
17361	0.542048
17371	0.542416
17381	0.543632
17391	0.543280
17401	0.543424
17411	0.543920
17421	0.543920
17431	0.544384
17441	0.545712
17451	0.544528
17461	0.545712
17471	0.545520
17481	0.545792
17491	0.546704
17501	0.546640
17511	0.547136
17521	0.546832
17531	0.547552
17541	0.547280
17551	0.548592
17561	0.548960
17571	0.548832
17581	0.549568
17591	0.548912
17601	0.549536
17611	0.549408
17621	0.550272
17631	0.550624
17641	0.550400
17651	0.550960
17661	0.551760
17671	0.551184
17681	0.552080
17691	0.551984
17701	0.553040
17711	0.552880
17721	0.552960
17731	0.553456
17741	0.553968
17751	0.553824
17761	0.554592
17771	0.554736
17781	0.555504
17791	0.555136
17801	0.556080
17811	0.555968
17821	0.556992
17831	0.556624
17841	0.557424
17851	0.557376
17861	0.557840
17871	0.557664
17881	0.558624
17891	0.558848
17901	0.558448
17911	0.559232
17921	0.559728
17931	0.560096
17941	0.560656
17951	0.560336
17961	0.560464
17971	0.561152
17981	0.561328
17991	0.561376
18001	0.562064
18011	0.562064
18021	0.563056
18031	0.562992
18041	0.563008
18051	0.563744
18061	0.563632
18071	0.564704
18081	0.564912
18091	0.565184
18101	0.564944
18111	0.564928
18121	0.565424
18131	0.566112
18141	0.566544
18151	0.567072
18161	0.567376
18171	0.567248
18181	0.568144
18191	0.567776
18201	0.568592
18211	0.569008
18221	0.568624
18231	0.569568
18241	0.569696
18251	0.570048
18261	0.570352
18271	0.570256
18281	0.570832
18291	0.570576
18301	0.572048
18311	0.571568
18321	0.572256
18331	0.572704
18341	0.572384
18351	0.573008
18361	0.573344
18371	0.574208
18381	0.573904
18391	0.574080
18401	0.574432
18411	0.574960
18421	0.575312
18431	0.575152
18441	0.576048
18451	0.576272
18461	0.576896
18471	0.577056
18481	0.577248
18491	0.577536
18501	0.577616
18511	0.577680
18521	0.577920
18531	0.578384
18541	0.578944
18551	0.578448
18561	0.579552
18571	0.579632
18581	0.580448
18591	0.580000
18601	0.580624
18611	0.580560
18621	0.581440
18631	0.580816
18641	0.581632
18651	0.582208
18661	0.582784
18671	0.582192
18681	0.583008
18691	0.583632
18701	0.584256
18711	0.583568
18721	0.584224
18731	0.584720
18741	0.583808
18751	0.584272
18761	0.585696
18771	0.585920
18781	0.586592
18791	0.586640
18801	0.586448
18811	0.586960
18821	0.587760
18831	0.587744
18841	0.587984
18851	0.588352
18861	0.588800
18871	0.588608
18881	0.588944
18891	0.589760
18901	0.590512
18911	0.590544
18921	0.590000
18931	0.590400
18941	0.591488
18951	0.590704
18961	0.591760
18971	0.591664
18981	0.592432
18991	0.592144
19001	0.592768
19011	0.592752
19021	0.593520
19031	0.593312
19041	0.594752
19051	0.594400
19061	0.594896
19071	0.595712
19081	0.595936
19091	0.596240
19101	0.596352
19111	0.596752
19121	0.596544
19131	0.596736
19141	0.597520
19151	0.597216
19161	0.597920
19171	0.597872
19181	0.598816
19191	0.599376
19201	0.599008
19211	0.598832
19221	0.599904
19231	0.599456
19241	0.599680
19251	0.600352
19261	0.601424
19271	0.600944
19281	0.600960
19291	0.601840
19301	0.602112
19311	0.603120
19321	0.603488
19331	0.603168
19341	0.603264
19351	0.603648
19361	0.604048
19371	0.604192
19381	0.605104
19391	0.605008
19401	0.605616
19411	0.605600
19421	0.605680
19431	0.606080
19441	0.606864
19451	0.606576
19461	0.606992
19471	0.606656
19481	0.608032
19491	0.607792
19501	0.608160
19511	0.608272
19521	0.608880
19531	0.609728
19541	0.610416
19551	0.610016
19561	0.610032
19571	0.610016
19581	0.610336
19591	0.611008
19601	0.611328
19611	0.611376
19621	0.611888
19631	0.611536
19641	0.612720
19651	0.613104
19661	0.613424
19671	0.612928
19681	0.613056
19691	0.614384
19701	0.614400
19711	0.615200
19721	0.615472
19731	0.615088
19741	0.615504
19751	0.616160
19761	0.615536
19771	0.617264
19781	0.617408
19791	0.617328
19801	0.617072
19811	0.618448
19821	0.618576
19831	0.618688
19841	0.618576
19851	0.618736
19861	0.619424
19871	0.619408
19881	0.620560
19891	0.620688
19901	0.620704
19911	0.620784
19921	0.621248
19931	0.621456
19941	0.622000
19951	0.621584
19961	0.621792
19971	0.622768
19981	0.622912
19991	0.623856
