Num_Matrices	Median_Transfer_Time_ms
1	0.015440
11	0.016240
21	0.016000
31	0.016720
41	0.016480
51	0.016321
61	0.016640
71	0.014160
81	0.014320
91	0.014720
101	0.014800
111	0.015040
121	0.015280
131	0.015520
141	0.015600
151	0.016000
161	0.016000
171	0.016320
181	0.016400
191	0.016640
201	0.016960
211	0.017440
221	0.017280
231	0.017521
241	0.017840
251	0.018000
261	0.018160
271	0.018240
281	0.018560
291	0.018640
301	0.019040
311	0.018960
321	0.019280
331	0.019600
341	0.020000
351	0.020000
361	0.020000
371	0.020400
381	0.020560
391	0.020640
401	0.021040
411	0.021280
421	0.021440
431	0.021360
441	0.021600
451	0.021920
461	0.022160
471	0.022240
481	0.022481
491	0.022801
501	0.022960
511	0.023280
521	0.023520
531	0.023840
541	0.023841
551	0.024000
561	0.024240
571	0.024480
581	0.024640
591	0.024961
601	0.025120
611	0.025280
621	0.025440
631	0.025600
641	0.025920
651	0.023841
661	0.024080
671	0.022000
681	0.021680
691	0.021920
701	0.022160
711	0.022160
721	0.022240
731	0.022481
741	0.022560
751	0.022720
761	0.022880
771	0.022880
781	0.023041
791	0.023041
801	0.023200
811	0.023520
821	0.023520
831	0.023840
841	0.023840
851	0.024000
861	0.024160
871	0.024240
881	0.024400
891	0.024560
901	0.024800
911	0.024720
921	0.024961
931	0.025200
941	0.025440
951	0.025600
961	0.025681
971	0.025760
981	0.025920
991	0.026080
1001	0.026240
1011	0.026400
1021	0.026560
1031	0.026720
1041	0.026720
1051	0.026881
1061	0.027040
1071	0.027200
1081	0.027200
1091	0.027440
1101	0.027680
1111	0.027680
1121	0.027840
1131	0.027841
1141	0.028160
1151	0.028320
1161	0.028480
1171	0.028640
1181	0.028720
1191	0.028800
1201	0.028880
1211	0.028960
1221	0.029200
1231	0.029280
1241	0.029440
1251	0.029601
1261	0.029760
1271	0.029920
1281	0.030080
1291	0.030080
1301	0.030320
1311	0.030400
1321	0.030401
1331	0.030720
1341	0.030880
1351	0.030961
1361	0.031280
1371	0.031440
1381	0.031520
1391	0.031681
1401	0.031760
1411	0.031921
1421	0.032160
1431	0.032160
1441	0.032320
1451	0.032640
1461	0.032640
1471	0.032800
1481	0.032960
1491	0.033120
1501	0.033120
1511	0.033760
1521	0.033440
1531	0.033760
1541	0.033760
1551	0.033840
1561	0.033920
1571	0.034080
1581	0.034321
1591	0.034400
1601	0.034560
1611	0.034720
1621	0.034880
1631	0.034880
1641	0.035040
1651	0.035280
1661	0.035360
1671	0.035520
1681	0.035600
1691	0.035680
1701	0.036000
1711	0.036000
1721	0.036081
1731	0.036320
1741	0.036480
1751	0.036560
1761	0.036640
1771	0.036880
1781	0.037040
1791	0.037280
1801	0.037440
1811	0.037520
1821	0.037921
1831	0.037760
1841	0.038080
1851	0.038240
1861	0.038320
1871	0.038560
1881	0.038560
1891	0.038720
1901	0.038880
1911	0.038880
1921	0.039200
1931	0.039360
1941	0.039520
1951	0.039520
1961	0.039600
1971	0.039920
1981	0.039920
1991	0.040000
2001	0.040160
2011	0.040480
2021	0.040480
2031	0.040640
2041	0.040960
2051	0.040960
2061	0.040961
2071	0.040960
2081	0.041120
2091	0.041360
2101	0.041521
2111	0.041680
2121	0.041680
2131	0.042080
2141	0.042080
2151	0.042161
2161	0.042401
2171	0.042721
2181	0.042560
2191	0.042880
2201	0.042880
2211	0.043040
2221	0.043360
2231	0.043520
2241	0.043520
2251	0.043680
2261	0.043841
2271	0.044080
2281	0.044160
2291	0.044240
2301	0.044320
2311	0.044480
2321	0.044800
2331	0.044800
2341	0.044881
2351	0.044960
2361	0.045120
2371	0.045281
2381	0.045600
2391	0.045600
2401	0.045760
2411	0.045920
2421	0.046000
2431	0.046160
2441	0.046241
2451	0.046480
2461	0.046560
2471	0.046560
2481	0.046880
2491	0.046960
2501	0.047040
2511	0.047280
2521	0.047360
2531	0.047680
2541	0.047600
2551	0.048000
2561	0.048080
2571	0.048001
2581	0.048240
2591	0.048320
2601	0.048480
2611	0.048640
2621	0.048880
2631	0.048800
2641	0.049040
2651	0.049440
2661	0.049520
2671	0.049600
2681	0.049681
2691	0.050080
2701	0.050241
2711	0.050160
2721	0.050240
2731	0.050401
2741	0.050641
2751	0.050720
2761	0.050720
2771	0.051041
2781	0.051280
2791	0.051200
2801	0.051520
2811	0.051600
2821	0.051840
2831	0.052000
2841	0.051920
2851	0.052160
2861	0.052320
2871	0.052320
2881	0.052480
2891	0.052560
2901	0.052960
2911	0.052801
2921	0.052960
2931	0.053120
2941	0.053360
2951	0.053520
2961	0.053440
2971	0.053760
2981	0.053840
2991	0.054000
3001	0.054000
3011	0.054080
3021	0.054400
3031	0.054400
3041	0.054560
3051	0.054720
3061	0.054880
3071	0.055040
3081	0.055360
3091	0.055520
3101	0.055440
3111	0.055680
3121	0.055840
3131	0.056081
3141	0.056240
3151	0.056161
3161	0.056321
3171	0.056560
3181	0.056640
3191	0.056800
3201	0.056960
3211	0.057120
3221	0.057281
3231	0.057281
3241	0.057441
3251	0.057680
3261	0.057680
3271	0.057761
3281	0.057920
3291	0.058240
3301	0.058240
3311	0.058400
3321	0.058561
3331	0.058720
3341	0.058721
3351	0.058960
3361	0.059040
3371	0.059200
3381	0.059360
3391	0.059600
3401	0.059520
3411	0.059840
3421	0.060000
3431	0.059920
3441	0.060080
3451	0.060320
3461	0.060400
3471	0.060560
3481	0.060800
3491	0.060801
3501	0.061280
3511	0.061281
3521	0.061440
3531	0.061601
3541	0.061761
3551	0.061760
3561	0.061920
3571	0.062080
3581	0.062240
3591	0.062401
3601	0.062560
3611	0.062720
3621	0.062880
3631	0.062880
3641	0.062881
3651	0.063200
3661	0.063360
3671	0.063440
3681	0.063520
3691	0.063680
3701	0.063840
3711	0.064000
3721	0.064161
3731	0.064321
3741	0.064480
3751	0.064480
3761	0.064640
3771	0.064800
3781	0.064880
3791	0.065041
3801	0.065120
3811	0.065360
3821	0.065361
3831	0.065600
3841	0.065681
3851	0.065760
3861	0.066080
3871	0.066080
3881	0.066240
3891	0.066401
3901	0.066560
3911	0.066640
3921	0.066880
3931	0.067200
3941	0.067360
3951	0.067360
3961	0.067521
3971	0.067761
3981	0.067840
3991	0.068001
4001	0.068001
4011	0.068240
4021	0.068481
4031	0.068480
4041	0.068560
4051	0.068801
4061	0.068960
4071	0.068960
4081	0.069120
4091	0.069440
4101	0.069520
4111	0.069520
4121	0.069760
4131	0.069921
4141	0.070160
4151	0.070240
4161	0.070240
4171	0.070480
4181	0.070560
4191	0.070880
4201	0.070880
4211	0.070961
4221	0.071200
4231	0.071360
4241	0.071360
4251	0.071440
4261	0.072000
4271	0.071680
4281	0.071680
4291	0.072000
4301	0.072160
4311	0.072161
4321	0.072481
4331	0.072560
4341	0.072881
4351	0.072881
4361	0.073280
4371	0.073280
4381	0.073440
4391	0.073440
4401	0.073680
4411	0.073920
4421	0.074080
4431	0.074320
4441	0.074320
4451	0.074401
4461	0.074560
4471	0.074560
4481	0.074800
4491	0.075040
4501	0.075040
4511	0.075121
4521	0.075360
4531	0.075520
4541	0.075680
4551	0.075840
4561	0.075840
4571	0.076080
4581	0.076161
4591	0.076160
4601	0.076401
4611	0.076640
4621	0.076641
4631	0.076800
4641	0.076880
4651	0.076961
4661	0.077120
4671	0.077280
4681	0.077521
4691	0.077600
4701	0.077760
4711	0.077760
4721	0.077920
4731	0.078241
4741	0.078321
4751	0.078481
4761	0.078560
4771	0.078880
4781	0.079200
4791	0.079201
4801	0.079361
4811	0.079520
4821	0.079680
4831	0.079760
4841	0.080001
4851	0.080001
4861	0.080160
4871	0.080240
4881	0.080400
4891	0.080640
4901	0.080800
4911	0.080800
4921	0.080961
4931	0.080961
4941	0.081280
4951	0.081200
4961	0.081280
4971	0.081680
4981	0.081760
4991	0.082001
5001	0.082000
5011	0.082080
5021	0.082241
5031	0.082400
5041	0.082480
5051	0.082641
5061	0.082721
5071	0.082880
5081	0.082881
5091	0.083200
5101	0.083201
5111	0.083440
5121	0.083520
5131	0.083761
5141	0.084000
5151	0.084000
5161	0.084000
5171	0.084320
5181	0.084560
5191	0.084480
5201	0.084640
5211	0.084801
5221	0.085121
5231	0.085361
5241	0.085440
5251	0.085520
5261	0.085761
5271	0.085760
5281	0.086001
5291	0.086161
5301	0.086240
5311	0.086400
5321	0.086560
5331	0.086720
5341	0.086721
5351	0.086880
5361	0.087040
5371	0.087200
5381	0.087361
5391	0.087360
5401	0.087600
5411	0.087760
5421	0.087840
5431	0.088000
5441	0.088161
5451	0.088320
5461	0.088320
5471	0.088481
5481	0.088640
5491	0.088801
5501	0.088960
5511	0.088960
5521	0.089201
5531	0.089441
5541	0.089441
5551	0.089600
5561	0.089680
5571	0.089920
5581	0.090080
5591	0.090080
5601	0.090400
5611	0.090480
5621	0.090801
5631	0.090801
5641	0.091120
5651	0.091201
5661	0.091360
5671	0.091521
5681	0.091680
5691	0.091760
5701	0.091760
5711	0.091920
5721	0.092081
5731	0.092241
5741	0.092480
5751	0.092561
5761	0.092640
5771	0.092800
5781	0.092960
5791	0.093040
5801	0.093121
5811	0.093360
5821	0.093440
5831	0.093441
5841	0.093601
5851	0.093840
5861	0.094001
5871	0.094161
5881	0.094240
5891	0.094480
5901	0.094561
5911	0.094561
5921	0.094720
5931	0.094880
5941	0.095200
5951	0.095200
5961	0.095360
5971	0.095520
5981	0.095601
5991	0.095680
6001	0.095840
6011	0.096160
6021	0.096241
6031	0.096320
6041	0.096401
6051	0.096640
6061	0.097440
6071	0.097040
6081	0.097121
6091	0.097281
6101	0.097440
6111	0.097601
6121	0.097760
6131	0.097920
6141	0.098080
6151	0.098241
6161	0.098401
6171	0.098480
6181	0.098560
6191	0.098640
6201	0.098800
6211	0.098961
6221	0.099120
6231	0.099200
6241	0.099361
6251	0.099441
6261	0.099601
6271	0.099840
6281	0.100001
6291	0.100160
6301	0.100320
6311	0.100321
6321	0.100401
6331	0.100641
6341	0.100960
6351	0.100960
6361	0.100961
6371	0.101280
6381	0.101201
6391	0.101441
6401	0.101760
6411	0.101601
6421	0.101841
6431	0.101841
6441	0.102160
6451	0.102240
6461	0.102401
6471	0.102640
6481	0.102721
6491	0.103040
6501	0.103120
6511	0.103200
6521	0.103361
6531	0.103361
6541	0.103680
6551	0.103680
6561	0.103761
6571	0.104161
6581	0.104080
6591	0.104160
6601	0.104401
6611	0.104720
6621	0.104641
6631	0.104800
6641	0.104961
6651	0.105121
6661	0.105201
6671	0.105360
6681	0.105360
6691	0.105761
6701	0.105761
6711	0.105761
6721	0.106081
6731	0.106160
6741	0.106241
6751	0.106400
6761	0.106400
6771	0.106641
6781	0.106880
6791	0.106881
6801	0.107040
6811	0.107281
6821	0.107361
6831	0.107361
6841	0.107521
6851	0.107761
6861	0.107841
6871	0.108000
6881	0.108240
6891	0.108321
6901	0.108561
6911	0.108720
6921	0.108801
6931	0.109120
6941	0.109120
6951	0.109280
6961	0.109600
6971	0.109760
6981	0.109760
6991	0.109921
7001	0.109920
7011	0.110240
7021	0.110240
7031	0.110240
7041	0.110400
7051	0.110800
7061	0.110800
7071	0.110880
7081	0.110960
7091	0.111201
7101	0.111281
7111	0.111361
7121	0.111600
7131	0.111681
7141	0.111840
7151	0.111840
7161	0.112080
7171	0.112160
7181	0.112321
7191	0.112480
7201	0.112640
7211	0.112880
7221	0.112961
7231	0.113041
7241	0.113201
7251	0.113281
7261	0.113520
7271	0.113600
7281	0.113761
7291	0.114001
7301	0.114001
7311	0.114081
7321	0.114321
7331	0.114401
7341	0.114800
7351	0.114880
7361	0.115200
7371	0.115200
7381	0.115200
7391	0.115361
7401	0.115441
7411	0.115840
7421	0.115840
7431	0.116000
7441	0.116160
7451	0.116161
7461	0.116400
7471	0.116480
7481	0.116640
7491	0.116800
7501	0.116960
7511	0.116960
7521	0.117200
7531	0.117281
7541	0.117520
7551	0.117440
7561	0.117760
7571	0.117920
7581	0.118561
7591	0.118001
7601	0.118161
7611	0.118400
7621	0.118560
7631	0.118561
7641	0.118721
7651	0.118881
7661	0.118801
7671	0.119040
7681	0.119201
7691	0.119360
7701	0.119441
7711	0.119680
7721	0.119680
7731	0.119680
7741	0.120000
7751	0.120161
7761	0.120320
7771	0.120560
7781	0.120481
7791	0.120480
7801	0.120961
7811	0.121040
7821	0.121120
7831	0.121281
7841	0.121360
7851	0.121601
7861	0.121760
7871	0.121680
7881	0.122000
7891	0.122160
7901	0.122400
7911	0.122400
7921	0.122720
7931	0.122801
7941	0.122561
7951	0.122960
7961	0.123040
7971	0.123360
7981	0.123361
7991	0.123521
8001	0.123681
8011	0.123841
8021	0.124000
8031	0.124000
8041	0.124321
8051	0.124481
8061	0.124640
8071	0.124640
8081	0.124880
8091	0.125120
8101	0.125121
8111	0.125280
8121	0.125281
8131	0.125520
8141	0.125680
8151	0.125920
8161	0.125921
8171	0.126081
8181	0.126240
8191	0.126560
8201	0.126721
8211	0.126721
8221	0.126960
8231	0.127041
8241	0.127281
8251	0.127360
8261	0.127601
8271	0.127520
8281	0.127521
8291	0.127841
8301	0.128080
8311	0.128160
8321	0.128321
8331	0.128481
8341	0.128480
8351	0.128641
8361	0.128800
8371	0.128960
8381	0.129041
8391	0.129120
8401	0.129281
8411	0.129520
8421	0.129601
8431	0.129761
8441	0.129920
8451	0.130080
8461	0.130161
8471	0.130321
8481	0.130400
8491	0.130721
8501	0.130881
8511	0.130881
8521	0.130960
8531	0.131280
8541	0.131281
8551	0.131281
8561	0.131761
8571	0.131840
8581	0.131920
8591	0.132161
8601	0.132321
8611	0.132401
8621	0.132720
8631	0.132960
8641	0.133120
8651	0.133120
8661	0.133360
8671	0.133441
8681	0.133441
8691	0.133521
8701	0.133920
8711	0.133921
8721	0.133920
8731	0.134241
8741	0.134080
8751	0.134321
8761	0.134640
8771	0.134641
8781	0.134721
8791	0.134960
8801	0.134881
8811	0.135200
8821	0.135201
8831	0.135360
8841	0.135600
8851	0.135680
8861	0.135840
8871	0.135840
8881	0.136161
8891	0.136161
8901	0.136481
8911	0.136640
8921	0.136641
8931	0.136800
8941	0.136800
8951	0.136960
8961	0.137201
8971	0.137280
8981	0.137680
8991	0.137520
9001	0.137601
9011	0.137761
9021	0.137920
9031	0.138080
9041	0.138240
9051	0.138560
9061	0.138721
9071	0.138880
9081	0.138881
9091	0.139120
9101	0.139201
9111	0.139441
9121	0.139520
9131	0.139680
9141	0.139761
9151	0.139840
9161	0.139840
9171	0.140240
9181	0.140320
9191	0.140321
9201	0.140640
9211	0.140800
9221	0.140801
9231	0.140800
9241	0.140961
9251	0.141440
9261	0.141280
9271	0.141441
9281	0.141601
9291	0.141840
9301	0.141921
9311	0.142080
9321	0.142080
9331	0.142400
9341	0.142481
9351	0.142481
9361	0.142721
9371	0.142881
9381	0.142881
9391	0.143041
9401	0.143120
9411	0.143360
9421	0.143520
9431	0.143680
9441	0.143841
9451	0.144000
9461	0.144160
9471	0.144321
9481	0.144481
9491	0.144641
9501	0.144800
9511	0.144881
9521	0.145120
9531	0.145120
9541	0.145280
9551	0.145361
9561	0.145600
9571	0.145840
9581	0.145761
9591	0.145920
9601	0.146240
9611	0.146241
9621	0.146400
9631	0.146560
9641	0.146720
9651	0.146721
9661	0.146960
9671	0.146881
9681	0.147361
9691	0.147361
9701	0.147520
9711	0.147680
9721	0.147761
9731	0.148000
9741	0.148001
9751	0.148161
9761	0.148161
9771	0.148480
9781	0.148560
9791	0.148641
9801	0.148721
9811	0.148961
9821	0.148961
9831	0.149201
9841	0.149280
9851	0.149601
9861	0.149601
9871	0.149761
9881	0.149921
9891	0.150080
9901	0.150400
9911	0.150481
9921	0.150560
9931	0.150720
9941	0.151040
9951	0.150881
9961	0.151120
9971	0.151440
9981	0.151521
9991	0.151600
10001	0.151761
10011	0.151841
10021	0.151841
10031	0.152160
10041	0.152320
10051	0.152481
10061	0.152560
10071	0.152560
10081	0.152801
10091	0.152960
10101	0.153360
10111	0.153280
10121	0.153441
10131	0.153521
10141	0.153840
10151	0.153761
10161	0.153921
10171	0.154081
10181	0.154240
10191	0.154400
10201	0.154561
10211	0.154720
10221	0.154961
10231	0.154801
10241	0.154961
10251	0.155280
10261	0.155120
10271	0.155440
10281	0.155521
10291	0.155680
10301	0.156081
10311	0.156000
10321	0.156000
10331	0.156480
10341	0.156641
10351	0.156880
10361	0.156800
10371	0.157040
10381	0.156961
10391	0.157120
10401	0.157440
10411	0.157600
10421	0.157761
10431	0.157840
10441	0.157761
10451	0.158081
10461	0.158081
10471	0.158081
10481	0.158560
10491	0.158560
10501	0.158880
10511	0.158881
10521	0.159041
10531	0.159280
10541	0.159440
10551	0.159521
10561	0.159600
10571	0.159760
10581	0.159841
10591	0.160081
10601	0.160081
10611	0.160881
10621	0.160480
10631	0.160560
10641	0.160801
10651	0.160801
10661	0.161040
10671	0.161121
10681	0.161440
10691	0.161280
10701	0.161600
10711	0.161601
10721	0.161760
10731	0.162080
10741	0.162081
10751	0.162320
10761	0.162720
10771	0.162641
10781	0.162641
10791	0.163040
10801	0.163201
10811	0.163440
10821	0.163201
10831	0.163680
10841	0.163600
10851	0.164000
10861	0.163841
10871	0.164000
10881	0.164240
10891	0.164320
10901	0.164241
10911	0.164481
10921	0.164721
10931	0.164801
10941	0.164880
10951	0.165121
10961	0.165201
10971	0.165280
10981	0.165440
10991	0.165601
11001	0.165921
11011	0.165921
11021	0.166000
11031	0.166081
11041	0.166401
11051	0.166321
11061	0.166560
11071	0.166561
11081	0.166801
11091	0.166881
11101	0.167041
11111	0.167200
11121	0.167201
11131	0.167601
11141	0.167680
11151	0.167761
11161	0.168000
11171	0.168001
11181	0.168480
11191	0.168560
11201	0.168641
11211	0.168641
11221	0.169040
11231	0.169121
11241	0.169041
11251	0.169121
11261	0.169441
11271	0.169760
11281	0.169681
11291	0.169840
11301	0.169921
11311	0.170081
11321	0.170241
11331	0.170401
11341	0.170401
11351	0.170641
11361	0.170720
11371	0.170881
11381	0.171201
11391	0.171200
11401	0.171361
11411	0.171521
11421	0.171521
11431	0.171681
11441	0.171760
11451	0.172001
11461	0.172001
11471	0.172320
11481	0.172561
11491	0.172640
11501	0.172720
11511	0.172801
11521	0.172801
11531	0.173120
11541	0.173121
11551	0.173281
11561	0.173281
11571	0.173601
11581	0.173761
11591	0.173841
11601	0.173921
11611	0.174401
11621	0.174401
11631	0.174640
11641	0.174881
11651	0.174961
11661	0.175041
11671	0.175121
11681	0.175201
11691	0.175440
11701	0.175521
11711	0.175681
11721	0.175760
11731	0.175921
11741	0.176001
11751	0.176160
11761	0.176321
11771	0.176480
11781	0.176561
11791	0.176721
11801	0.176960
11811	0.177041
11821	0.177121
11831	0.177360
11841	0.177440
11851	0.177601
11861	0.177601
11871	0.177681
11881	0.177920
11891	0.178080
11901	0.178241
11911	0.178320
11921	0.178480
11931	0.178561
11941	0.178881
11951	0.178721
11961	0.178961
11971	0.179200
11981	0.179361
11991	0.179441
12001	0.179681
12011	0.179681
12021	0.179920
12031	0.180001
12041	0.180320
12051	0.180561
12061	0.180640
12071	0.180800
12081	0.180801
12091	0.180961
12101	0.181121
12111	0.181281
12121	0.181281
12131	0.182240
12141	0.181760
12151	0.181760
12161	0.181841
12171	0.182001
12181	0.182240
12191	0.182401
12201	0.182480
12211	0.182641
12221	0.182721
12231	0.182880
12241	0.183200
12251	0.183200
12261	0.183200
12271	0.183361
12281	0.183680
12291	0.183760
12301	0.183840
12311	0.183920
12321	0.184081
12331	0.184241
12341	0.184321
12351	0.184480
12361	0.184561
12371	0.184800
12381	0.184960
12391	0.184960
12401	0.185120
12411	0.185441
12421	0.185520
12431	0.185441
12441	0.185761
12451	0.185920
12461	0.186321
12471	0.186401
12481	0.186640
12491	0.186640
12501	0.186721
12511	0.186881
12521	0.187040
12531	0.187360
12541	0.187360
12551	0.187520
12561	0.187601
12571	0.187681
12581	0.187841
12591	0.188001
12601	0.188161
12611	0.188561
12621	0.188481
12631	0.188561
12641	0.188722
12651	0.188801
12661	0.189121
12671	0.188961
12681	0.189121
12691	0.189282
12701	0.189600
12711	0.189682
12721	0.189840
12731	0.190001
12741	0.190082
12751	0.190161
12761	0.190321
12771	0.190480
12781	0.190721
12791	0.190721
12801	0.190960
12811	0.191120
12821	0.191041
12831	0.191282
12841	0.191360
12851	0.191601
12861	0.191760
12871	0.192001
12881	0.192000
12891	0.192321
12901	0.192481
12911	0.192481
12921	0.192561
12931	0.192960
12941	0.192801
12951	0.193120
12961	0.193121
12971	0.193281
12981	0.193441
12991	0.193600
13001	0.193761
13011	0.193921
13021	0.193921
13031	0.194161
13041	0.194240
13051	0.194800
13061	0.194641
13071	0.194561
13081	0.194721
13091	0.194881
13101	0.195041
13111	0.195361
13121	0.195361
13131	0.195361
13141	0.195680
13151	0.195681
13161	0.195840
13171	0.195841
13181	0.196082
13191	0.196242
13201	0.196240
13211	0.196640
13221	0.196641
13231	0.196641
13241	0.196960
13251	0.197041
13261	0.197281
13271	0.197281
13281	0.197281
13291	0.197600
13301	0.197761
13311	0.197921
13321	0.198161
13331	0.198321
13341	0.198401
13351	0.198640
13361	0.198721
13371	0.198881
13381	0.199041
13391	0.199201
13401	0.199360
13411	0.199521
13421	0.199520
13431	0.199680
13441	0.199841
13451	0.199922
13461	0.200161
13471	0.200481
13481	0.200321
13491	0.200481
13501	0.200641
13511	0.200722
13521	0.200960
13531	0.201120
13541	0.201280
13551	0.201280
13561	0.201441
13571	0.201601
13581	0.201680
13591	0.201842
13601	0.201921
13611	0.202080
13621	0.202241
13631	0.202240
13641	0.202321
13651	0.202400
13661	0.202561
13671	0.202560
13681	0.202801
13691	0.202960
13701	0.203041
13711	0.202641
13721	0.203120
13731	0.203520
13741	0.203760
13751	0.203921
13761	0.204000
13771	0.204161
13781	0.204321
13791	0.204401
13801	0.203842
13811	0.204881
13821	0.204961
13831	0.204881
13841	0.204960
13851	0.205440
13861	0.205441
13871	0.205441
13881	0.205601
13891	0.205841
13901	0.205840
13911	0.206081
13921	0.206080
13931	0.206321
13941	0.206400
13951	0.206720
13961	0.206800
13971	0.206960
13981	0.207120
13991	0.206960
14001	0.207281
14011	0.207361
14021	0.207441
14031	0.207440
14041	0.207681
14051	0.207840
14061	0.208001
14071	0.208321
14081	0.208241
14091	0.208321
14101	0.208721
14111	0.208641
14121	0.208801
14131	0.208961
14141	0.209121
14151	0.209361
14161	0.209441
14171	0.209680
14181	0.209921
14191	0.210081
14201	0.210080
14211	0.210401
14221	0.210321
14231	0.210481
14241	0.210801
14251	0.210881
14261	0.211120
14271	0.211041
14281	0.211280
14291	0.211601
14301	0.211520
14311	0.211681
14321	0.211681
14331	0.212321
14341	0.212001
14351	0.212320
14361	0.212160
14371	0.212561
14381	0.212560
14391	0.212801
14401	0.212881
14411	0.213120
14421	0.213041
14431	0.213280
14441	0.213281
14451	0.213761
14461	0.213761
14471	0.213840
14481	0.213761
14491	0.214241
14501	0.214241
14511	0.214161
14521	0.214321
14531	0.214640
14541	0.214880
14551	0.214721
14561	0.215040
14571	0.215201
14581	0.215361
14591	0.215441
14601	0.215601
14611	0.216001
14621	0.216081
14631	0.216081
14641	0.216241
14651	0.216481
14661	0.216641
14671	0.216641
14681	0.216801
14691	0.217041
14701	0.217121
14711	0.217280
14721	0.217521
14731	0.217441
14741	0.217761
14751	0.217761
14761	0.217761
14771	0.218081
14781	0.218241
14791	0.218160
14801	0.218560
14811	0.218641
14821	0.218720
14831	0.218881
14841	0.218961
14851	0.219041
14861	0.219201
14871	0.219280
14881	0.219521
14891	0.219761
14901	0.220080
14911	0.220001
14921	0.220081
14931	0.220320
14941	0.220481
14951	0.220480
14961	0.220801
14971	0.221041
14981	0.220801
14991	0.220961
15001	0.221201
15011	0.221441
15021	0.221601
15031	0.221761
15041	0.221921
15051	0.222161
15061	0.222241
15071	0.222480
15081	0.222481
15091	0.222721
15101	0.222881
15111	0.222721
15121	0.223041
15131	0.223201
15141	0.223361
15151	0.223361
15161	0.223520
15171	0.223761
15181	0.223841
15191	0.224000
15201	0.224081
15211	0.224160
15221	0.224401
15231	0.224641
15241	0.224641
15251	0.224721
15261	0.224961
15271	0.224961
15281	0.225040
15291	0.225281
15301	0.225361
15311	0.225440
15321	0.225601
15331	0.225841
15341	0.225921
15351	0.226081
15361	0.226241
15371	0.226401
15381	0.226401
15391	0.226560
15401	0.226560
15411	0.226880
15421	0.227041
15431	0.227201
15441	0.227361
15451	0.227760
15461	0.227841
15471	0.227920
15481	0.228001
15491	0.228161
15501	0.228241
15511	0.228560
15521	0.228481
15531	0.228721
15541	0.228961
15551	0.228961
15561	0.228961
15571	0.229361
15581	0.229282
15591	0.229361
15601	0.229760
15611	0.229841
15621	0.230001
15631	0.229921
15641	0.230000
15651	0.230241
15661	0.230400
15671	0.230401
15681	0.230640
15691	0.230722
15701	0.230961
15711	0.230881
15721	0.231041
15731	0.231201
15741	0.231521
15751	0.231601
15761	0.231681
15771	0.232001
15781	0.232001
15791	0.232081
15801	0.232241
15811	0.232481
15821	0.232561
15831	0.232801
15841	0.232801
15851	0.233121
15861	0.233281
15871	0.233281
15881	0.233441
15891	0.233761
15901	0.233761
15911	0.233681
15921	0.234080
15931	0.234241
15941	0.234241
15951	0.234401
15961	0.234561
15971	0.234721
15981	0.234801
15991	0.234961
16001	0.235041
16011	0.235202
16021	0.235361
16031	0.235440
16041	0.235680
16051	0.235841
16061	0.236001
16071	0.236001
16081	0.236161
16091	0.236321
16101	0.236481
16111	0.236641
16121	0.236801
16131	0.236961
16141	0.237121
16151	0.237121
16161	0.237281
16171	0.237521
16181	0.237601
16191	0.237761
16201	0.237761
16211	0.238081
16221	0.238081
16231	0.238241
16241	0.238480
16251	0.238561
16261	0.238721
16271	0.238721
16281	0.238961
16291	0.239281
16301	0.239361
16311	0.239521
16321	0.239521
16331	0.239681
16341	0.239841
16351	0.239921
16361	0.240081
16371	0.240321
16381	0.240481
16391	0.240481
16401	0.240641
16411	0.240801
16421	0.240961
16431	0.241121
16441	0.241281
16451	0.241281
16461	0.241440
16471	0.241441
16481	0.241761
16491	0.241921
16501	0.242081
16511	0.242241
16521	0.242241
16531	0.242561
16541	0.242721
16551	0.242721
16561	0.242881
16571	0.243121
16581	0.243121
16591	0.243361
16601	0.243361
16611	0.243681
16621	0.243681
16631	0.243840
16641	0.244001
16651	0.244242
16661	0.244321
16671	0.244481
16681	0.245041
16691	0.244801
16701	0.244801
16711	0.244881
16721	0.245040
16731	0.245281
16741	0.245441
16751	0.245601
16761	0.245761
16771	0.245921
16781	0.245921
16791	0.245921
16801	0.246240
16811	0.246401
16821	0.246640
16831	0.246641
16841	0.246881
16851	0.246881
16861	0.247200
16871	0.247201
16881	0.247361
16891	0.247681
16901	0.247681
16911	0.247681
16921	0.247841
16931	0.248081
16941	0.248241
16951	0.248241
16961	0.248401
16971	0.248801
16981	0.248881
16991	0.248801
17001	0.248801
17011	0.249121
17021	0.249281
17031	0.249441
17041	0.249521
17051	0.249761
17061	0.250081
17071	0.250081
17081	0.250161
17091	0.250240
17101	0.250560
17111	0.250560
17121	0.250721
17131	0.250881
17141	0.251041
17151	0.251121
17161	0.251361
17171	0.251521
17181	0.251681
17191	0.251681
17201	0.251681
17211	0.252001
17221	0.252241
17231	0.252321
17241	0.252321
17251	0.252481
17261	0.252801
17271	0.252961
17281	0.253041
17291	0.253121
17301	0.253200
17311	0.253441
17321	0.253521
17331	0.253761
17341	0.253761
17351	0.253760
17361	0.254080
17371	0.254240
17381	0.254401
17391	0.254881
17401	0.254721
17411	0.254800
17421	0.255041
17431	0.255041
17441	0.255361
17451	0.255441
17461	0.255681
17471	0.255841
17481	0.255921
17491	0.255921
17501	0.256081
17511	0.256161
17521	0.256321
17531	0.256560
17541	0.256641
17551	0.256881
17561	0.256961
17571	0.257121
17581	0.257440
17591	0.257281
17601	0.257361
17611	0.257681
17621	0.257761
17631	0.257761
17641	0.257921
17651	0.258241
17661	0.258241
17671	0.258161
17681	0.258560
17691	0.258641
17701	0.258801
17711	0.258961
17721	0.259041
17731	0.258321
17741	0.259441
17751	0.259361
17761	0.258801
17771	0.259201
17781	0.259841
17791	0.260081
17801	0.259601
17811	0.260321
17821	0.260481
17831	0.260401
17841	0.260401
17851	0.260641
17861	0.261041
17871	0.260561
17881	0.260321
17891	0.261281
17901	0.261441
17911	0.261521
17921	0.261201
17931	0.261841
17941	0.262001
17951	0.262161
17961	0.262241
17971	0.262561
17981	0.262640
17991	0.262721
18001	0.262881
18011	0.263201
18021	0.263201
18031	0.263441
18041	0.263521
18051	0.263521
18061	0.263841
18071	0.263841
18081	0.264161
18091	0.264321
18101	0.264400
18111	0.264401
18121	0.264641
18131	0.264800
18141	0.264880
18151	0.265200
18161	0.265201
18171	0.265441
18181	0.265361
18191	0.265361
18201	0.266401
18211	0.266401
18221	0.266721
18231	0.266721
18241	0.266881
18251	0.267121
18261	0.267201
18271	0.267281
18281	0.267361
18291	0.267521
18301	0.267841
18311	0.267841
18321	0.268001
18331	0.268161
18341	0.268401
18351	0.268321
18361	0.268401
18371	0.268641
18381	0.268881
18391	0.268961
18401	0.268961
18411	0.269281
18421	0.269361
18431	0.269680
18441	0.269761
18451	0.269761
18461	0.269921
18471	0.270001
18481	0.270081
18491	0.270241
18501	0.270561
18511	0.270721
18521	0.270801
18531	0.271041
18541	0.271201
18551	0.271281
18561	0.271441
18571	0.271521
18581	0.271521
18591	0.271681
18601	0.271921
18611	0.272321
18621	0.272321
18631	0.272241
18641	0.272561
18651	0.272881
18661	0.272880
18671	0.273041
18681	0.272961
18691	0.273440
18701	0.273281
18711	0.273441
18721	0.273601
18731	0.273761
18741	0.273921
18751	0.274081
18761	0.274080
18771	0.274481
18781	0.274561
18791	0.274481
18801	0.274721
18811	0.274881
18821	0.274881
18831	0.275121
18841	0.275281
18851	0.275601
18861	0.275680
18871	0.275921
18881	0.275761
18891	0.276161
18901	0.276240
18911	0.276241
18921	0.276481
18931	0.276561
18941	0.276961
18951	0.276961
18961	0.276961
18971	0.277281
18981	0.277441
18991	0.277441
19001	0.277441
19011	0.277761
19021	0.277761
19031	0.277921
19041	0.278081
19051	0.278161
19061	0.278401
19071	0.278561
19081	0.278481
19091	0.278881
19101	0.279201
19111	0.278881
19121	0.279121
19131	0.279361
19141	0.279441
19151	0.279601
19161	0.279761
19171	0.280081
19181	0.280081
19191	0.280081
19201	0.280321
19211	0.280481
19221	0.280641
19231	0.280721
19241	0.280721
19251	0.281041
19261	0.281121
19271	0.281281
19281	0.281281
19291	0.281601
19301	0.281601
19311	0.281761
19321	0.282081
19331	0.282161
19341	0.282401
19351	0.282401
19361	0.282561
19371	0.282801
19381	0.282801
19391	0.282881
19401	0.283041
19411	0.283361
19421	0.283441
19431	0.283361
19441	0.283761
19451	0.283921
19461	0.284081
19471	0.284001
19481	0.284161
19491	0.284481
19501	0.284641
19511	0.284721
19521	0.284801
19531	0.284961
19541	0.285121
19551	0.285121
19561	0.285441
19571	0.285441
19581	0.285681
19591	0.285681
19601	0.286001
19611	0.286081
19621	0.285921
19631	0.286241
19641	0.286401
19651	0.286561
19661	0.286960
19671	0.286881
19681	0.287042
19691	0.287121
19701	0.287361
19711	0.287361
19721	0.287201
19731	0.287201
19741	0.287361
19751	0.287601
19761	0.287921
19771	0.287921
19781	0.287841
19791	0.288001
19801	0.288081
19811	0.288321
19821	0.288481
19831	0.288640
19841	0.288801
19851	0.288801
19861	0.289121
19871	0.289361
19881	0.289361
19891	0.289441
19901	0.289841
19911	0.289761
19921	0.289681
19931	0.289921
19941	0.290241
19951	0.290241
19961	0.290481
19971	0.290481
19981	0.290720
19991	0.290961
