Num_Matrices	Median_Transfer_Time_ms
1	0.031232
11	0.017936
21	0.023536
31	0.020496
41	0.022528
51	0.024064
61	0.025632
71	0.020992
81	0.018416
91	0.017424
101	0.018432
111	0.018448
121	0.018432
131	0.018960
141	0.019456
151	0.019472
161	0.019984
171	0.021504
181	0.026096
191	0.022032
201	0.023024
211	0.023024
221	0.026128
231	0.023568
241	0.023056
251	0.024080
261	0.023552
271	0.024048
281	0.024560
291	0.028176
301	0.025616
311	0.025584
321	0.027136
331	0.026656
341	0.027136
351	0.027664
361	0.027136
371	0.027664
381	0.027680
391	0.028176
401	0.036320
411	0.029680
421	0.030704
431	0.029712
441	0.030736
451	0.030224
461	0.030736
471	0.030736
481	0.031232
491	0.031248
501	0.032256
511	0.033296
521	0.032784
531	0.032768
541	0.033264
551	0.033824
561	0.033760
571	0.034784
581	0.034816
591	0.035840
601	0.034832
611	0.035312
621	0.034816
631	0.035840
641	0.036368
651	0.036864
661	0.036864
671	0.038400
681	0.037904
691	0.037888
701	0.037888
711	0.038896
721	0.038912
731	0.039424
741	0.039952
751	0.039936
761	0.039952
771	0.039968
781	0.040960
791	0.040928
801	0.041456
811	0.041472
821	0.042000
831	0.043008
841	0.041984
851	0.043040
861	0.043008
871	0.043536
881	0.044544
891	0.044560
901	0.044544
911	0.046048
921	0.045056
931	0.045072
941	0.046080
951	0.049136
961	0.046608
971	0.047072
981	0.047120
991	0.048128
1001	0.047104
1011	0.048128
1021	0.049136
1031	0.048640
1041	0.049152
1051	0.049152
1061	0.050176
1071	0.050704
1081	0.050688
1091	0.051200
1101	0.052224
1111	0.052240
1121	0.052768
1131	0.052752
1141	0.053248
1151	0.053248
1161	0.054800
1171	0.054272
1181	0.054272
1191	0.054304
1201	0.054304
1211	0.055280
1221	0.055328
1231	0.056832
1241	0.057344
1251	0.056832
1261	0.058384
1271	0.057856
1281	0.057872
1291	0.058368
1301	0.059888
1311	0.058912
1321	0.058384
1331	0.058896
1341	0.059888
1351	0.059888
1361	0.060416
1371	0.059904
1381	0.061424
1391	0.061456
1401	0.061440
1411	0.061456
1421	0.062448
1431	0.062480
1441	0.062480
1451	0.062496
1461	0.062992
1471	0.065024
1481	0.064016
1491	0.063504
1501	0.065024
1511	0.065056
1521	0.065536
1531	0.066560
1541	0.066560
1551	0.066560
1561	0.066560
1571	0.067072
1581	0.069616
1591	0.069616
1601	0.068592
1611	0.068112
1621	0.068608
1631	0.070128
1641	0.070160
1651	0.069632
1661	0.079360
1671	0.071184
1681	0.070656
1691	0.070656
1701	0.071680
1711	0.072192
1721	0.071680
1731	0.072208
1741	0.074224
1751	0.073232
1761	0.072720
1771	0.073760
1781	0.073744
1791	0.074736
1801	0.074768
1811	0.075744
1821	0.076304
1831	0.077296
1841	0.077824
1851	0.077312
1861	0.078848
1871	0.082416
1881	0.077824
1891	0.077856
1901	0.077856
1911	0.078816
1921	0.079344
1931	0.079376
1941	0.086016
1951	0.080864
1961	0.080896
1971	0.080352
1981	0.080880
1991	0.080912
2001	0.081904
2011	0.081408
2021	0.081920
2031	0.086016
2041	0.082416
2051	0.082944
2061	0.082944
2071	0.083472
2081	0.083968
2091	0.083968
2101	0.084512
2111	0.086512
2121	0.084976
2131	0.086032
2141	0.086000
2151	0.087536
2161	0.086016
2171	0.087040
2181	0.087552
2191	0.088560
2201	0.088576
2211	0.089088
2221	0.088576
2231	0.090112
2241	0.089120
2251	0.090128
2261	0.090624
2271	0.090656
2281	0.090128
2291	0.090640
2301	0.092160
2311	0.092176
2321	0.092688
2331	0.092688
2341	0.092672
2351	0.093200
2361	0.093184
2371	0.093200
2381	0.094720
2391	0.094736
2401	0.095232
2411	0.095232
2421	0.095728
2431	0.096256
2441	0.096256
2451	0.096272
2461	0.096768
2471	0.098304
2481	0.097296
2491	0.097248
2501	0.098288
2511	0.098288
2521	0.098816
2531	0.098832
2541	0.099840
2551	0.100352
2561	0.100336
2571	0.100336
2581	0.100384
2591	0.101344
2601	0.101360
2611	0.100848
2621	0.101888
2631	0.102400
2641	0.102400
2651	0.102928
2661	0.102896
2671	0.103920
2681	0.103456
2691	0.107008
2701	0.105472
2711	0.105440
2721	0.105472
2731	0.105984
2741	0.106000
2751	0.106480
2761	0.109584
2771	0.107504
2781	0.106512
2791	0.108032
2801	0.107536
2811	0.107552
2821	0.108512
2831	0.108544
2841	0.109056
2851	0.109536
2861	0.109568
2871	0.109584
2881	0.109600
2891	0.110080
2901	0.112128
2911	0.112128
2921	0.111648
2931	0.112624
2941	0.112144
2951	0.113648
2961	0.113136
2971	0.113664
2981	0.121856
2991	0.114192
3001	0.113680
3011	0.114192
3021	0.114704
3031	0.115216
3041	0.114704
3051	0.115200
3061	0.116736
3071	0.116736
3081	0.116240
3091	0.116736
3101	0.116736
3111	0.117792
3121	0.117760
3131	0.117760
3141	0.119312
3151	0.119312
3161	0.119824
3171	0.118800
3181	0.119808
3191	0.120800
3201	0.120832
3211	0.120320
3221	0.120832
3231	0.121856
3241	0.122352
3251	0.122864
3261	0.122896
3271	0.122896
3281	0.122880
3291	0.122880
3301	0.124400
3311	0.124928
3321	0.124928
3331	0.124416
3341	0.124960
3351	0.125968
3361	0.124960
3371	0.125952
3381	0.125984
3391	0.127008
3401	0.126960
3411	0.127008
3421	0.132080
3431	0.127984
3441	0.128496
3451	0.129008
3461	0.128528
3471	0.130048
3481	0.130048
3491	0.131072
3501	0.136720
3511	0.131600
3521	0.130080
3531	0.131088
3541	0.132096
3551	0.132096
3561	0.132112
3571	0.132624
3581	0.133152
3591	0.134128
3601	0.133152
3611	0.134144
3621	0.134656
3631	0.134160
3641	0.134656
3651	0.135168
3661	0.135680
3671	0.136224
3681	0.136176
3691	0.136192
3701	0.137216
3711	0.137232
3721	0.138224
3731	0.137216
3741	0.138256
3751	0.138256
3761	0.138752
3771	0.139264
3781	0.140800
3791	0.140304
3801	0.140304
3811	0.140816
3821	0.140800
3831	0.141344
3841	0.141328
3851	0.141344
3861	0.141808
3871	0.142320
3881	0.142352
3891	0.143328
3901	0.143344
3911	0.143872
3921	0.144368
3931	0.144352
3941	0.144912
3951	0.145392
3961	0.145392
3971	0.145920
3981	0.145424
3991	0.146400
4001	0.146432
4011	0.146448
4021	0.147488
4031	0.147472
4041	0.147952
4051	0.148448
4061	0.148512
4071	0.148512
4081	0.148480
4091	0.148976
4101	0.149536
4111	0.150560
4121	0.150528
4131	0.150560
4141	0.151536
4151	0.155664
4161	0.152064
4171	0.151568
4181	0.152576
4191	0.153088
4201	0.152608
4211	0.152608
4221	0.154128
4231	0.156704
4241	0.154608
4251	0.154624
4261	0.155136
4271	0.156656
4281	0.155136
4291	0.156176
4301	0.156160
4311	0.156672
4321	0.156688
4331	0.157712
4341	0.157712
4351	0.158720
4361	0.158704
4371	0.159248
4381	0.159216
4391	0.159232
4401	0.158736
4411	0.159776
4421	0.160256
4431	0.160768
4441	0.160784
4451	0.161792
4461	0.162304
4471	0.162304
4481	0.162320
4491	0.162304
4501	0.162832
4511	0.163312
4521	0.163840
4531	0.165360
4541	0.163856
4551	0.163872
4561	0.164848
4571	0.164864
4581	0.164880
4591	0.165920
4601	0.165888
4611	0.166400
4621	0.166400
4631	0.167920
4641	0.167408
4651	0.167936
4661	0.167920
4671	0.168944
4681	0.168448
4691	0.168928
4701	0.168992
4711	0.168992
4721	0.169488
4731	0.170528
4741	0.171008
4751	0.171520
4761	0.171536
4771	0.172032
4781	0.172000
4791	0.173040
4801	0.172048
4811	0.173040
4821	0.173056
4831	0.174592
4841	0.174064
4851	0.174064
4861	0.174080
4871	0.174096
4881	0.175104
4891	0.175104
4901	0.175600
4911	0.176640
4921	0.177152
4931	0.176640
4941	0.177152
4951	0.178192
4961	0.181760
4971	0.178176
4981	0.178208
4991	0.179200
5001	0.179168
5011	0.179232
5021	0.180208
5031	0.180736
5041	0.180240
5051	0.180240
5061	0.180224
5071	0.181760
5081	0.181264
5091	0.181776
5101	0.182272
5111	0.182272
5121	0.182288
5131	0.183296
5141	0.183328
5151	0.184304
5161	0.184304
5171	0.184320
5181	0.184320
5191	0.185856
5201	0.184832
5211	0.185856
5221	0.187392
5231	0.186400
5241	0.186864
5251	0.187888
5261	0.187424
5271	0.187408
5281	0.188400
5291	0.188416
5301	0.189408
5311	0.190464
5321	0.189440
5331	0.190464
5341	0.189440
5351	0.190464
5361	0.190496
5371	0.190976
5381	0.192000
5391	0.191488
5401	0.191504
5411	0.192512
5421	0.192480
5431	0.193040
5441	0.193504
5451	0.193552
5461	0.194560
5471	0.194560
5481	0.194576
5491	0.194576
5501	0.195072
5511	0.195088
5521	0.195584
5531	0.195616
5541	0.196608
5551	0.196640
5561	0.197648
5571	0.197616
5581	0.198144
5591	0.198128
5601	0.197632
5611	0.198672
5621	0.199168
5631	0.199648
5641	0.200176
5651	0.199680
5661	0.200704
5671	0.200704
5681	0.200704
5691	0.206352
5701	0.201728
5711	0.202736
5721	0.202736
5731	0.202720
5741	0.203280
5751	0.203264
5761	0.203776
5771	0.203760
5781	0.203776
5791	0.204784
5801	0.205824
5811	0.205328
5821	0.205856
5831	0.205824
5841	0.206352
5851	0.206832
5861	0.206848
5871	0.207360
5881	0.207856
5891	0.207888
5901	0.207872
5911	0.208896
5921	0.208896
5931	0.208896
5941	0.208896
5951	0.210416
5961	0.209888
5971	0.209952
5981	0.212976
5991	0.211456
6001	0.210976
6011	0.211936
6021	0.213008
6031	0.215024
6041	0.213008
6051	0.212976
6061	0.212992
6071	0.214016
6081	0.213504
6091	0.214016
6101	0.214528
6111	0.215056
6121	0.216048
6131	0.215056
6141	0.216096
6151	0.216064
6161	0.217600
6171	0.217088
6181	0.217120
6191	0.217584
6201	0.218080
6211	0.218096
6221	0.218608
6231	0.219120
6241	0.218624
6251	0.219136
6261	0.220160
6271	0.220672
6281	0.220160
6291	0.221168
6301	0.221184
6311	0.221712
6321	0.222704
6331	0.222208
6341	0.222720
6351	0.223248
6361	0.223232
6371	0.223264
6381	0.224256
6391	0.224272
6401	0.226288
6411	0.225280
6421	0.228336
6431	0.225808
6441	0.225280
6451	0.225808
6461	0.225792
6471	0.226816
6481	0.227328
6491	0.226816
6501	0.227344
6511	0.228368
6521	0.228336
6531	0.228384
6541	0.228352
6551	0.229888
6561	0.229392
6571	0.229408
6581	0.229888
6591	0.230400
6601	0.230432
6611	0.231440
6621	0.231408
6631	0.231424
6641	0.232448
6651	0.232480
6661	0.233488
6671	0.232960
6681	0.233488
6691	0.233488
6701	0.234464
6711	0.237088
6721	0.235520
6731	0.237056
6741	0.236032
6751	0.236560
6761	0.235520
6771	0.236016
6781	0.236576
6791	0.237536
6801	0.238080
6811	0.237568
6821	0.237584
6831	0.238576
6841	0.239088
6851	0.239104
6861	0.240112
6871	0.239632
6881	0.239648
6891	0.240640
6901	0.240656
6911	0.242144
6921	0.241696
6931	0.241664
6941	0.241648
6951	0.241664
6961	0.242656
6971	0.242656
6981	0.243200
6991	0.243728
7001	0.244224
7011	0.243744
7021	0.243744
7031	0.244704
7041	0.244736
7051	0.245792
7061	0.245792
7071	0.246768
7081	0.248832
7091	0.246752
7101	0.247328
7111	0.247808
7121	0.248832
7131	0.248816
7141	0.248864
7151	0.252432
7161	0.249344
7171	0.249872
7181	0.250384
7191	0.250880
7201	0.250400
7211	0.250880
7221	0.251360
7231	0.252416
7241	0.251392
7251	0.251904
7261	0.252416
7271	0.251936
7281	0.252928
7291	0.253456
7301	0.252960
7311	0.253936
7321	0.253952
7331	0.254944
7341	0.254992
7351	0.270848
7361	0.262656
7371	0.258576
7381	0.256000
7391	0.257040
7401	0.256512
7411	0.257520
7421	0.258016
7431	0.257552
7441	0.258064
7451	0.258576
7461	0.259088
7471	0.259584
7481	0.259072
7491	0.260096
7501	0.259584
7511	0.260592
7521	0.261120
7531	0.261120
7541	0.261120
7551	0.262144
7561	0.262144
7571	0.262656
7581	0.263168
7591	0.263168
7601	0.263168
7611	0.263696
7621	0.264208
7631	0.264224
7641	0.265200
7651	0.265200
7661	0.265216
7671	0.266256
7681	0.266240
7691	0.266720
7701	0.266256
7711	0.267296
7721	0.267760
7731	0.267296
7741	0.267280
7751	0.269296
7761	0.269296
7771	0.268800
7781	0.269312
7791	0.270320
7801	0.270304
7811	0.274416
7821	0.270848
7831	0.270368
7841	0.271360
7851	0.272416
7861	0.271872
7871	0.272896
7881	0.277472
7891	0.273408
7901	0.273920
7911	0.273408
7921	0.273408
7931	0.273936
7941	0.274928
7951	0.274432
7961	0.274944
7971	0.275488
7981	0.275456
7991	0.276480
8001	0.275968
8011	0.276464
8021	0.276496
8031	0.277488
8041	0.277536
8051	0.278016
8061	0.278512
8071	0.279552
8081	0.279024
8091	0.279040
8101	0.279568
8111	0.279584
8121	0.279584
8131	0.280576
8141	0.281072
8151	0.281600
8161	0.281616
8171	0.281600
8181	0.282128
8191	0.282640
8201	0.283136
8211	0.283648
8221	0.283616
8231	0.283648
8241	0.283664
8251	0.285184
8261	0.284672
8271	0.284704
8281	0.284672
8291	0.285664
8301	0.285712
8311	0.286720
8321	0.286704
8331	0.287712
8341	0.287232
8351	0.287744
8361	0.287728
8371	0.288256
8381	0.289280
8391	0.288752
8401	0.289280
8411	0.289792
8421	0.289792
8431	0.290784
8441	0.290816
8451	0.290832
8461	0.290832
8471	0.290816
8481	0.291856
8491	0.292864
8501	0.292832
8511	0.293360
8521	0.293888
8531	0.293888
8541	0.294928
8551	0.293920
8561	0.293888
8571	0.293920
8581	0.294896
8591	0.295440
8601	0.295936
8611	0.295920
8621	0.301072
8631	0.297472
8641	0.296960
8651	0.297472
8661	0.297472
8671	0.298496
8681	0.297984
8691	0.298496
8701	0.299008
8711	0.299024
8721	0.301024
8731	0.300016
8741	0.300064
8751	0.301040
8761	0.301024
8771	0.302032
8781	0.301552
8791	0.302560
8801	0.302112
8811	0.303104
8821	0.303088
8831	0.303600
8841	0.304096
8851	0.304128
8861	0.304128
8871	0.305120
8881	0.304624
8891	0.305136
8901	0.306176
8911	0.307200
8921	0.306144
8931	0.306176
8941	0.306688
8951	0.306704
8961	0.307168
8971	0.308192
8981	0.308192
8991	0.308240
9001	0.308736
9011	0.309248
9021	0.309248
9031	0.309792
9041	0.310272
9051	0.310256
9061	0.311280
9071	0.311312
9081	0.311296
9091	0.311312
9101	0.312320
9111	0.312320
9121	0.312848
9131	0.312352
9141	0.313328
9151	0.313344
9161	0.313856
9171	0.314384
9181	0.316416
9191	0.315888
9201	0.315360
9211	0.315392
9221	0.316400
9231	0.316928
9241	0.316416
9251	0.316448
9261	0.316448
9271	0.320496
9281	0.317472
9291	0.317936
9301	0.318992
9311	0.318496
9321	0.319472
9331	0.319488
9341	0.319488
9351	0.320496
9361	0.354288
9371	0.320528
9381	0.321536
9391	0.322528
9401	0.321536
9411	0.322080
9421	0.323088
9431	0.323568
9441	0.322576
9451	0.323584
9461	0.323568
9471	0.324608
9481	0.323600
9491	0.324608
9501	0.324624
9511	0.324608
9521	0.325616
9531	0.325632
9541	0.326624
9551	0.327184
9561	0.327168
9571	0.328176
9581	0.327664
9591	0.327680
9601	0.328208
9611	0.328192
9621	0.328688
9631	0.329744
9641	0.329728
9651	0.330256
9661	0.330752
9671	0.330240
9681	0.330752
9691	0.331264
9701	0.331280
9711	0.331808
9721	0.332272
9731	0.331792
9741	0.332816
9751	0.333328
9761	0.333328
9771	0.333808
9781	0.335376
9791	0.335376
9801	0.334848
9811	0.334816
9821	0.335872
9831	0.336368
9841	0.335872
9851	0.335904
9861	0.336928
9871	0.337920
9881	0.337424
9891	0.338432
9901	0.337904
9911	0.338448
9921	0.338448
9931	0.339440
9941	0.338976
9951	0.340976
9961	0.339984
9971	0.339984
9981	0.340480
9991	0.340992
10001	0.340992
10011	0.342016
10021	0.341504
10031	0.343056
10041	0.343056
10051	0.343072
10061	0.343024
10071	0.344048
10081	0.346112
10091	0.344080
10101	0.344096
10111	0.345088
10121	0.345072
10131	0.346112
10141	0.346608
10151	0.346640
10161	0.346624
10171	0.347136
10181	0.347152
10191	0.347664
10201	0.373744
10211	0.348144
10221	0.348176
10231	0.348656
10241	0.349152
10251	0.349216
10261	0.350176
10271	0.350240
10281	0.350224
10291	0.350208
10301	0.351216
10311	0.351248
10321	0.352224
10331	0.351744
10341	0.352256
10351	0.353248
10361	0.352256
10371	0.353280
10381	0.353776
10391	0.353792
10401	0.354304
10411	0.354320
10421	0.354336
10431	0.355328
10441	0.355328
10451	0.356320
10461	0.356368
10471	0.356352
10481	0.356352
10491	0.357360
10501	0.357888
10511	0.358384
10521	0.358912
10531	0.359424
10541	0.359424
10551	0.359408
10561	0.359936
10571	0.360416
10581	0.360464
10591	0.361984
10601	0.361472
10611	0.362016
10621	0.361984
10631	0.362480
10641	0.363024
10651	0.363024
10661	0.364560
10671	0.363520
10681	0.364048
10691	0.365056
10701	0.365536
10711	0.365568
10721	0.365552
10731	0.366576
10741	0.366592
10751	0.366592
10761	0.367104
10771	0.367104
10781	0.367632
10791	0.367616
10801	0.368112
10811	0.373776
10821	0.368672
10831	0.368640
10841	0.369152
10851	0.369152
10861	0.370192
10871	0.370176
10881	0.370704
10891	0.370688
10901	0.371712
10911	0.371712
10921	0.371696
10931	0.372224
10941	0.373232
10951	0.373760
10961	0.372768
10971	0.373248
10981	0.373792
10991	0.374272
11001	0.374800
11011	0.374800
11021	0.375296
11031	0.378352
11041	0.376832
11051	0.375840
11061	0.376832
11071	0.377360
11081	0.377360
11091	0.377824
11101	0.377856
11111	0.377872
11121	0.378352
11131	0.378880
11141	0.379408
11151	0.380416
11161	0.379920
11171	0.379392
11181	0.379904
11191	0.380960
11201	0.381440
11211	0.381936
11221	0.381968
11231	0.382960
11241	0.382992
11251	0.382976
11261	0.382992
11271	0.384000
11281	0.383984
11291	0.384512
11301	0.384496
11311	0.385024
11321	0.384016
11331	0.385024
11341	0.386016
11351	0.385568
11361	0.386016
11371	0.387056
11381	0.387584
11391	0.387088
11401	0.388064
11411	0.387104
11421	0.388112
11431	0.388096
11441	0.388096
11451	0.389136
11461	0.390144
11471	0.390160
11481	0.390160
11491	0.390688
11501	0.391200
11511	0.391168
11521	0.391168
11531	0.391680
11541	0.395232
11551	0.392720
11561	0.392704
11571	0.392720
11581	0.393728
11591	0.394240
11601	0.395248
11611	0.394272
11621	0.395248
11631	0.395296
11641	0.395776
11651	0.395776
11661	0.396288
11671	0.395296
11681	0.397296
11691	0.397808
11701	0.397312
11711	0.398320
11721	0.397312
11731	0.398320
11741	0.398320
11751	0.398848
11761	0.399360
11771	0.399392
11781	0.400384
11791	0.400368
11801	0.400896
11811	0.400416
11821	0.401424
11831	0.406016
11841	0.402432
11851	0.402448
11861	0.402432
11871	0.403456
11881	0.403456
11891	0.404480
11901	0.404992
11911	0.403456
11921	0.404448
11931	0.404496
11941	0.405504
11951	0.405504
11961	0.405504
11971	0.405536
11981	0.406560
11991	0.407056
12001	0.407552
12011	0.407552
12021	0.408048
12031	0.408064
12041	0.409088
12051	0.409072
12061	0.409104
12071	0.409600
12081	0.409584
12091	0.409632
12101	0.410112
12111	0.411120
12121	0.411648
12131	0.411664
12141	0.411664
12151	0.411664
12161	0.412688
12171	0.412688
12181	0.412688
12191	0.413696
12201	0.414208
12211	0.413696
12221	0.414192
12231	0.413728
12241	0.415728
12251	0.415744
12261	0.415728
12271	0.419824
12281	0.416752
12291	0.416784
12301	0.417824
12311	0.416768
12321	0.416768
12331	0.417792
12341	0.417776
12351	0.418320
12361	0.418816
12371	0.418848
12381	0.418832
12391	0.419840
12401	0.420336
12411	0.419840
12421	0.420880
12431	0.421392
12441	0.421376
12451	0.421360
12461	0.421904
12471	0.422912
12481	0.422912
12491	0.423424
12501	0.422928
12511	0.424416
12521	0.422944
12531	0.423952
12541	0.424960
12551	0.424944
12561	0.424976
12571	0.425984
12581	0.425968
12591	0.425984
12601	0.426496
12611	0.426976
12621	0.427008
12631	0.427008
12641	0.427008
12651	0.428032
12661	0.429024
12671	0.428560
12681	0.429072
12691	0.430048
12701	0.430080
12711	0.430064
12721	0.431104
12731	0.431088
12741	0.431088
12751	0.431088
12761	0.432112
12771	0.432144
12781	0.432144
12791	0.433136
12801	0.433184
12811	0.433152
12821	0.434176
12831	0.434160
12841	0.434704
12851	0.434160
12861	0.434704
12871	0.435216
12881	0.435728
12891	0.435728
12901	0.436256
12911	0.437232
12921	0.436256
12931	0.441344
12941	0.437216
12951	0.438272
12961	0.438272
12971	0.438768
12981	0.438784
12991	0.439264
13001	0.442384
13011	0.439792
13021	0.440320
13031	0.440304
13041	0.441360
13051	0.445440
13061	0.442384
13071	0.442384
13081	0.442352
13091	0.442384
13101	0.442880
13111	0.442896
13121	0.443904
13131	0.443392
13141	0.445440
13151	0.444944
13161	0.444416
13171	0.445440
13181	0.445408
13191	0.445456
13201	0.445968
13211	0.446448
13221	0.446976
13231	0.447456
13241	0.447488
13251	0.446992
13261	0.449520
13271	0.449040
13281	0.448512
13291	0.448512
13301	0.450544
13311	0.449504
13321	0.450048
13331	0.450576
13341	0.450576
13351	0.450592
13361	0.451088
13371	0.452128
13381	0.451616
13391	0.452608
13401	0.453104
13411	0.454160
13421	0.454672
13431	0.453632
13441	0.454144
13451	0.454144
13461	0.454624
13471	0.455168
13481	0.455696
13491	0.455152
13501	0.455712
13511	0.456736
13521	0.457216
13531	0.456736
13541	0.457744
13551	0.458240
13561	0.457728
13571	0.457760
13581	0.458736
13591	0.458720
13601	0.458752
13611	0.459760
13621	0.460304
13631	0.461312
13641	0.460800
13651	0.460768
13661	0.464864
13671	0.461824
13681	0.461792
13691	0.462352
13701	0.461840
13711	0.462848
13721	0.463360
13731	0.463376
13741	0.467984
13751	0.463888
13761	0.463904
13771	0.464912
13781	0.464912
13791	0.466400
13801	0.466432
13811	0.465936
13821	0.465904
13831	0.465952
13841	0.467456
13851	0.466960
13861	0.467968
13871	0.468496
13881	0.468480
13891	0.468480
13901	0.468464
13911	0.469024
13921	0.470016
13931	0.470016
13941	0.470016
13951	0.470528
13961	0.471568
13971	0.471040
13981	0.471552
13991	0.471568
14001	0.472048
14011	0.472080
14021	0.473056
14031	0.473056
14041	0.474096
14051	0.473584
14061	0.474624
14071	0.474112
14081	0.474608
14091	0.474624
14101	0.475664
14111	0.476672
14121	0.476176
14131	0.476688
14141	0.478208
14151	0.477152
14161	0.477184
14171	0.478208
14181	0.478720
14191	0.478208
14201	0.479216
14211	0.478736
14221	0.479728
14231	0.480240
14241	0.480768
14251	0.480768
14261	0.480272
14271	0.481264
14281	0.481280
14291	0.481280
14301	0.482272
14311	0.481792
14321	0.482304
14331	0.482816
14341	0.483296
14351	0.483328
14361	0.483360
14371	0.484352
14381	0.484352
14391	0.486384
14401	0.484864
14411	0.485344
14421	0.486400
14431	0.486384
14441	0.486416
14451	0.502272
14461	0.487456
14471	0.491520
14481	0.488464
14491	0.488432
14501	0.488448
14511	0.488432
14521	0.488992
14531	0.489456
14541	0.491008
14551	0.489488
14561	0.490496
14571	0.490528
14581	0.491520
14591	0.491504
14601	0.491520
14611	0.491520
14621	0.492016
14631	0.492544
14641	0.493056
14651	0.492560
14661	0.493552
14671	0.493584
14681	0.493568
14691	0.494096
14701	0.495584
14711	0.494592
14721	0.495584
14731	0.495616
14741	0.495632
14751	0.496640
14761	0.497152
14771	0.497632
14781	0.497664
14791	0.497680
14801	0.498192
14811	0.498160
14821	0.500224
14831	0.499200
14841	0.500736
14851	0.499680
14861	0.500720
14871	0.499712
14881	0.500736
14891	0.501744
14901	0.502288
14911	0.501776
14921	0.502784
14931	0.501776
14941	0.501792
14951	0.502784
14961	0.503296
14971	0.504800
14981	0.504800
14991	0.504304
15001	0.504816
15011	0.504832
15021	0.505856
15031	0.504832
15041	0.505344
15051	0.505856
15061	0.506384
15071	0.506912
15081	0.509968
15091	0.507904
15101	0.507920
15111	0.508432
15121	0.508928
15131	0.508944
15141	0.508944
15151	0.509952
15161	0.511488
15171	0.510464
15181	0.510960
15191	0.510480
15201	0.516112
15211	0.511984
15221	0.512000
15231	0.512000
15241	0.512000
15251	0.512528
15261	0.513520
15271	0.513040
15281	0.514032
15291	0.513552
15301	0.514576
15311	0.515040
15321	0.515056
15331	0.515088
15341	0.515600
15351	0.516080
15361	0.516096
15371	0.522240
15381	0.517088
15391	0.517088
15401	0.518160
15411	0.518672
15421	0.518160
15431	0.518688
15441	0.518144
15451	0.519168
15461	0.520160
15471	0.519664
15481	0.520192
15491	0.520224
15501	0.521200
15511	0.520192
15521	0.520208
15531	0.522256
15541	0.522752
15551	0.522240
15561	0.522768
15571	0.524256
15581	0.524800
15591	0.524800
15601	0.524288
15611	0.524272
15621	0.526336
15631	0.524816
15641	0.525328
15651	0.525312
15661	0.527344
15671	0.526336
15681	0.526848
15691	0.526336
15701	0.527360
15711	0.529424
15721	0.527888
15731	0.528384
15741	0.529408
15751	0.529392
15761	0.529392
15771	0.529408
15781	0.530448
15791	0.530416
15801	0.530976
15811	0.531456
15821	0.530928
15831	0.531456
15841	0.532480
15851	0.532464
15861	0.533472
15871	0.532992
15881	0.533472
15891	0.535024
15901	0.534528
15911	0.534016
15921	0.534016
15931	0.539136
15941	0.535552
15951	0.535568
15961	0.535552
15971	0.535536
15981	0.536576
15991	0.537600
16001	0.536608
16011	0.537600
16021	0.537616
16031	0.537632
16041	0.538624
16051	0.539104
16061	0.539136
16071	0.539664
16081	0.539120
16091	0.540656
16101	0.540672
16111	0.540672
16121	0.541168
16131	0.541184
16141	0.541728
16151	0.541696
16161	0.542192
16171	0.543248
16181	0.544224
16191	0.544256
16201	0.543760
16211	0.543744
16221	0.544256
16231	0.544752
16241	0.544752
16251	0.545280
16261	0.545296
16271	0.546272
16281	0.546816
16291	0.547312
16301	0.547328
16311	0.547840
16321	0.547808
16331	0.547824
16341	0.547856
16351	0.548864
16361	0.548848
16371	0.548832
16381	0.549392
16391	0.549392
16401	0.549872
16411	0.550880
16421	0.550896
16431	0.550896
16441	0.551936
16451	0.551920
16461	0.551952
16471	0.551440
16481	0.552944
16491	0.552464
16501	0.552992
16511	0.556032
16521	0.554512
16531	0.554496
16541	0.554480
16551	0.553984
16561	0.555024
16571	0.555504
16581	0.556048
16591	0.557088
16601	0.558048
16611	0.557056
16621	0.557040
16631	0.558096
16641	0.558080
16651	0.558080
16661	0.562192
16671	0.558592
16681	0.559088
16691	0.560112
16701	0.559632
16711	0.560128
16721	0.560624
16731	0.561136
16741	0.561152
16751	0.562176
16761	0.561680
16771	0.562160
16781	0.562208
16791	0.562176
16801	0.562208
16811	0.563168
16821	0.563200
16831	0.563200
16841	0.564208
16851	0.564208
16861	0.564224
16871	0.565248
16881	0.565248
16891	0.565776
16901	0.566304
16911	0.566288
16921	0.567296
16931	0.567312
16941	0.567776
16951	0.571376
16961	0.568320
16971	0.568352
16981	0.568848
16991	0.568864
17001	0.569856
17011	0.570352
17021	0.569360
17031	0.570368
17041	0.570400
17051	0.570368
17061	0.571392
17071	0.571888
17081	0.571904
17091	0.572432
17101	0.572416
17111	0.573440
17121	0.573440
17131	0.573424
17141	0.574496
17151	0.574976
17161	0.574976
17171	0.574944
17181	0.575472
17191	0.575504
17201	0.575488
17211	0.575488
17221	0.577008
17231	0.577024
17241	0.577008
17251	0.578048
17261	0.577520
17271	0.578560
17281	0.578528
17291	0.579600
17301	0.579568
17311	0.581120
17321	0.580608
17331	0.580608
17341	0.581616
17351	0.580624
17361	0.581616
17371	0.581648
17381	0.581616
17391	0.585712
17401	0.582624
17411	0.582656
17421	0.582688
17431	0.583680
17441	0.583664
17451	0.583696
17461	0.584688
17471	0.585216
17481	0.584704
17491	0.585216
17501	0.585216
17511	0.585728
17521	0.585728
17531	0.586736
17541	0.587776
17551	0.587760
17561	0.588288
17571	0.587792
17581	0.588768
17591	0.588768
17601	0.588816
17611	0.589296
17621	0.589808
17631	0.589792
17641	0.590832
17651	0.590816
17661	0.591856
17671	0.591840
17681	0.591856
17691	0.591872
17701	0.591840
17711	0.592896
17721	0.593424
17731	0.593408
17741	0.593936
17751	0.594448
17761	0.593936
17771	0.594944
17781	0.594448
17791	0.595440
17801	0.595952
17811	0.595952
17821	0.595968
17831	0.596992
17841	0.596496
17851	0.596992
17861	0.597024
17871	0.598016
17881	0.599008
17891	0.598560
17901	0.599056
17911	0.599072
17921	0.599536
17931	0.599552
17941	0.600064
17951	0.601104
17961	0.601104
17971	0.601616
17981	0.602112
17991	0.601600
18001	0.602080
18011	0.601600
18021	0.602640
18031	0.603632
18041	0.603664
18051	0.609280
18061	0.603648
18071	0.605168
18081	0.604688
18091	0.605200
18101	0.605184
18111	0.606192
18121	0.609808
18131	0.605712
18141	0.606240
18151	0.606720
18161	0.607232
18171	0.608256
18181	0.608768
18191	0.608768
18201	0.609264
18211	0.609264
18221	0.609264
18231	0.608784
18241	0.609280
18251	0.609312
18261	0.610320
18271	0.614400
18281	0.610816
18291	0.610320
18301	0.611824
18311	0.611856
18321	0.612352
18331	0.612864
18341	0.612864
18351	0.613888
18361	0.614368
18371	0.614384
18381	0.614368
18391	0.615424
18401	0.614432
18411	0.617472
18421	0.616448
18431	0.616416
18441	0.617456
18451	0.616960
18461	0.616944
18471	0.618000
18481	0.616976
18491	0.618992
18501	0.619024
18511	0.618528
18521	0.618512
18531	0.620528
18541	0.620032
18551	0.620048
18561	0.621056
18571	0.620560
18581	0.621072
18591	0.621584
18601	0.621584
18611	0.622576
18621	0.622608
18631	0.622560
18641	0.622592
18651	0.623120
18661	0.623616
18671	0.624128
18681	0.625152
18691	0.626144
18701	0.625184
18711	0.624672
18721	0.626704
18731	0.626192
18741	0.626704
18751	0.626704
18761	0.626720
18771	0.626704
18781	0.631296
18791	0.627712
18801	0.627712
18811	0.628224
18821	0.629760
18831	0.628736
18841	0.630272
18851	0.628768
18861	0.635376
18871	0.630256
18881	0.630768
18891	0.631312
18901	0.631824
18911	0.632320
18921	0.632336
18931	0.633360
18941	0.632848
18951	0.633872
18961	0.633360
18971	0.633360
18981	0.633840
18991	0.634864
19001	0.634848
19011	0.634896
19021	0.634896
19031	0.635392
19041	0.636432
19051	0.635920
19061	0.637456
19071	0.636944
19081	0.637920
19091	0.637936
19101	0.638976
19111	0.638976
19121	0.638976
19131	0.638960
19141	0.639504
19151	0.639504
19161	0.639984
19171	0.640000
19181	0.641008
19191	0.641024
19201	0.641040
19211	0.641536
19221	0.642048
19231	0.643056
19241	0.643072
19251	0.642080
19261	0.643584
19271	0.644064
19281	0.644128
19291	0.644624
19301	0.644624
19311	0.644608
19321	0.645632
19331	0.645152
19341	0.645120
19351	0.645632
19361	0.646160
19371	0.647136
19381	0.646144
19391	0.647168
19401	0.647680
19411	0.647696
19421	0.648192
19431	0.648192
19441	0.648704
19451	0.649216
19461	0.649232
19471	0.650224
19481	0.650256
19491	0.650768
19501	0.650752
19511	0.656400
19521	0.651264
19531	0.652320
19541	0.652304
19551	0.652288
19561	0.652816
19571	0.682480
19581	0.655360
19591	0.653296
19601	0.654320
19611	0.653840
19621	0.654336
19631	0.655344
19641	0.655360
19651	0.655376
19661	0.655360
19671	0.656384
19681	0.656384
19691	0.656400
19701	0.657408
19711	0.658416
19721	0.658400
19731	0.659424
19741	0.658432
19751	0.659424
19761	0.659456
19771	0.659456
19781	0.659968
19791	0.660464
19801	0.660464
19811	0.660992
19821	0.660992
19831	0.661504
19841	0.662544
19851	0.662496
19861	0.662528
19871	0.663040
19881	0.664048
19891	0.663024
19901	0.663568
19911	0.664080
19921	0.664560
19931	0.665088
19941	0.664592
19951	0.665600
19961	0.665584
19971	0.665616
19981	0.667136
19991	0.666640
