Num_Matrices	Median_Transfer_Time_ms
1	0.006704
11	0.005408
21	0.005520
31	0.005776
41	0.005936
51	0.006192
61	0.006160
71	0.006464
81	0.006624
91	0.006864
101	0.006992
111	0.007296
121	0.007520
131	0.007632
141	0.007840
151	0.008176
161	0.008256
171	0.008272
181	0.008368
191	0.008640
201	0.008656
211	0.008832
221	0.008928
231	0.009104
241	0.009200
251	0.009664
261	0.009472
271	0.009904
281	0.009920
291	0.010128
301	0.010464
311	0.010640
321	0.010864
331	0.010896
341	0.011040
351	0.011344
361	0.011280
371	0.011376
381	0.011520
391	0.011824
401	0.011920
411	0.012000
421	0.012160
431	0.012368
441	0.012464
451	0.012464
461	0.012752
471	0.012912
481	0.013200
491	0.013504
501	0.013520
511	0.013792
521	0.013840
531	0.013984
541	0.014032
551	0.014384
561	0.014544
571	0.014720
581	0.014608
591	0.015168
601	0.014976
611	0.015136
621	0.015328
631	0.015696
641	0.015920
651	0.015968
661	0.016048
671	0.016256
681	0.016384
691	0.016624
701	0.016592
711	0.017008
721	0.016912
731	0.017168
741	0.017216
751	0.017456
761	0.017536
771	0.017712
781	0.017872
791	0.018096
801	0.018336
811	0.018416
821	0.018432
831	0.018928
841	0.018976
851	0.019088
861	0.019120
871	0.019392
881	0.019488
891	0.019712
901	0.019872
911	0.020192
921	0.020208
931	0.020432
941	0.020480
951	0.021008
961	0.021040
971	0.020976
981	0.021152
991	0.021568
1001	0.021712
1011	0.021616
1021	0.022000
1031	0.022000
1041	0.022528
1051	0.022368
1061	0.022432
1071	0.022736
1081	0.022864
1091	0.023040
1101	0.023136
1111	0.023584
1121	0.023408
1131	0.023312
1141	0.023856
1151	0.023984
1161	0.024240
1171	0.024400
1181	0.024592
1191	0.024912
1201	0.024944
1211	0.025072
1221	0.025216
1231	0.025216
1241	0.025344
1251	0.025616
1261	0.025504
1271	0.026048
1281	0.026112
1291	0.026096
1301	0.026864
1311	0.026752
1321	0.026992
1331	0.027456
1341	0.027104
1351	0.027344
1361	0.027280
1371	0.028096
1381	0.028192
1391	0.027888
1401	0.028096
1411	0.028528
1421	0.028752
1431	0.028976
1441	0.028896
1451	0.028864
1461	0.028976
1471	0.029152
1481	0.029648
1491	0.029712
1501	0.029728
1511	0.030112
1521	0.030928
1531	0.030736
1541	0.030880
1551	0.030960
1561	0.031232
1571	0.031728
1581	0.031488
1591	0.032544
1601	0.032256
1611	0.032112
1621	0.032240
1631	0.033216
1641	0.033008
1651	0.033152
1661	0.033536
1671	0.033376
1681	0.033936
1691	0.033712
1701	0.034128
1711	0.033920
1721	0.033520
1731	0.033552
1741	0.033616
1751	0.034560
1761	0.034448
1771	0.034816
1781	0.034304
1791	0.035264
1801	0.035456
1811	0.035376
1821	0.035520
1831	0.035648
1841	0.035504
1851	0.035984
1861	0.036656
1871	0.036560
1881	0.036800
1891	0.037136
1901	0.037664
1911	0.038752
1921	0.037440
1931	0.038336
1941	0.038000
1951	0.037824
1961	0.039536
1971	0.038208
1981	0.039776
1991	0.039088
2001	0.039536
2011	0.040160
2021	0.039632
2031	0.040304
2041	0.040480
2051	0.040096
2061	0.041952
2071	0.040480
2081	0.041392
2091	0.041440
2101	0.041568
2111	0.040304
2121	0.041056
2131	0.041504
2141	0.040688
2151	0.043216
2161	0.046640
2171	0.043936
2181	0.042640
2191	0.042688
2201	0.046416
2211	0.042640
2221	0.043024
2231	0.042688
2241	0.043280
2251	0.043280
2261	0.042624
2271	0.043104
2281	0.042976
2291	0.044336
2301	0.042896
2311	0.043632
2321	0.043616
2331	0.044336
2341	0.043664
2351	0.043824
2361	0.043872
2371	0.043840
2381	0.043904
2391	0.044144
2401	0.044096
2411	0.044448
2421	0.044144
2431	0.045088
2441	0.044368
2451	0.045376
2461	0.044704
2471	0.044880
2481	0.044864
2491	0.044800
2501	0.044848
2511	0.045248
2521	0.045296
2531	0.045168
2541	0.045504
2551	0.045440
2561	0.045856
2571	0.045712
2581	0.045936
2591	0.046016
2601	0.045952
2611	0.046400
2621	0.045936
2631	0.045840
2641	0.046448
2651	0.046944
2661	0.046496
2671	0.046656
2681	0.046768
2691	0.047296
2701	0.046688
2711	0.048272
2721	0.047888
2731	0.047952
2741	0.047840
2751	0.048400
2761	0.048224
2771	0.048384
2781	0.047712
2791	0.048528
2801	0.048688
2811	0.048704
2821	0.049488
2831	0.049648
2841	0.049088
2851	0.049664
2861	0.049664
2871	0.050304
2881	0.050064
2891	0.050032
2901	0.050496
2911	0.050592
2921	0.051136
2931	0.051712
2941	0.050944
2951	0.052672
2961	0.051200
2971	0.052288
2981	0.051568
2991	0.053568
3001	0.052480
3011	0.052048
3021	0.052608
3031	0.053312
3041	0.053312
3051	0.053952
3061	0.053840
3071	0.054656
3081	0.054256
3091	0.054032
3101	0.054944
3111	0.054096
3121	0.054752
3131	0.056176
3141	0.055776
3151	0.055072
3161	0.056448
3171	0.056928
3181	0.056736
3191	0.057456
3201	0.057520
3211	0.057456
3221	0.057712
3231	0.055920
3241	0.057568
3251	0.057680
3261	0.058368
3271	0.056880
3281	0.057920
3291	0.057840
3301	0.057008
3311	0.057584
3321	0.057600
3331	0.058112
3341	0.057408
3351	0.058160
3361	0.057968
3371	0.059200
3381	0.059632
3391	0.060336
3401	0.059696
3411	0.059312
3421	0.060592
3431	0.066144
3441	0.063904
3451	0.059856
3461	0.060608
3471	0.058384
3481	0.059712
3491	0.059616
3501	0.059632
3511	0.058384
3521	0.058688
3531	0.058496
3541	0.058384
3551	0.058992
3561	0.058912
3571	0.059392
3581	0.059920
3591	0.058896
3601	0.059968
3611	0.059248
3621	0.060672
3631	0.059392
3641	0.059936
3651	0.059920
3661	0.059104
3671	0.058992
3681	0.059216
3691	0.060656
3701	0.058816
3711	0.059968
3721	0.060416
3731	0.060272
3741	0.059984
3751	0.060272
3761	0.060288
3771	0.060976
3781	0.060560
3791	0.060688
3801	0.061024
3811	0.059744
3821	0.059712
3831	0.060016
3841	0.060096
3851	0.060992
3861	0.061680
3871	0.060976
3881	0.061632
3891	0.061264
3901	0.061840
3911	0.062256
3921	0.061984
3931	0.061312
3941	0.061408
3951	0.061504
3961	0.061344
3971	0.061872
3981	0.062592
3991	0.062736
4001	0.063072
4011	0.063360
4021	0.063952
4031	0.062816
4041	0.062736
4051	0.062528
4061	0.062896
4071	0.063104
4081	0.064336
4091	0.062928
4101	0.063344
4111	0.064800
4121	0.065952
4131	0.063328
4141	0.063920
4151	0.064848
4161	0.065072
4171	0.066064
4181	0.064832
4191	0.065392
4201	0.066544
4211	0.064624
4221	0.065856
4231	0.066416
4241	0.066256
4251	0.066320
4261	0.066544
4271	0.065120
4281	0.066576
4291	0.066480
4301	0.067168
4311	0.065392
4321	0.068480
4331	0.067392
4341	0.067168
4351	0.069216
4361	0.067792
4371	0.066080
4381	0.066768
4391	0.067152
4401	0.066368
4411	0.067520
4421	0.068768
4431	0.066848
4441	0.068352
4451	0.068464
4461	0.067520
4471	0.065376
4481	0.068016
4491	0.067824
4501	0.067456
4511	0.067456
4521	0.067072
4531	0.066880
4541	0.066848
4551	0.067296
4561	0.067680
4571	0.068080
4581	0.067120
4591	0.067120
4601	0.068144
4611	0.068064
4621	0.068768
4631	0.067280
4641	0.066256
4651	0.067760
4661	0.067168
4671	0.066896
4681	0.067936
4691	0.067696
4701	0.067040
4711	0.069024
4721	0.067984
4731	0.066192
4741	0.068464
4751	0.067920
4761	0.069600
4771	0.068240
4781	0.070208
4791	0.068096
4801	0.069424
4811	0.069520
4821	0.068320
4831	0.069488
4841	0.069488
4851	0.070720
4861	0.069936
4871	0.070112
4881	0.069296
4891	0.069216
4901	0.071616
4911	0.068608
4921	0.069472
4931	0.070320
4941	0.070848
4951	0.070208
4961	0.071120
4971	0.069984
4981	0.071424
4991	0.069120
5001	0.069600
5011	0.070416
5021	0.070448
5031	0.069904
5041	0.068864
5051	0.070224
5061	0.069904
5071	0.071072
5081	0.070736
5091	0.070944
5101	0.072416
5111	0.072096
5121	0.071680
5131	0.071584
5141	0.071952
5151	0.071600
5161	0.072320
5171	0.072240
5181	0.072960
5191	0.072528
5201	0.072656
5211	0.071808
5221	0.072096
5231	0.071424
5241	0.072416
5251	0.071984
5261	0.072752
5271	0.073344
5281	0.071792
5291	0.071664
5301	0.070976
5311	0.072016
5321	0.072880
5331	0.072304
5341	0.073648
5351	0.072752
5361	0.072768
5371	0.072032
5381	0.073216
5391	0.073392
5401	0.073936
5411	0.074400
5421	0.074144
5431	0.074688
5441	0.073840
5451	0.074768
5461	0.075104
5471	0.074256
5481	0.074496
5491	0.074624
5501	0.074000
5511	0.073008
5521	0.074448
5531	0.074624
5541	0.073872
5551	0.073856
5561	0.074080
5571	0.074880
5581	0.074592
5591	0.075040
5601	0.076128
5611	0.075984
5621	0.074848
5631	0.075328
5641	0.075024
5651	0.074128
5661	0.072832
5671	0.073280
5681	0.074432
5691	0.074048
5701	0.075152
5711	0.074624
5721	0.074944
5731	0.075776
5741	0.075984
5751	0.076080
5761	0.076496
5771	0.076784
5781	0.077136
5791	0.078736
5801	0.076992
5811	0.076528
5821	0.075840
5831	0.076912
5841	0.076128
5851	0.076016
5861	0.076464
5871	0.076528
5881	0.076400
5891	0.077184
5901	0.077104
5911	0.076592
5921	0.076800
5931	0.077136
5941	0.076880
5951	0.078736
5961	0.077888
5971	0.076960
5981	0.077760
5991	0.077488
6001	0.077744
6011	0.077360
6021	0.075680
6031	0.077344
6041	0.076960
6051	0.075904
6061	0.078560
6071	0.078848
6081	0.078880
6091	0.078416
6101	0.077712
6111	0.078512
6121	0.078560
6131	0.077328
6141	0.080208
6151	0.080560
6161	0.078256
6171	0.080320
6181	0.080720
6191	0.078560
6201	0.081056
6211	0.080656
6221	0.079952
6231	0.078032
6241	0.080576
6251	0.080864
6261	0.080288
6271	0.080304
6281	0.081360
6291	0.081472
6301	0.081824
6311	0.081648
6321	0.081520
6331	0.081680
6341	0.080240
6351	0.081552
6361	0.078720
6371	0.080816
6381	0.081216
6391	0.081920
6401	0.078880
6411	0.079312
6421	0.080608
6431	0.079488
6441	0.081376
6451	0.082432
6461	0.080976
6471	0.082160
6481	0.079456
6491	0.081744
6501	0.082560
6511	0.082720
6521	0.081968
6531	0.081936
6541	0.081776
6551	0.080656
6561	0.082432
6571	0.081776
6581	0.081424
6591	0.083536
6601	0.083744
6611	0.083232
6621	0.081360
6631	0.081904
6641	0.080752
6651	0.081456
6661	0.080928
6671	0.080720
6681	0.081664
6691	0.081488
6701	0.081408
6711	0.080560
6721	0.081440
6731	0.082976
6741	0.082496
6751	0.083968
6761	0.082688
6771	0.083248
6781	0.081984
6791	0.086064
6801	0.084768
6811	0.082912
6821	0.082208
6831	0.083712
6841	0.084752
6851	0.085152
6861	0.084400
6871	0.082640
6881	0.084752
6891	0.083584
6901	0.085552
6911	0.084320
6921	0.086160
6931	0.082448
6941	0.084832
6951	0.083456
6961	0.083168
6971	0.084192
6981	0.085744
6991	0.085712
7001	0.086560
7011	0.085040
7021	0.087520
7031	0.086384
7041	0.086960
7051	0.086624
7061	0.086864
7071	0.088944
7081	0.088688
7091	0.088832
7101	0.090032
7111	0.087792
7121	0.088208
7131	0.087232
7141	0.088320
7151	0.087264
7161	0.088848
7171	0.087328
7181	0.088000
7191	0.087168
7201	0.087264
7211	0.087632
7221	0.088512
7231	0.088944
7241	0.087280
7251	0.088112
7261	0.088032
7271	0.092384
7281	0.090688
7291	0.089424
7301	0.090176
7311	0.089328
7321	0.088384
7331	0.086096
7341	0.088320
7351	0.088352
7361	0.088512
7371	0.087360
7381	0.085808
7391	0.086992
7401	0.086176
7411	0.086544
7421	0.086848
7431	0.086432
7441	0.086832
7451	0.088720
7461	0.087584
7471	0.088176
7481	0.087504
7491	0.088944
7501	0.088256
7511	0.087872
7521	0.086816
7531	0.090864
7541	0.088976
7551	0.088928
7561	0.087888
7571	0.089120
7581	0.088848
7591	0.088960
7601	0.092848
7611	0.092112
7621	0.090096
7631	0.089344
7641	0.090192
7651	0.090928
7661	0.090400
7671	0.092400
7681	0.091344
7691	0.091088
7701	0.091408
7711	0.092368
7721	0.108496
7731	0.099056
7741	0.094560
7751	0.094800
7761	0.101360
7771	0.119488
7781	0.093760
7791	0.094240
7801	0.093536
7811	0.092592
7821	0.094960
7831	0.094416
7841	0.095136
7851	0.092160
7861	0.092992
7871	0.091344
7881	0.091168
7891	0.092096
7901	0.092144
7911	0.092176
7921	0.091376
7931	0.091712
7941	0.092320
7951	0.092528
7961	0.093472
7971	0.092880
7981	0.093792
7991	0.091568
8001	0.090736
8011	0.093168
8021	0.090768
8031	0.091424
8041	0.092176
8051	0.091232
8061	0.091776
8071	0.092624
8081	0.091888
8091	0.091584
8101	0.092352
8111	0.092240
8121	0.093216
8131	0.092448
8141	0.094032
8151	0.094336
8161	0.093792
8171	0.094384
8181	0.093216
8191	0.092608
8201	0.096144
8211	0.095264
8221	0.094320
8231	0.096960
8241	0.097840
8251	0.095440
8261	0.095312
8271	0.097856
8281	0.098544
8291	0.097056
8301	0.096576
8311	0.095104
8321	0.099136
8331	0.099088
8341	0.096976
8351	0.097088
8361	0.095184
8371	0.094208
8381	0.094672
8391	0.097520
8401	0.096192
8411	0.095840
8421	0.094080
8431	0.093728
8441	0.096496
8451	0.094608
8461	0.095936
8471	0.096784
8481	0.095808
8491	0.094688
8501	0.096944
8511	0.096576
8521	0.096064
8531	0.094896
8541	0.097312
8551	0.096944
8561	0.095232
8571	0.096928
8581	0.095792
8591	0.097856
8601	0.098160
8611	0.096432
8621	0.098096
8631	0.097408
8641	0.095904
8651	0.096192
8661	0.097488
8671	0.098816
8681	0.096496
8691	0.098176
8701	0.098624
8711	0.098608
8721	0.099280
8731	0.098224
8741	0.099520
8751	0.098832
8761	0.099920
8771	0.101584
8781	0.101328
8791	0.103488
8801	0.101712
8811	0.102000
8821	0.102624
8831	0.102704
8841	0.102512
8851	0.101088
8861	0.099792
8871	0.100592
8881	0.098912
8891	0.098096
8901	0.098800
8911	0.097952
8921	0.101840
8931	0.099536
8941	0.098176
8951	0.100944
8961	0.101808
8971	0.099760
8981	0.099696
8991	0.099088
9001	0.098576
9011	0.100128
9021	0.099408
9031	0.098064
9041	0.098272
9051	0.099632
9061	0.099760
9071	0.100048
9081	0.101456
9091	0.101104
9101	0.100256
9111	0.099664
9121	0.100272
9131	0.100416
9141	0.099824
9151	0.100576
9161	0.101408
9171	0.101776
9181	0.103552
9191	0.101760
9201	0.101392
9211	0.103200
9221	0.102672
9231	0.102784
9241	0.106320
9251	0.102592
9261	0.102512
9271	0.103216
9281	0.104656
9291	0.104368
9301	0.104240
9311	0.109120
9321	0.106128
9331	0.104944
9341	0.103552
9351	0.103488
9361	0.101424
9371	0.103216
9381	0.101872
9391	0.102832
9401	0.103440
9411	0.102736
9421	0.102880
9431	0.103280
9441	0.104192
9451	0.103504
9461	0.101952
9471	0.103664
9481	0.104576
9491	0.103600
9501	0.103664
9511	0.105632
9521	0.104960
9531	0.104192
9541	0.104480
9551	0.105120
9561	0.105568
9571	0.105552
9581	0.103920
9591	0.105216
9601	0.104480
9611	0.104560
9621	0.105920
9631	0.105568
9641	0.105312
9651	0.106480
9661	0.105088
9671	0.105232
9681	0.106416
9691	0.105744
9701	0.106320
9711	0.105200
9721	0.107120
9731	0.106912
9741	0.109728
9751	0.104784
9761	0.106288
9771	0.106416
9781	0.105808
9791	0.105392
9801	0.107728
9811	0.106736
9821	0.105712
9831	0.106720
9841	0.106576
9851	0.107760
9861	0.106320
9871	0.108016
9881	0.106512
9891	0.107792
9901	0.108048
9911	0.106480
9921	0.107840
9931	0.112064
9941	0.112128
9951	0.109456
9961	0.109008
9971	0.109280
9981	0.107120
9991	0.106816
10001	0.107456
10011	0.107072
10021	0.106976
10031	0.107584
10041	0.108848
10051	0.107328
10061	0.107104
10071	0.107440
10081	0.107568
10091	0.107920
10101	0.105856
10111	0.107488
10121	0.106176
10131	0.107328
10141	0.108048
10151	0.106720
10161	0.109584
10171	0.107776
10181	0.110720
10191	0.113952
10201	0.109952
10211	0.110800
10221	0.111120
10231	0.111568
10241	0.109056
10251	0.109376
10261	0.111520
10271	0.110016
10281	0.111424
10291	0.111200
10301	0.112464
10311	0.112224
10321	0.109696
10331	0.110560
10341	0.110512
10351	0.110656
10361	0.110832
10371	0.111872
10381	0.111456
10391	0.111632
10401	0.110288
10411	0.112320
10421	0.111824
10431	0.111440
10441	0.110960
10451	0.110976
10461	0.109712
10471	0.109216
10481	0.111776
10491	0.111200
10501	0.110928
10511	0.111328
10521	0.110112
10531	0.110800
10541	0.110496
10551	0.110400
10561	0.112208
10571	0.110656
10581	0.111232
10591	0.111504
10601	0.110496
10611	0.111952
10621	0.111472
10631	0.111600
10641	0.111536
10651	0.112560
10661	0.114480
10671	0.112592
10681	0.114832
10691	0.112464
10701	0.113888
10711	0.114864
10721	0.115840
10731	0.116576
10741	0.117104
10751	0.114256
10761	0.115296
10771	0.114720
10781	0.115520
10791	0.116384
10801	0.114544
10811	0.115552
10821	0.116368
10831	0.116512
10841	0.115536
10851	0.115568
10861	0.116064
10871	0.117840
10881	0.116064
10891	0.115520
10901	0.116272
10911	0.115936
10921	0.114944
10931	0.115600
10941	0.115520
10951	0.113552
10961	0.113264
10971	0.115904
10981	0.116192
10991	0.114400
11001	0.116560
11011	0.114256
11021	0.117072
11031	0.116560
11041	0.116336
11051	0.116320
11061	0.115232
11071	0.116496
11081	0.115552
11091	0.114832
11101	0.116240
11111	0.115808
11121	0.115536
11131	0.117488
11141	0.113776
11151	0.115792
11161	0.117152
11171	0.115232
11181	0.116096
11191	0.116112
11201	0.115456
11211	0.116560
11221	0.115904
11231	0.117008
11241	0.116000
11251	0.115968
11261	0.115424
11271	0.117216
11281	0.117120
11291	0.115872
11301	0.117872
11311	0.117312
11321	0.117408
11331	0.117792
11341	0.118064
11351	0.117424
11361	0.117584
11371	0.119776
11381	0.119296
11391	0.117024
11401	0.117792
11411	0.120224
11421	0.120080
11431	0.118464
11441	0.120384
11451	0.120208
11461	0.122352
11471	0.126176
11481	0.120992
11491	0.126544
11501	0.119328
11511	0.119008
11521	0.119024
11531	0.121744
11541	0.118448
11551	0.118960
11561	0.118320
11571	0.119104
11581	0.119840
11591	0.120768
11601	0.118928
11611	0.120288
11621	0.119616
11631	0.119408
11641	0.119440
11651	0.119616
11661	0.119376
11671	0.120528
11681	0.120272
11691	0.117904
11701	0.119424
11711	0.120672
11721	0.119200
11731	0.119392
11741	0.119760
11751	0.120736
11761	0.119680
11771	0.121936
11781	0.120976
11791	0.122192
11801	0.123216
11811	0.120528
11821	0.123360
11831	0.121312
11841	0.122176
11851	0.121568
11861	0.123360
11871	0.122016
11881	0.136160
11891	0.124144
11901	0.125424
11911	0.121904
11921	0.122400
11931	0.122208
11941	0.121424
11951	0.121200
11961	0.123328
11971	0.121680
11981	0.120816
11991	0.120880
12001	0.122304
12011	0.121184
12021	0.120192
12031	0.120800
12041	0.122624
12051	0.120560
12061	0.122176
12071	0.121584
12081	0.121760
12091	0.121920
12101	0.122272
12111	0.122336
12121	0.122400
12131	0.123200
12141	0.122528
12151	0.123552
12161	0.124112
12171	0.124592
12181	0.123152
12191	0.126016
12201	0.137504
12211	0.132384
12221	0.180800
12231	0.142672
12241	0.157792
12251	0.125136
12261	0.143024
12271	0.152688
12281	0.125856
12291	0.127696
12301	0.131824
12311	0.123504
12321	0.126160
12331	0.125728
12341	0.124032
12351	0.124816
12361	0.123968
12371	0.124576
12381	0.125824
12391	0.125776
12401	0.122704
12411	0.123872
12421	0.124864
12431	0.124880
12441	0.124656
12451	0.124800
12461	0.124224
12471	0.123440
12481	0.125184
12491	0.125168
12501	0.125072
12511	0.125472
12521	0.126208
12531	0.126352
12541	0.128160
12551	0.126704
12561	0.127760
12571	0.126352
12581	0.127712
12591	0.125824
12601	0.128736
12611	0.126256
12621	0.128400
12631	0.129360
12641	0.130032
12651	0.127664
12661	0.126640
12671	0.125728
12681	0.127184
12691	0.125648
12701	0.126448
12711	0.126304
12721	0.125936
12731	0.126912
12741	0.128688
12751	0.127712
12761	0.127360
12771	0.128000
12781	0.127344
12791	0.128272
12801	0.128960
12811	0.127808
12821	0.130048
12831	0.128880
12841	0.128608
12851	0.129840
12861	0.128384
12871	0.128496
12881	0.127792
12891	0.130672
12901	0.130192
12911	0.128960
12921	0.130128
12931	0.130096
12941	0.130176
12951	0.127744
12961	0.128704
12971	0.128176
12981	0.126848
12991	0.129792
13001	0.130128
13011	0.129152
13021	0.128464
13031	0.128960
13041	0.128048
13051	0.127744
13061	0.129904
13071	0.130448
13081	0.131360
13091	0.130064
13101	0.129280
13111	0.130512
13121	0.129824
13131	0.130720
13141	0.130400
13151	0.129984
13161	0.130624
13171	0.131984
13181	0.138640
13191	0.132720
13201	0.134096
13211	0.133072
13221	0.132128
13231	0.132064
13241	0.131152
13251	0.131120
13261	0.133440
13271	0.133680
13281	0.131680
13291	0.131984
13301	0.132256
13311	0.131952
13321	0.132640
13331	0.131312
13341	0.132176
13351	0.131984
13361	0.133296
13371	0.132816
13381	0.134256
13391	0.132976
13401	0.131552
13411	0.132928
13421	0.132352
13431	0.132624
13441	0.132176
13451	0.132544
13461	0.134416
13471	0.134192
13481	0.135248
13491	0.134384
13501	0.132848
13511	0.134320
13521	0.134704
13531	0.136112
13541	0.135872
13551	0.134304
13561	0.134304
13571	0.133584
13581	0.134592
13591	0.139840
13601	0.135312
13611	0.135536
13621	0.135872
13631	0.134864
13641	0.134784
13651	0.135760
13661	0.135376
13671	0.134608
13681	0.136352
13691	0.136208
13701	0.137168
13711	0.135680
13721	0.136752
13731	0.135616
13741	0.135472
13751	0.134720
13761	0.135456
13771	0.135984
13781	0.135984
13791	0.135088
13801	0.136880
13811	0.136112
13821	0.135984
13831	0.136192
13841	0.136384
13851	0.135408
13861	0.134528
13871	0.135472
13881	0.136288
13891	0.138768
13901	0.136832
13911	0.137040
13921	0.136288
13931	0.138864
13941	0.138816
13951	0.138128
13961	0.140704
13971	0.138784
13981	0.139888
13991	0.139888
14001	0.137120
14011	0.137824
14021	0.137856
14031	0.139216
14041	0.141168
14051	0.138064
14061	0.137296
14071	0.138496
14081	0.138512
14091	0.141328
14101	0.138464
14111	0.137184
14121	0.138464
14131	0.136624
14141	0.137520
14151	0.137040
14161	0.137536
14171	0.136384
14181	0.137024
14191	0.137648
14201	0.139312
14211	0.137552
14221	0.137360
14231	0.137184
14241	0.137536
14251	0.138000
14261	0.137392
14271	0.138688
14281	0.137504
14291	0.140592
14301	0.140384
14311	0.139728
14321	0.139024
14331	0.139792
14341	0.139664
14351	0.142608
14361	0.142608
14371	0.142432
14381	0.144224
14391	0.141536
14401	0.140560
14411	0.141536
14421	0.142912
14431	0.142944
14441	0.142560
14451	0.140128
14461	0.138016
14471	0.139840
14481	0.140000
14491	0.139184
14501	0.140768
14511	0.138688
14521	0.138704
14531	0.140880
14541	0.138320
14551	0.140352
14561	0.138864
14571	0.140416
14581	0.139120
14591	0.142208
14601	0.139440
14611	0.142368
14621	0.142912
14631	0.142064
14641	0.142960
14651	0.143936
14661	0.145856
14671	0.143744
14681	0.150496
14691	0.143088
14701	0.144064
14711	0.143424
14721	0.143136
14731	0.143568
14741	0.143792
14751	0.142848
14761	0.142064
14771	0.142112
14781	0.141392
14791	0.141488
14801	0.142896
14811	0.140464
14821	0.141520
14831	0.142112
14841	0.142992
14851	0.145152
14861	0.144336
14871	0.145648
14881	0.141936
14891	0.143552
14901	0.143376
14911	0.142928
14921	0.143248
14931	0.144288
14941	0.144160
14951	0.144800
14961	0.145808
14971	0.144336
14981	0.146896
14991	0.144000
15001	0.144736
15011	0.145152
15021	0.145664
15031	0.145328
15041	0.144576
15051	0.143392
15061	0.143680
15071	0.142704
15081	0.142992
15091	0.142256
15101	0.142816
15111	0.142464
15121	0.143248
15131	0.145744
15141	0.144800
15151	0.146848
15161	0.147552
15171	0.143584
15181	0.149296
15191	0.145696
15201	0.149968
15211	0.148800
15221	0.145024
15231	0.146464
15241	0.144912
15251	0.143872
15261	0.146240
15271	0.146672
15281	0.147744
15291	0.144832
15301	0.146080
15311	0.146240
15321	0.144640
15331	0.147152
15341	0.147152
15351	0.146608
15361	0.146480
15371	0.145696
15381	0.146608
15391	0.147200
15401	0.146672
15411	0.146784
15421	0.146160
15431	0.145840
15441	0.147024
15451	0.150288
15461	0.147232
15471	0.147248
15481	0.150720
15491	0.149088
15501	0.147840
15511	0.148720
15521	0.147280
15531	0.148992
15541	0.148912
15551	0.149856
15561	0.149216
15571	0.150144
15581	0.148624
15591	0.150096
15601	0.148160
15611	0.148848
15621	0.146864
15631	0.148160
15641	0.149280
15651	0.150480
15661	0.149088
15671	0.152976
15681	0.148112
15691	0.149456
15701	0.149872
15711	0.151008
15721	0.149952
15731	0.150592
15741	0.147840
15751	0.147984
15761	0.148032
15771	0.150448
15781	0.149696
15791	0.147936
15801	0.148976
15811	0.149536
15821	0.150352
15831	0.150816
15841	0.150960
15851	0.150960
15861	0.147728
15871	0.148704
15881	0.149776
15891	0.150128
15901	0.152432
15911	0.151312
15921	0.153568
15931	0.154256
15941	0.152864
15951	0.150944
15961	0.150448
15971	0.151696
15981	0.153376
15991	0.151584
16001	0.151360
16011	0.150336
16021	0.150752
16031	0.150576
16041	0.148832
16051	0.150976
16061	0.150240
16071	0.151504
16081	0.151184
16091	0.152432
16101	0.151264
16111	0.151456
16121	0.151872
16131	0.150688
16141	0.151440
16151	0.153248
16161	0.152048
16171	0.152736
16181	0.156912
16191	0.155120
16201	0.154096
16211	0.156528
16221	0.153872
16231	0.152320
16241	0.151872
16251	0.155504
16261	0.153760
16271	0.153856
16281	0.154928
16291	0.162512
16301	0.162464
16311	0.155232
16321	0.154720
16331	0.154080
16341	0.156048
16351	0.152560
16361	0.152224
16371	0.151984
16381	0.153008
16391	0.153248
16401	0.152000
16411	0.155536
16421	0.153664
16431	0.152896
16441	0.153440
16451	0.154112
16461	0.153104
16471	0.153904
16481	0.153168
16491	0.154672
16501	0.157568
16511	0.156560
16521	0.154000
16531	0.154688
16541	0.157120
16551	0.158416
16561	0.157776
16571	0.156512
16581	0.159120
16591	0.157808
16601	0.157264
16611	0.160528
16621	0.156656
16631	0.157696
16641	0.157680
16651	0.156272
16661	0.158048
16671	0.157744
16681	0.157136
16691	0.156432
16701	0.157232
16711	0.156064
16721	0.157328
16731	0.156480
16741	0.156544
16751	0.156544
16761	0.155952
16771	0.155776
16781	0.156304
16791	0.158512
16801	0.157408
16811	0.159584
16821	0.155168
16831	0.156544
16841	0.158544
16851	0.159904
16861	0.159776
16871	0.157808
16881	0.156640
16891	0.156960
16901	0.158112
16911	0.158592
16921	0.157712
16931	0.160592
16941	0.159456
16951	0.160992
16961	0.159968
16971	0.162096
16981	0.164000
16991	0.163952
17001	0.161008
17011	0.160352
17021	0.159536
17031	0.159088
17041	0.160368
17051	0.160000
17061	0.161872
17071	0.160240
17081	0.159648
17091	0.159584
17101	0.158704
17111	0.158208
17121	0.158768
17131	0.157680
17141	0.157776
17151	0.159616
17161	0.160336
17171	0.157536
17181	0.160800
17191	0.164000
17201	0.163280
17211	0.163712
17221	0.163792
17231	0.161664
17241	0.161072
17251	0.165616
17261	0.161872
17271	0.165232
17281	0.185456
17291	0.168672
17301	0.164224
17311	0.165776
17321	0.165904
17331	0.163760
17341	0.159712
17351	0.160848
17361	0.158832
17371	0.160704
17381	0.159424
17391	0.162864
17401	0.161408
17411	0.161024
17421	0.161232
17431	0.161520
17441	0.161040
17451	0.161968
17461	0.162992
17471	0.160672
17481	0.161344
17491	0.162656
17501	0.162176
17511	0.164272
17521	0.167184
17531	0.164000
17541	0.174128
17551	0.166080
17561	0.166928
17571	0.164992
17581	0.166400
17591	0.167056
17601	0.166144
17611	0.162320
17621	0.163760
17631	0.163424
17641	0.163408
17651	0.163776
17661	0.164480
17671	0.165056
17681	0.163872
17691	0.164064
17701	0.162272
17711	0.163392
17721	0.162800
17731	0.164544
17741	0.162464
17751	0.163184
17761	0.164752
17771	0.164864
17781	0.165216
17791	0.165984
17801	0.173136
17811	0.175856
17821	0.168192
17831	0.166496
17841	0.166112
17851	0.164976
17861	0.166000
17871	0.165104
17881	0.164336
17891	0.164224
17901	0.164544
17911	0.163536
17921	0.165824
17931	0.166016
17941	0.165104
17951	0.165360
17961	0.165264
17971	0.165856
17981	0.165456
17991	0.165712
18001	0.169248
18011	0.165904
18021	0.166768
18031	0.167984
18041	0.169824
18051	0.168240
18061	0.166384
18071	0.171488
18081	0.169568
18091	0.173408
18101	0.169104
18111	0.174272
18121	0.169424
18131	0.167328
18141	0.166512
18151	0.166128
18161	0.165552
18171	0.165904
18181	0.165904
18191	0.165760
18201	0.167360
18211	0.167552
18221	0.167472
18231	0.169296
18241	0.168624
18251	0.169392
18261	0.167184
18271	0.167328
18281	0.168960
18291	0.167312
18301	0.168288
18311	0.167360
18321	0.176864
18331	0.169648
18341	0.170352
18351	0.168688
18361	0.167504
18371	0.170464
18381	0.168800
18391	0.170928
18401	0.168112
18411	0.170448
18421	0.169824
18431	0.168448
18441	0.168368
18451	0.168224
18461	0.168800
18471	0.166912
18481	0.170528
18491	0.170176
18501	0.170416
18511	0.169616
18521	0.170352
18531	0.169216
18541	0.176288
18551	0.169312
18561	0.171456
18571	0.168976
18581	0.170240
18591	0.170976
18601	0.173040
18611	0.172192
18621	0.170160
18631	0.172592
18641	0.173072
18651	0.175232
18661	0.172240
18671	0.171936
18681	0.172256
18691	0.170560
18701	0.171088
18711	0.170368
18721	0.171376
18731	0.170640
18741	0.172592
18751	0.170512
18761	0.172080
18771	0.172464
18781	0.171504
18791	0.173056
18801	0.173808
18811	0.172304
18821	0.172752
18831	0.171920
18841	0.172336
18851	0.173168
18861	0.172640
18871	0.172720
18881	0.171760
18891	0.171888
18901	0.172144
18911	0.172368
18921	0.172672
18931	0.173872
18941	0.172640
18951	0.172336
18961	0.172864
18971	0.172672
18981	0.174832
18991	0.172768
19001	0.171552
19011	0.173712
19021	0.171408
19031	0.172448
19041	0.175776
19051	0.173552
19061	0.171984
19071	0.172480
19081	0.171712
19091	0.174880
19101	0.173456
19111	0.172176
19121	0.174240
19131	0.173504
19141	0.173456
19151	0.174912
19161	0.172016
19171	0.172672
19181	0.173744
19191	0.175152
19201	0.173152
19211	0.173408
19221	0.174480
19231	0.174640
19241	0.175376
19251	0.176000
19261	0.178544
19271	0.177536
19281	0.175104
19291	0.175216
19301	0.174944
19311	0.175088
19321	0.174144
19331	0.173680
19341	0.175056
19351	0.173504
19361	0.174976
19371	0.175792
19381	0.176144
19391	0.175696
19401	0.174976
19411	0.176048
19421	0.175936
19431	0.174928
19441	0.174864
19451	0.177200
19461	0.175136
19471	0.179184
19481	0.178032
19491	0.180160
19501	0.179232
19511	0.178560
19521	0.182064
19531	0.178672
19541	0.179808
19551	0.178672
19561	0.176128
19571	0.176624
19581	0.176192
19591	0.176256
19601	0.176896
19611	0.176480
19621	0.177056
19631	0.176512
19641	0.177408
19651	0.176848
19661	0.176368
19671	0.176224
19681	0.177168
19691	0.176192
19701	0.176544
19711	0.177776
19721	0.180256
19731	0.181856
19741	0.180416
19751	0.181216
19761	0.190208
19771	0.178464
19781	0.179600
19791	0.178784
19801	0.178768
19811	0.178208
19821	0.177648
19831	0.178272
19841	0.178688
19851	0.178208
19861	0.178064
19871	0.178560
19881	0.177424
19891	0.176976
19901	0.176784
19911	0.177872
19921	0.178208
19931	0.179360
19941	0.177616
19951	0.180576
19961	0.182816
19971	0.179968
19981	0.183024
19991	0.181504
