Num_Matrices	Median_Transfer_Time_ms
1	0.008608
11	0.006032
21	0.005552
31	0.006416
41	0.006736
51	0.007168
61	0.007440
71	0.008016
81	0.008080
91	0.008416
101	0.008736
111	0.008864
121	0.009424
131	0.009424
141	0.010144
151	0.010464
161	0.010528
171	0.010896
181	0.011184
191	0.011696
201	0.011984
211	0.012176
221	0.012624
231	0.013200
241	0.013344
251	0.014256
261	0.013824
271	0.014176
281	0.014672
291	0.015232
301	0.015344
311	0.015904
321	0.016032
331	0.016464
341	0.016512
351	0.016928
361	0.017904
371	0.017952
381	0.018048
391	0.018432
401	0.018656
411	0.019184
421	0.019280
431	0.020048
441	0.020080
451	0.020528
461	0.020880
471	0.021216
481	0.021296
491	0.021872
501	0.021904
511	0.022352
521	0.022976
531	0.023200
541	0.023648
551	0.024256
561	0.024368
571	0.024528
581	0.024784
591	0.025392
601	0.025696
611	0.026512
621	0.026288
631	0.026784
641	0.027168
651	0.027280
661	0.027344
671	0.027840
681	0.028272
691	0.028448
701	0.028960
711	0.029056
721	0.029424
731	0.030112
741	0.029952
751	0.030496
761	0.030736
771	0.031152
781	0.031920
791	0.032064
801	0.032160
811	0.032656
821	0.032608
831	0.033312
841	0.033664
851	0.034432
861	0.034384
871	0.035008
881	0.034944
891	0.035600
901	0.035488
911	0.035920
921	0.036224
931	0.036528
941	0.036848
951	0.037424
961	0.037552
971	0.037840
981	0.037920
991	0.038528
1001	0.038832
1011	0.039040
1021	0.039568
1031	0.039984
1041	0.041008
1051	0.040416
1061	0.040592
1071	0.041312
1081	0.041408
1091	0.042064
1101	0.042512
1111	0.043216
1121	0.042944
1131	0.043296
1141	0.043376
1151	0.044160
1161	0.044304
1171	0.044720
1181	0.045168
1191	0.045584
1201	0.045760
1211	0.046032
1221	0.046288
1231	0.046704
1241	0.047040
1251	0.047360
1261	0.047712
1271	0.048192
1281	0.048384
1291	0.048688
1301	0.048816
1311	0.049504
1321	0.049632
1331	0.049888
1341	0.051056
1351	0.051232
1361	0.050944
1371	0.051216
1381	0.051504
1391	0.051872
1401	0.052288
1411	0.052592
1421	0.052960
1431	0.053536
1441	0.053344
1451	0.054000
1461	0.053984
1471	0.054672
1481	0.054704
1491	0.055232
1501	0.055520
1511	0.056048
1521	0.056464
1531	0.056304
1541	0.056768
1551	0.057424
1561	0.057952
1571	0.057744
1581	0.059056
1591	0.058880
1601	0.059472
1611	0.058880
1621	0.059584
1631	0.059520
1641	0.060304
1651	0.060448
1661	0.060848
1671	0.061168
1681	0.061424
1691	0.061680
1701	0.061952
1711	0.062448
1721	0.062720
1731	0.062976
1741	0.063456
1751	0.063728
1761	0.063984
1771	0.064336
1781	0.064400
1791	0.064912
1801	0.065472
1811	0.065760
1821	0.065936
1831	0.066992
1841	0.067472
1851	0.066960
1861	0.067600
1871	0.067568
1881	0.068192
1891	0.068576
1901	0.068800
1911	0.069648
1921	0.069904
1931	0.069840
1941	0.069872
1951	0.070656
1961	0.071024
1971	0.072032
1981	0.071904
1991	0.072448
2001	0.072720
2011	0.072960
2021	0.072416
2031	0.073248
2041	0.073808
2051	0.074400
2061	0.074768
2071	0.075200
2081	0.075568
2091	0.076656
2101	0.075520
2111	0.076064
2121	0.076208
2131	0.076144
2141	0.077632
2151	0.077904
2161	0.078096
2171	0.078176
2181	0.078368
2191	0.079216
2201	0.079520
2211	0.079552
2221	0.079696
2231	0.080320
2241	0.080544
2251	0.080880
2261	0.080672
2271	0.081296
2281	0.081680
2291	0.082448
2301	0.082624
2311	0.083152
2321	0.083600
2331	0.085888
2341	0.083888
2351	0.084528
2361	0.084336
2371	0.084752
2381	0.085664
2391	0.085904
2401	0.085888
2411	0.086000
2421	0.086528
2431	0.086832
2441	0.087056
2451	0.087696
2461	0.087648
2471	0.088256
2481	0.088944
2491	0.088480
2501	0.088672
2511	0.089904
2521	0.089696
2531	0.090240
2541	0.090064
2551	0.090896
2561	0.091744
2571	0.091120
2581	0.090960
2591	0.091856
2601	0.092384
2611	0.092816
2621	0.092912
2631	0.093552
2641	0.093616
2651	0.093952
2661	0.093776
2671	0.094576
2681	0.094720
2691	0.095280
2701	0.095776
2711	0.096032
2721	0.096048
2731	0.096560
2741	0.096512
2751	0.097264
2761	0.097440
2771	0.097728
2781	0.098624
2791	0.098880
2801	0.099280
2811	0.099504
2821	0.099840
2831	0.100224
2841	0.100656
2851	0.100752
2861	0.101152
2871	0.101392
2881	0.101584
2891	0.101872
2901	0.101456
2911	0.102128
2921	0.102928
2931	0.103376
2941	0.103360
2951	0.103760
2961	0.104160
2971	0.104592
2981	0.104480
2991	0.104608
3001	0.105008
3011	0.105552
3021	0.106064
3031	0.106528
3041	0.106560
3051	0.107344
3061	0.109568
3071	0.108240
3081	0.108304
3091	0.108288
3101	0.108352
3111	0.109360
3121	0.109136
3131	0.109536
3141	0.110352
3151	0.110352
3161	0.110816
3171	0.110864
3181	0.111280
3191	0.111648
3201	0.111776
3211	0.111952
3221	0.112000
3231	0.112992
3241	0.113088
3251	0.113584
3261	0.114080
3271	0.114064
3281	0.114560
3291	0.115024
3301	0.115232
3311	0.115744
3321	0.116080
3331	0.116352
3341	0.116736
3351	0.117056
3361	0.116864
3371	0.117360
3381	0.117488
3391	0.117696
3401	0.118448
3411	0.118544
3421	0.119024
3431	0.119248
3441	0.119392
3451	0.119936
3461	0.120064
3471	0.120592
3481	0.121040
3491	0.120928
3501	0.121568
3511	0.121808
3521	0.122256
3531	0.122720
3541	0.122480
3551	0.123456
3561	0.123392
3571	0.124048
3581	0.124224
3591	0.124240
3601	0.124880
3611	0.125056
3621	0.125616
3631	0.125888
3641	0.126304
3651	0.126368
3661	0.127056
3671	0.127184
3681	0.127008
3691	0.127424
3701	0.127968
3711	0.128256
3721	0.128880
3731	0.128880
3741	0.129664
3751	0.129488
3761	0.130320
3771	0.130336
3781	0.130704
3791	0.131296
3801	0.131440
3811	0.131840
3821	0.131616
3831	0.132080
3841	0.132800
3851	0.133040
3861	0.133056
3871	0.133872
3881	0.133600
3891	0.134096
3901	0.134208
3911	0.134944
3921	0.135376
3931	0.134992
3941	0.135728
3951	0.136176
3961	0.136272
3971	0.136864
3981	0.137248
3991	0.137472
4001	0.137808
4011	0.138352
4021	0.138576
4031	0.138880
4041	0.139552
4051	0.139504
4061	0.140016
4071	0.139968
4081	0.140672
4091	0.140640
4101	0.140592
4111	0.141632
4121	0.141408
4131	0.141920
4141	0.142352
4151	0.142832
4161	0.143296
4171	0.143504
4181	0.143456
4191	0.144896
4201	0.144336
4211	0.144608
4221	0.144880
4231	0.145120
4241	0.145600
4251	0.146352
4261	0.146416
4271	0.146912
4281	0.147008
4291	0.147360
4301	0.147520
4311	0.147904
4321	0.148496
4331	0.148240
4341	0.148928
4351	0.149088
4361	0.149328
4371	0.149664
4381	0.150352
4391	0.150816
4401	0.150720
4411	0.151088
4421	0.151472
4431	0.151424
4441	0.151984
4451	0.152240
4461	0.152672
4471	0.153104
4481	0.153200
4491	0.153840
4501	0.153856
4511	0.154640
4521	0.154768
4531	0.155280
4541	0.155456
4551	0.155472
4561	0.155904
4571	0.155952
4581	0.156208
4591	0.157168
4601	0.157472
4611	0.157552
4621	0.158080
4631	0.158608
4641	0.158368
4651	0.158416
4661	0.158768
4671	0.159200
4681	0.159600
4691	0.160176
4701	0.160272
4711	0.160752
4721	0.161264
4731	0.160960
4741	0.161792
4751	0.162736
4761	0.162576
4771	0.162752
4781	0.162992
4791	0.163504
4801	0.163536
4811	0.164224
4821	0.164112
4831	0.164800
4841	0.165216
4851	0.165536
4861	0.165696
4871	0.166144
4881	0.166272
4891	0.166960
4901	0.167024
4911	0.168016
4921	0.167968
4931	0.167968
4941	0.168448
4951	0.168816
4961	0.168848
4971	0.168960
4981	0.169728
4991	0.169968
5001	0.170496
5011	0.170960
5021	0.171024
5031	0.171312
5041	0.171600
5051	0.171920
5061	0.172256
5071	0.172384
5081	0.172784
5091	0.173232
5101	0.173344
5111	0.174048
5121	0.174064
5131	0.174416
5141	0.174848
5151	0.174896
5161	0.175328
5171	0.175872
5181	0.176544
5191	0.176352
5201	0.176864
5211	0.177552
5221	0.177360
5231	0.177600
5241	0.178704
5251	0.178624
5261	0.178880
5271	0.178880
5281	0.178704
5291	0.179888
5301	0.180128
5311	0.180256
5321	0.180576
5331	0.181056
5341	0.181504
5351	0.181664
5361	0.182256
5371	0.181840
5381	0.182480
5391	0.182896
5401	0.183136
5411	0.183424
5421	0.183824
5431	0.184256
5441	0.184576
5451	0.184784
5461	0.184976
5471	0.185376
5481	0.185776
5491	0.186112
5501	0.186592
5511	0.186496
5521	0.187232
5531	0.187584
5541	0.187776
5551	0.188208
5561	0.188544
5571	0.188416
5581	0.189040
5591	0.189232
5601	0.189440
5611	0.190112
5621	0.190304
5631	0.190832
5641	0.191072
5651	0.191344
5661	0.191824
5671	0.192144
5681	0.192496
5691	0.192576
5701	0.193040
5711	0.193568
5721	0.193696
5731	0.193984
5741	0.194176
5751	0.194560
5761	0.195040
5771	0.195376
5781	0.195728
5791	0.195840
5801	0.196432
5811	0.196528
5821	0.196960
5831	0.196960
5841	0.197200
5851	0.197952
5861	0.198320
5871	0.198832
5881	0.198816
5891	0.199264
5901	0.199760
5911	0.199872
5921	0.200144
5931	0.200544
5941	0.200560
5951	0.201696
5961	0.201568
5971	0.201808
5981	0.202032
5991	0.202304
6001	0.202736
6011	0.202848
6021	0.203376
6031	0.204112
6041	0.204416
6051	0.204624
6061	0.204576
6071	0.205232
6081	0.205360
6091	0.206320
6101	0.205744
6111	0.206192
6121	0.206672
6131	0.207056
6141	0.207280
6151	0.207280
6161	0.208128
6171	0.208512
6181	0.208640
6191	0.209392
6201	0.209184
6211	0.209440
6221	0.210048
6231	0.210656
6241	0.210576
6251	0.210992
6261	0.211120
6271	0.211600
6281	0.211984
6291	0.212352
6301	0.212656
6311	0.213552
6321	0.213584
6331	0.213312
6341	0.213808
6351	0.213824
6361	0.214272
6371	0.214624
6381	0.214816
6391	0.215264
6401	0.215424
6411	0.216192
6421	0.216400
6431	0.216576
6441	0.217456
6451	0.217520
6461	0.217792
6471	0.217968
6481	0.218192
6491	0.218496
6501	0.218976
6511	0.219120
6521	0.219520
6531	0.219680
6541	0.220384
6551	0.220416
6561	0.220608
6571	0.221488
6581	0.221392
6591	0.221936
6601	0.222464
6611	0.222512
6621	0.223024
6631	0.223296
6641	0.223440
6651	0.223952
6661	0.224000
6671	0.224576
6681	0.224816
6691	0.225008
6701	0.225520
6711	0.226000
6721	0.226208
6731	0.226320
6741	0.226544
6751	0.226640
6761	0.228112
6771	0.227760
6781	0.227856
6791	0.228320
6801	0.229152
6811	0.228928
6821	0.229360
6831	0.229664
6841	0.230064
6851	0.230528
6861	0.230448
6871	0.231120
6881	0.230944
6891	0.231472
6901	0.231744
6911	0.232048
6921	0.232400
6931	0.232896
6941	0.233280
6951	0.233504
6961	0.233840
6971	0.233760
6981	0.234400
6991	0.235040
7001	0.235072
7011	0.235568
7021	0.235664
7031	0.236320
7041	0.236624
7051	0.236784
7061	0.237104
7071	0.237424
7081	0.238384
7091	0.237904
7101	0.238160
7111	0.238464
7121	0.238912
7131	0.239280
7141	0.239648
7151	0.239952
7161	0.240080
7171	0.240384
7181	0.240832
7191	0.241552
7201	0.241440
7211	0.241904
7221	0.242480
7231	0.242592
7241	0.243024
7251	0.243504
7261	0.243808
7271	0.243872
7281	0.245040
7291	0.244896
7301	0.244912
7311	0.245584
7321	0.245808
7331	0.246016
7341	0.246512
7351	0.246528
7361	0.246896
7371	0.247168
7381	0.247520
7391	0.247600
7401	0.248240
7411	0.248672
7421	0.248800
7431	0.249200
7441	0.249600
7451	0.250016
7461	0.250000
7471	0.250880
7481	0.250688
7491	0.251504
7501	0.251648
7511	0.251776
7521	0.251808
7531	0.252464
7541	0.252464
7551	0.252800
7561	0.253584
7571	0.253520
7581	0.254000
7591	0.254336
7601	0.254944
7611	0.254960
7621	0.255136
7631	0.255632
7641	0.255728
7651	0.255984
7661	0.256448
7671	0.256800
7681	0.257280
7691	0.257440
7701	0.257664
7711	0.257856
7721	0.258560
7731	0.258624
7741	0.259200
7751	0.259408
7761	0.260048
7771	0.260576
7781	0.260480
7791	0.260608
7801	0.261216
7811	0.261472
7821	0.261536
7831	0.261952
7841	0.262304
7851	0.262672
7861	0.262896
7871	0.263296
7881	0.263472
7891	0.263872
7901	0.264032
7911	0.264576
7921	0.265408
7931	0.265568
7941	0.265936
7951	0.265968
7961	0.266496
7971	0.266720
7981	0.267008
7991	0.267040
8001	0.267376
8011	0.267888
8021	0.268032
8031	0.268384
8041	0.268800
8051	0.269296
8061	0.269408
8071	0.269728
8081	0.269952
8091	0.270224
8101	0.270512
8111	0.271168
8121	0.271728
8131	0.272560
8141	0.272480
8151	0.272624
8161	0.272576
8171	0.273408
8181	0.274304
8191	0.273904
8201	0.274512
8211	0.274432
8221	0.274496
8231	0.275248
8241	0.275488
8251	0.275552
8261	0.275776
8271	0.276144
8281	0.276768
8291	0.276704
8301	0.277216
8311	0.277232
8321	0.277904
8331	0.278240
8341	0.278496
8351	0.279056
8361	0.279296
8371	0.279872
8381	0.279984
8391	0.280544
8401	0.280352
8411	0.281200
8421	0.281392
8431	0.281488
8441	0.281792
8451	0.282240
8461	0.282400
8471	0.282656
8481	0.283184
8491	0.283328
8501	0.283872
8511	0.284144
8521	0.284480
8531	0.284656
8541	0.285088
8551	0.285312
8561	0.285648
8571	0.285776
8581	0.286112
8591	0.286688
8601	0.287168
8611	0.287376
8621	0.287568
8631	0.287936
8641	0.288304
8651	0.288992
8661	0.288736
8671	0.289824
8681	0.289696
8691	0.289872
8701	0.290544
8711	0.290464
8721	0.290784
8731	0.291424
8741	0.291712
8751	0.291984
8761	0.292448
8771	0.292576
8781	0.292928
8791	0.293184
8801	0.293296
8811	0.293920
8821	0.294192
8831	0.294848
8841	0.294880
8851	0.294976
8861	0.295520
8871	0.295984
8881	0.296208
8891	0.296320
8901	0.296560
8911	0.296992
8921	0.297424
8931	0.298256
8941	0.297856
8951	0.298304
8961	0.298736
8971	0.298976
8981	0.299280
8991	0.299776
9001	0.300032
9011	0.300432
9021	0.300592
9031	0.300864
9041	0.301312
9051	0.301808
9061	0.301968
9071	0.302656
9081	0.302592
9091	0.303376
9101	0.303232
9111	0.303104
9121	0.303696
9131	0.304208
9141	0.304736
9151	0.304832
9161	0.305488
9171	0.305296
9181	0.306208
9191	0.305984
9201	0.306432
9211	0.306768
9221	0.306976
9231	0.307264
9241	0.307968
9251	0.308144
9261	0.308448
9271	0.308736
9281	0.309008
9291	0.309344
9301	0.309808
9311	0.309952
9321	0.310176
9331	0.310768
9341	0.311040
9351	0.311232
9361	0.311504
9371	0.311968
9381	0.312208
9391	0.312496
9401	0.313152
9411	0.313264
9421	0.313904
9431	0.313808
9441	0.314752
9451	0.314384
9461	0.314784
9471	0.314992
9481	0.315504
9491	0.315680
9501	0.316400
9511	0.316320
9521	0.316672
9531	0.317152
9541	0.317488
9551	0.317936
9561	0.318112
9571	0.318640
9581	0.318768
9591	0.319104
9601	0.319392
9611	0.319696
9621	0.319968
9631	0.320576
9641	0.320432
9651	0.321168
9661	0.321520
9671	0.321440
9681	0.322096
9691	0.322608
9701	0.323056
9711	0.322720
9721	0.323248
9731	0.323760
9741	0.324000
9751	0.324208
9761	0.324640
9771	0.324992
9781	0.325360
9791	0.326512
9801	0.326160
9811	0.326512
9821	0.326848
9831	0.327104
9841	0.327472
9851	0.327808
9861	0.327888
9871	0.328224
9881	0.328400
9891	0.328976
9901	0.329168
9911	0.329696
9921	0.330208
9931	0.330064
9941	0.330784
9951	0.330880
9961	0.331232
9971	0.331328
9981	0.331696
9991	0.332144
10001	0.332368
10011	0.332896
10021	0.332912
10031	0.333424
10041	0.333904
10051	0.333984
10061	0.334592
10071	0.334720
10081	0.334960
10091	0.335232
10101	0.335680
10111	0.335696
10121	0.336560
10131	0.336080
10141	0.337008
10151	0.337104
10161	0.337760
10171	0.337744
10181	0.338256
10191	0.338320
10201	0.338784
10211	0.339184
10221	0.339664
10231	0.340576
10241	0.340352
10251	0.340352
10261	0.340848
10271	0.341040
10281	0.341360
10291	0.341904
10301	0.341968
10311	0.342112
10321	0.342704
10331	0.343168
10341	0.343472
10351	0.343808
10361	0.343824
10371	0.344256
10381	0.344784
10391	0.345056
10401	0.345200
10411	0.345664
10421	0.345760
10431	0.346656
10441	0.346800
10451	0.347120
10461	0.347152
10471	0.347440
10481	0.347824
10491	0.348800
10501	0.348272
10511	0.348784
10521	0.349840
10531	0.350064
10541	0.350336
10551	0.350624
10561	0.350864
10571	0.351088
10581	0.350928
10591	0.351760
10601	0.352144
10611	0.352496
10621	0.352816
10631	0.352992
10641	0.353456
10651	0.353568
10661	0.353344
10671	0.353872
10681	0.354784
10691	0.355056
10701	0.355264
10711	0.355568
10721	0.355872
10731	0.356224
10741	0.356656
10751	0.356704
10761	0.357568
10771	0.357632
10781	0.357792
10791	0.358576
10801	0.358496
10811	0.358864
10821	0.359168
10831	0.359024
10841	0.360176
10851	0.360384
10861	0.360144
10871	0.360800
10881	0.360944
10891	0.361280
10901	0.361440
10911	0.362016
10921	0.362000
10931	0.362752
10941	0.362704
10951	0.363440
10961	0.363184
10971	0.364128
10981	0.364304
10991	0.364816
11001	0.364736
11011	0.365136
11021	0.365600
11031	0.365792
11041	0.366080
11051	0.366560
11061	0.366448
11071	0.367088
11081	0.367696
11091	0.367792
11101	0.368176
11111	0.368432
11121	0.368896
11131	0.368896
11141	0.369520
11151	0.369488
11161	0.370080
11171	0.370544
11181	0.370720
11191	0.371440
11201	0.371408
11211	0.371680
11221	0.371872
11231	0.372368
11241	0.372640
11251	0.373136
11261	0.373712
11271	0.373600
11281	0.374672
11291	0.374736
11301	0.374976
11311	0.375200
11321	0.375728
11331	0.375488
11341	0.375296
11351	0.376800
11361	0.376544
11371	0.376944
11381	0.377152
11391	0.377664
11401	0.377872
11411	0.378144
11421	0.378800
11431	0.378992
11441	0.379424
11451	0.379616
11461	0.380368
11471	0.380336
11481	0.380384
11491	0.380416
11501	0.381008
11511	0.381648
11521	0.382272
11531	0.382384
11541	0.382352
11551	0.382656
11561	0.383104
11571	0.383408
11581	0.383792
11591	0.384128
11601	0.384400
11611	0.385216
11621	0.385376
11631	0.385936
11641	0.385728
11651	0.386192
11661	0.386736
11671	0.386880
11681	0.387344
11691	0.387184
11701	0.387648
11711	0.388112
11721	0.388368
11731	0.388608
11741	0.388832
11751	0.389408
11761	0.389584
11771	0.390816
11781	0.390368
11791	0.390544
11801	0.390864
11811	0.391760
11821	0.392160
11831	0.392432
11841	0.393152
11851	0.392688
11861	0.392560
11871	0.392960
11881	0.393408
11891	0.393888
11901	0.393712
11911	0.394416
11921	0.395376
11931	0.394944
11941	0.395584
11951	0.395728
11961	0.396304
11971	0.396928
11981	0.396912
11991	0.397008
12001	0.397184
12011	0.397824
12021	0.398000
12031	0.398752
12041	0.398784
12051	0.398768
12061	0.399408
12071	0.399648
12081	0.401120
12091	0.400176
12101	0.400528
12111	0.401248
12121	0.401632
12131	0.402320
12141	0.402032
12151	0.402368
12161	0.402208
12171	0.402752
12181	0.403200
12191	0.403616
12201	0.403872
12211	0.404384
12221	0.404688
12231	0.405296
12241	0.405216
12251	0.406352
12261	0.406272
12271	0.406160
12281	0.406208
12291	0.406928
12301	0.406928
12311	0.407952
12321	0.407840
12331	0.408464
12341	0.408288
12351	0.408480
12361	0.409152
12371	0.408784
12381	0.410032
12391	0.410320
12401	0.410672
12411	0.410912
12421	0.410960
12431	0.412016
12441	0.412320
12451	0.412128
12461	0.412128
12471	0.412944
12481	0.412784
12491	0.413536
12501	0.413680
12511	0.413984
12521	0.414800
12531	0.414576
12541	0.415088
12551	0.415104
12561	0.415552
12571	0.416928
12581	0.416768
12591	0.416240
12601	0.417200
12611	0.417040
12621	0.418064
12631	0.418224
12641	0.418576
12651	0.418720
12661	0.419216
12671	0.419008
12681	0.419664
12691	0.419680
12701	0.419808
12711	0.420464
12721	0.420624
12731	0.420800
12741	0.421264
12751	0.421312
12761	0.422064
12771	0.422464
12781	0.422800
12791	0.423584
12801	0.423952
12811	0.423728
12821	0.423680
12831	0.424464
12841	0.424608
12851	0.424752
12861	0.425104
12871	0.425776
12881	0.425664
12891	0.426464
12901	0.426368
12911	0.427088
12921	0.426848
12931	0.427248
12941	0.428128
12951	0.428928
12961	0.428704
12971	0.428480
12981	0.428896
12991	0.430112
13001	0.429936
13011	0.430080
13021	0.430432
13031	0.430912
13041	0.431520
13051	0.431760
13061	0.432272
13071	0.432720
13081	0.433504
13091	0.432624
13101	0.433008
13111	0.433536
13121	0.433792
13131	0.434144
13141	0.434384
13151	0.434656
13161	0.434992
13171	0.435456
13181	0.435920
13191	0.436448
13201	0.436912
13211	0.436832
13221	0.437744
13231	0.436992
13241	0.437664
13251	0.438496
13261	0.438096
13271	0.438656
13281	0.439008
13291	0.439040
13301	0.439888
13311	0.439568
13321	0.441200
13331	0.440992
13341	0.440784
13351	0.441424
13361	0.441712
13371	0.441728
13381	0.442976
13391	0.442608
13401	0.443264
13411	0.443072
13421	0.443968
13431	0.443920
13441	0.444848
13451	0.444736
13461	0.444336
13471	0.444976
13481	0.445456
13491	0.445552
13501	0.446448
13511	0.446400
13521	0.446672
13531	0.447088
13541	0.447200
13551	0.447552
13561	0.447984
13571	0.448592
13581	0.448784
13591	0.449264
13601	0.449744
13611	0.450272
13621	0.449744
13631	0.450656
13641	0.450528
13651	0.450896
13661	0.451520
13671	0.451632
13681	0.451584
13691	0.452192
13701	0.452688
13711	0.452960
13721	0.453168
13731	0.453024
13741	0.453920
13751	0.454256
13761	0.454672
13771	0.455616
13781	0.455040
13791	0.455968
13801	0.456352
13811	0.456240
13821	0.456448
13831	0.456960
13841	0.456992
13851	0.457904
13861	0.457664
13871	0.457696
13881	0.458128
13891	0.458816
13901	0.458896
13911	0.459200
13921	0.459408
13931	0.459856
13941	0.460048
13951	0.460736
13961	0.461120
13971	0.461200
13981	0.461520
13991	0.461824
14001	0.462528
14011	0.462736
14021	0.463424
14031	0.463424
14041	0.463504
14051	0.463760
14061	0.464208
14071	0.464400
14081	0.464784
14091	0.465088
14101	0.465520
14111	0.465712
14121	0.466112
14131	0.466672
14141	0.467040
14151	0.467536
14161	0.467376
14171	0.467984
14181	0.468000
14191	0.468128
14201	0.468752
14211	0.469104
14221	0.469296
14231	0.469936
14241	0.470192
14251	0.470160
14261	0.471760
14271	0.471024
14281	0.471488
14291	0.471504
14301	0.472528
14311	0.472256
14321	0.472896
14331	0.473376
14341	0.473584
14351	0.474144
14361	0.474496
14371	0.474656
14381	0.474928
14391	0.475344
14401	0.475600
14411	0.475680
14421	0.475936
14431	0.476576
14441	0.476656
14451	0.476864
14461	0.477312
14471	0.477824
14481	0.478608
14491	0.478512
14501	0.478544
14511	0.478480
14521	0.480304
14531	0.479408
14541	0.479376
14551	0.480560
14561	0.480672
14571	0.480752
14581	0.480720
14591	0.481072
14601	0.481648
14611	0.481952
14621	0.482608
14631	0.483280
14641	0.482640
14651	0.483376
14661	0.484112
14671	0.484400
14681	0.484336
14691	0.484736
14701	0.484720
14711	0.486544
14721	0.485968
14731	0.486352
14741	0.486432
14751	0.487536
14761	0.487152
14771	0.487712
14781	0.487952
14791	0.488336
14801	0.488080
14811	0.488352
14821	0.489824
14831	0.489392
14841	0.489360
14851	0.489616
14861	0.489792
14871	0.490352
14881	0.490784
14891	0.491296
14901	0.491568
14911	0.492064
14921	0.492160
14931	0.492896
14941	0.493040
14951	0.493376
14961	0.493488
14971	0.494448
14981	0.494272
14991	0.495376
15001	0.494880
15011	0.496128
15021	0.495760
15031	0.496224
15041	0.496288
15051	0.496928
15061	0.496416
15071	0.496880
15081	0.497264
15091	0.497792
15101	0.498112
15111	0.498320
15121	0.498208
15131	0.498816
15141	0.499280
15151	0.499696
15161	0.500000
15171	0.499888
15181	0.500672
15191	0.500960
15201	0.501632
15211	0.501760
15221	0.501744
15231	0.502240
15241	0.502896
15251	0.506560
15261	0.503264
15271	0.504016
15281	0.504368
15291	0.504560
15301	0.505216
15311	0.504704
15321	0.505008
15331	0.505472
15341	0.505824
15351	0.506240
15361	0.506832
15371	0.506848
15381	0.507392
15391	0.507216
15401	0.507792
15411	0.507920
15421	0.508656
15431	0.508688
15441	0.508800
15451	0.509424
15461	0.509712
15471	0.510048
15481	0.511040
15491	0.510640
15501	0.511328
15511	0.511936
15521	0.511568
15531	0.511888
15541	0.512688
15551	0.513088
15561	0.513104
15571	0.513440
15581	0.513536
15591	0.513696
15601	0.514352
15611	0.514848
15621	0.515408
15631	0.515408
15641	0.515616
15651	0.516064
15661	0.516848
15671	0.516256
15681	0.516688
15691	0.517296
15701	0.517520
15711	0.517744
15721	0.518640
15731	0.518448
15741	0.519008
15751	0.518992
15761	0.519104
15771	0.519776
15781	0.520240
15791	0.520080
15801	0.520544
15811	0.520928
15821	0.521216
15831	0.521856
15841	0.522032
15851	0.522384
15861	0.523104
15871	0.523264
15881	0.523216
15891	0.523792
15901	0.523712
15911	0.524128
15921	0.524688
15931	0.525200
15941	0.525536
15951	0.525664
15961	0.525888
15971	0.526400
15981	0.526256
15991	0.526816
16001	0.527264
16011	0.527312
16021	0.527664
16031	0.528608
16041	0.528752
16051	0.529088
16061	0.529328
16071	0.529584
16081	0.529616
16091	0.530048
16101	0.530352
16111	0.530992
16121	0.531280
16131	0.531328
16141	0.531744
16151	0.532208
16161	0.532720
16171	0.532592
16181	0.533008
16191	0.533552
16201	0.534096
16211	0.534160
16221	0.534336
16231	0.534672
16241	0.534656
16251	0.535024
16261	0.536160
16271	0.536512
16281	0.536416
16291	0.536816
16301	0.537040
16311	0.537344
16321	0.537792
16331	0.537872
16341	0.538496
16351	0.538832
16361	0.539616
16371	0.539520
16381	0.539920
16391	0.540128
16401	0.540432
16411	0.540512
16421	0.540816
16431	0.541504
16441	0.541392
16451	0.541808
16461	0.542192
16471	0.543040
16481	0.543200
16491	0.543152
16501	0.543760
16511	0.543760
16521	0.544080
16531	0.544848
16541	0.544976
16551	0.545472
16561	0.545664
16571	0.545568
16581	0.545744
16591	0.546624
16601	0.547216
16611	0.547088
16621	0.548016
16631	0.547632
16641	0.548096
16651	0.548560
16661	0.548432
16671	0.549360
16681	0.549184
16691	0.549872
16701	0.550256
16711	0.550272
16721	0.551072
16731	0.550832
16741	0.551248
16751	0.551936
16761	0.551936
16771	0.552464
16781	0.552560
16791	0.552976
16801	0.552864
16811	0.553728
16821	0.553680
16831	0.554336
16841	0.555120
16851	0.554848
16861	0.555712
16871	0.555520
16881	0.556240
16891	0.555936
16901	0.556816
16911	0.557120
16921	0.557600
16931	0.558064
16941	0.558352
16951	0.558608
16961	0.558672
16971	0.558896
16981	0.558992
16991	0.559952
17001	0.560144
17011	0.559840
17021	0.560448
17031	0.560704
17041	0.560976
17051	0.561376
17061	0.561776
17071	0.562144
17081	0.562304
17091	0.562976
17101	0.563136
17111	0.563680
17121	0.564240
17131	0.564688
17141	0.564656
17151	0.565392
17161	0.565152
17171	0.565536
17181	0.565904
17191	0.566048
17201	0.566352
17211	0.566480
17221	0.567152
17231	0.567552
17241	0.567472
17251	0.567872
17261	0.568464
17271	0.569104
17281	0.568960
17291	0.569184
17301	0.569408
17311	0.569984
17321	0.571088
17331	0.570656
17341	0.570624
17351	0.571056
17361	0.571520
17371	0.571792
17381	0.571936
17391	0.572464
17401	0.572320
17411	0.573072
17421	0.573248
17431	0.573648
17441	0.574016
17451	0.574336
17461	0.574432
17471	0.575152
17481	0.575728
17491	0.575856
17501	0.576624
17511	0.576512
17521	0.576720
17531	0.577008
17541	0.577360
17551	0.577840
17561	0.578272
17571	0.578672
17581	0.578928
17591	0.579552
17601	0.579376
17611	0.579936
17621	0.579872
17631	0.580544
17641	0.580880
17651	0.581152
17661	0.581328
17671	0.581376
17681	0.582224
17691	0.582544
17701	0.582560
17711	0.583520
17721	0.583584
17731	0.583840
17741	0.584112
17751	0.584480
17761	0.584768
17771	0.584912
17781	0.585120
17791	0.585840
17801	0.586080
17811	0.586224
17821	0.586288
17831	0.586864
17841	0.587104
17851	0.587216
17861	0.587936
17871	0.587808
17881	0.588352
17891	0.589072
17901	0.589408
17911	0.589424
17921	0.590176
17931	0.590240
17941	0.590512
17951	0.591024
17961	0.590960
17971	0.591072
17981	0.591552
17991	0.591952
18001	0.592224
18011	0.592624
18021	0.593840
18031	0.593264
18041	0.593616
18051	0.593760
18061	0.594720
18071	0.594736
18081	0.594832
18091	0.595344
18101	0.595296
18111	0.595936
18121	0.596416
18131	0.596624
18141	0.596800
18151	0.597056
18161	0.597792
18171	0.597744
18181	0.598272
18191	0.598496
18201	0.599472
18211	0.599648
18221	0.600496
18231	0.599840
18241	0.600464
18251	0.601344
18261	0.601136
18271	0.601120
18281	0.601520
18291	0.601632
18301	0.602208
18311	0.602720
18321	0.603136
18331	0.603696
18341	0.604224
18351	0.603680
18361	0.604320
18371	0.604992
18381	0.604880
18391	0.605424
18401	0.605056
18411	0.605792
18421	0.606496
18431	0.606880
18441	0.606560
18451	0.606944
18461	0.607760
18471	0.608080
18481	0.607968
18491	0.608368
18501	0.609008
18511	0.609168
18521	0.609648
18531	0.609728
18541	0.609904
18551	0.610416
18561	0.610592
18571	0.610688
18581	0.611120
18591	0.611664
18601	0.612432
18611	0.613088
18621	0.612928
18631	0.613824
18641	0.613120
18651	0.614160
18661	0.613632
18671	0.614368
18681	0.614432
18691	0.614976
18701	0.615312
18711	0.615984
18721	0.616000
18731	0.616336
18741	0.616864
18751	0.617232
18761	0.617616
18771	0.617584
18781	0.617616
18791	0.618176
18801	0.618224
18811	0.618608
18821	0.619264
18831	0.619824
18841	0.620048
18851	0.620496
18861	0.620640
18871	0.620944
18881	0.621088
18891	0.621264
18901	0.621536
18911	0.622240
18921	0.622432
18931	0.622544
18941	0.622736
18951	0.623280
18961	0.623376
18971	0.624176
18981	0.624144
18991	0.624912
19001	0.625248
19011	0.625712
19021	0.625712
19031	0.625728
19041	0.625952
19051	0.626640
19061	0.626848
19071	0.627360
19081	0.627648
19091	0.628384
19101	0.628320
19111	0.628656
19121	0.628912
19131	0.629152
19141	0.629728
19151	0.629920
19161	0.629952
19171	0.630752
19181	0.630640
19191	0.630848
19201	0.631552
19211	0.631792
19221	0.631808
19231	0.632288
19241	0.632704
19251	0.632720
19261	0.633472
19271	0.633664
19281	0.633856
19291	0.634128
19301	0.634528
19311	0.635344
19321	0.635472
19331	0.635840
19341	0.636000
19351	0.636432
19361	0.636352
19371	0.637504
19381	0.637792
19391	0.637568
19401	0.637760
19411	0.637808
19421	0.638928
19431	0.638720
19441	0.638848
19451	0.639296
19461	0.639440
19471	0.640112
19481	0.640400
19491	0.640960
19501	0.641376
19511	0.641200
19521	0.642016
19531	0.641888
19541	0.642624
19551	0.643072
19561	0.643088
19571	0.643328
19581	0.643520
19591	0.644064
19601	0.644656
19611	0.644704
19621	0.644944
19631	0.646080
19641	0.648256
19651	0.645632
19661	0.647072
19671	0.647120
19681	0.647920
19691	0.647280
19701	0.647952
19711	0.647680
19721	0.648432
19731	0.648784
19741	0.649072
19751	0.649504
19761	0.649872
19771	0.649888
19781	0.650400
19791	0.650624
19801	0.651152
19811	0.651264
19821	0.651552
19831	0.651872
19841	0.652096
19851	0.652464
19861	0.652688
19871	0.653376
19881	0.653680
19891	0.653888
19901	0.654032
19911	0.654224
19921	0.654368
19931	0.655088
19941	0.655344
19951	0.655552
19961	0.655824
19971	0.656288
19981	0.656816
19991	0.657232
