Num_Matrices	Median_Transfer_Time_ms
1	0.022144
11	0.010160
21	0.010608
31	0.011632
41	0.012752
51	0.013984
61	0.015136
71	0.016592
81	0.017776
91	0.018032
101	0.019328
111	0.020848
121	0.022080
131	0.023648
141	0.025440
151	0.025424
161	0.026656
171	0.024064
181	0.021264
191	0.021808
201	0.022288
211	0.022976
221	0.024112
231	0.024128
241	0.024656
251	0.025184
261	0.026144
271	0.026912
281	0.027424
291	0.028896
301	0.028576
311	0.030128
321	0.030096
331	0.031520
341	0.031152
351	0.032512
361	0.032416
371	0.033808
381	0.033728
391	0.035200
401	0.034800
411	0.036320
421	0.036480
431	0.038080
441	0.037504
451	0.039264
461	0.038896
471	0.039696
481	0.040416
491	0.041552
501	0.041200
511	0.042608
521	0.042944
531	0.044560
541	0.044400
551	0.045632
561	0.044976
571	0.047184
581	0.046864
591	0.048320
601	0.047568
611	0.049312
621	0.048992
631	0.050448
641	0.050288
651	0.052160
661	0.051424
671	0.052880
681	0.052752
691	0.054208
701	0.053872
711	0.055424
721	0.055120
731	0.056320
741	0.056144
751	0.058704
761	0.057440
771	0.058944
781	0.058912
791	0.059936
801	0.059872
811	0.061392
821	0.061280
831	0.062496
841	0.062976
851	0.063824
861	0.063872
871	0.064944
881	0.064752
891	0.066160
901	0.066160
911	0.067184
921	0.067344
931	0.068800
941	0.068416
951	0.069968
961	0.069760
971	0.071344
981	0.070832
991	0.072208
1001	0.072272
1011	0.073472
1021	0.073296
1031	0.075280
1041	0.074480
1051	0.075952
1061	0.075696
1071	0.077312
1081	0.077120
1091	0.078848
1101	0.078464
1111	0.080048
1121	0.079824
1131	0.081232
1141	0.080960
1151	0.082480
1161	0.081920
1171	0.083360
1181	0.083472
1191	0.084640
1201	0.084512
1211	0.086320
1221	0.085728
1231	0.087072
1241	0.087024
1251	0.089184
1261	0.088432
1271	0.089872
1281	0.089584
1291	0.090928
1301	0.091056
1311	0.092256
1321	0.092112
1331	0.092832
1341	0.093296
1351	0.094640
1361	0.094880
1371	0.095968
1381	0.095888
1391	0.097008
1401	0.096896
1411	0.098528
1421	0.098144
1431	0.099664
1441	0.099232
1451	0.101008
1461	0.100608
1471	0.101712
1481	0.102080
1491	0.103424
1501	0.103072
1511	0.104256
1521	0.104720
1531	0.105536
1541	0.105680
1551	0.107136
1561	0.106640
1571	0.108544
1581	0.107872
1591	0.108896
1601	0.108944
1611	0.110864
1621	0.110512
1631	0.111584
1641	0.111520
1651	0.112880
1661	0.113344
1671	0.114528
1681	0.114496
1691	0.115632
1701	0.115648
1711	0.116336
1721	0.117168
1731	0.118000
1741	0.118320
1751	0.118992
1761	0.118976
1771	0.120336
1781	0.121696
1791	0.122160
1801	0.122272
1811	0.122768
1821	0.123536
1831	0.124000
1841	0.125008
1851	0.125888
1861	0.126208
1871	0.126704
1881	0.127008
1891	0.128064
1901	0.128416
1911	0.129216
1921	0.129616
1931	0.130240
1941	0.130816
1951	0.131808
1961	0.132000
1971	0.132800
1981	0.133744
1991	0.133808
2001	0.134336
2011	0.134784
2021	0.135552
2031	0.136176
2041	0.136864
2051	0.137712
2061	0.138368
2071	0.138736
2081	0.139184
2091	0.140016
2101	0.141056
2111	0.141024
2121	0.141920
2131	0.142320
2141	0.142704
2151	0.143808
2161	0.144640
2171	0.144608
2181	0.144896
2191	0.145888
2201	0.146704
2211	0.147472
2221	0.147472
2231	0.148400
2241	0.149488
2251	0.150000
2261	0.151168
2271	0.151136
2281	0.151568
2291	0.152000
2301	0.152880
2311	0.153168
2321	0.153936
2331	0.155520
2341	0.155520
2351	0.155952
2361	0.156848
2371	0.157168
2381	0.158096
2391	0.158592
2401	0.159152
2411	0.159856
2421	0.160240
2431	0.160704
2441	0.161472
2451	0.161872
2461	0.162656
2471	0.162976
2481	0.164176
2491	0.164688
2501	0.165328
2511	0.165632
2521	0.166448
2531	0.167168
2541	0.167072
2551	0.168016
2561	0.169088
2571	0.169232
2581	0.170096
2591	0.170416
2601	0.171168
2611	0.172272
2621	0.172608
2631	0.173664
2641	0.173680
2651	0.174032
2661	0.174432
2671	0.174448
2681	0.174528
2691	0.175424
2701	0.175520
2711	0.175520
2721	0.176624
2731	0.176368
2741	0.176400
2751	0.176832
2761	0.176720
2771	0.177680
2781	0.177472
2791	0.178256
2801	0.178544
2811	0.179264
2821	0.179200
2831	0.180000
2841	0.179952
2851	0.180256
2861	0.180416
2871	0.180608
2881	0.181360
2891	0.181440
2901	0.181840
2911	0.182192
2921	0.182336
2931	0.182480
2941	0.183216
2951	0.183696
2961	0.183728
2971	0.184384
2981	0.183968
2991	0.184768
3001	0.185936
3011	0.184944
3021	0.186928
3031	0.186848
3041	0.185968
3051	0.186608
3061	0.186800
3071	0.187520
3081	0.187424
3091	0.187712
3101	0.187632
3111	0.190880
3121	0.188896
3131	0.188992
3141	0.189312
3151	0.189840
3161	0.190000
3171	0.190080
3181	0.190624
3191	0.190784
3201	0.191136
3211	0.191312
3221	0.191920
3231	0.192352
3241	0.192576
3251	0.192800
3261	0.193552
3271	0.193824
3281	0.193648
3291	0.193760
3301	0.194512
3311	0.194976
3321	0.194864
3331	0.195536
3341	0.195600
3351	0.196208
3361	0.196768
3371	0.196528
3381	0.196896
3391	0.197168
3401	0.197440
3411	0.197728
3421	0.198224
3431	0.198816
3441	0.198864
3451	0.199424
3461	0.199728
3471	0.200208
3481	0.200352
3491	0.200272
3501	0.200832
3511	0.201104
3521	0.202224
3531	0.201760
3541	0.202000
3551	0.202560
3561	0.202880
3571	0.203264
3581	0.203504
3591	0.203728
3601	0.204112
3611	0.204384
3621	0.204592
3631	0.204864
3641	0.205472
3651	0.205952
3661	0.205872
3671	0.206352
3681	0.206704
3691	0.207072
3701	0.207312
3711	0.207584
3721	0.207648
3731	0.207984
3741	0.208384
3751	0.209072
3761	0.209072
3771	0.209232
3781	0.209968
3791	0.210032
3801	0.210416
3811	0.210976
3821	0.211264
3831	0.211792
3841	0.211312
3851	0.212464
3861	0.212592
3871	0.212528
3881	0.213024
3891	0.213360
3901	0.214032
3911	0.214096
3921	0.214336
3931	0.214496
3941	0.214864
3951	0.215232
3961	0.215856
3971	0.215968
3981	0.216672
3991	0.216704
4001	0.217072
4011	0.217696
4021	0.217472
4031	0.218176
4041	0.218512
4051	0.218384
4061	0.219504
4071	0.219200
4081	0.219488
4091	0.219936
4101	0.220304
4111	0.220304
4121	0.220896
4131	0.220976
4141	0.221200
4151	0.221824
4161	0.221776
4171	0.222608
4181	0.222720
4191	0.222736
4201	0.223328
4211	0.223776
4221	0.224160
4231	0.224224
4241	0.224640
4251	0.224944
4261	0.225376
4271	0.225552
4281	0.225968
4291	0.226224
4301	0.226496
4311	0.227952
4321	0.227216
4331	0.227600
4341	0.227744
4351	0.228128
4361	0.228688
4371	0.228704
4381	0.229120
4391	0.229296
4401	0.229600
4411	0.230192
4421	0.230640
4431	0.230688
4441	0.231200
4451	0.232896
4461	0.232384
4471	0.232384
4481	0.232320
4491	0.233200
4501	0.232864
4511	0.232816
4521	0.234608
4531	0.233952
4541	0.234624
4551	0.234272
4561	0.234672
4571	0.235104
4581	0.235552
4591	0.235936
4601	0.236448
4611	0.236496
4621	0.237280
4631	0.237216
4641	0.237648
4651	0.238464
4661	0.237808
4671	0.238768
4681	0.239104
4691	0.238928
4701	0.239072
4711	0.239776
4721	0.240192
4731	0.240592
4741	0.240672
4751	0.241456
4761	0.241776
4771	0.241968
4781	0.245680
4791	0.242576
4801	0.242720
4811	0.243360
4821	0.243248
4831	0.244080
4841	0.243584
4851	0.245440
4861	0.244528
4871	0.244704
4881	0.245344
4891	0.245296
4901	0.246096
4911	0.246096
4921	0.246672
4931	0.246944
4941	0.247040
4951	0.247632
4961	0.248672
4971	0.248016
4981	0.248688
4991	0.248624
5001	0.249872
5011	0.249312
5021	0.250480
5031	0.250800
5041	0.250272
5051	0.250880
5061	0.251056
5071	0.251520
5081	0.251616
5091	0.252352
5101	0.252608
5111	0.252592
5121	0.253232
5131	0.253936
5141	0.254288
5151	0.253904
5161	0.254224
5171	0.254688
5181	0.254944
5191	0.255680
5201	0.255984
5211	0.256464
5221	0.256864
5231	0.256736
5241	0.256976
5251	0.259440
5261	0.260128
5271	0.260656
5281	0.261184
5291	0.260592
5301	0.261408
5311	0.261504
5321	0.262688
5331	0.261696
5341	0.263200
5351	0.262432
5361	0.263280
5371	0.263072
5381	0.264528
5391	0.263600
5401	0.264128
5411	0.264160
5421	0.266032
5431	0.264976
5441	0.266080
5451	0.265904
5461	0.266672
5471	0.267360
5481	0.266784
5491	0.267216
5501	0.269264
5511	0.267744
5521	0.268320
5531	0.268096
5541	0.269088
5551	0.268752
5561	0.269808
5571	0.269424
5581	0.273760
5591	0.269984
5601	0.271104
5611	0.270352
5621	0.272352
5631	0.271920
5641	0.272352
5651	0.272832
5661	0.273344
5671	0.272912
5681	0.275584
5691	0.274288
5701	0.276864
5711	0.274224
5721	0.274960
5731	0.274896
5741	0.275744
5751	0.275376
5761	0.280736
5771	0.275824
5781	0.276624
5791	0.276896
5801	0.277920
5811	0.277744
5821	0.277968
5831	0.278016
5841	0.279376
5851	0.278416
5861	0.280000
5871	0.278864
5881	0.280048
5891	0.279760
5901	0.280784
5911	0.280928
5921	0.281248
5931	0.280960
5941	0.281648
5951	0.281824
5961	0.282640
5971	0.282256
5981	0.283216
5991	0.283040
6001	0.284016
6011	0.284224
6021	0.285056
6031	0.284128
6041	0.285104
6051	0.285728
6061	0.286256
6071	0.285472
6081	0.286144
6091	0.286576
6101	0.287136
6111	0.286864
6121	0.287488
6131	0.287952
6141	0.288240
6151	0.288384
6161	0.288992
6171	0.289008
6181	0.290000
6191	0.289568
6201	0.290000
6211	0.290112
6221	0.291408
6231	0.290496
6241	0.291584
6251	0.291040
6261	0.292224
6271	0.291936
6281	0.292960
6291	0.292832
6301	0.293472
6311	0.293376
6321	0.293888
6331	0.294064
6341	0.294704
6351	0.294864
6361	0.295456
6371	0.294976
6381	0.296064
6391	0.295232
6401	0.296704
6411	0.296480
6421	0.297040
6431	0.297616
6441	0.297648
6451	0.298096
6461	0.298528
6471	0.298624
6481	0.299792
6491	0.299120
6501	0.300144
6511	0.299536
6521	0.300672
6531	0.300368
6541	0.300784
6551	0.300912
6561	0.301856
6571	0.301616
6581	0.302592
6591	0.303136
6601	0.302976
6611	0.303264
6621	0.303648
6631	0.303472
6641	0.304528
6651	0.303872
6661	0.305328
6671	0.304400
6681	0.305696
6691	0.305440
6701	0.306272
6711	0.306144
6721	0.307200
6731	0.306416
6741	0.307584
6751	0.307360
6761	0.308176
6771	0.309920
6781	0.309232
6791	0.308608
6801	0.309808
6811	0.308960
6821	0.310544
6831	0.309616
6841	0.310768
6851	0.310320
6861	0.311504
6871	0.311184
6881	0.311904
6891	0.311808
6901	0.312768
6911	0.312336
6921	0.313264
6931	0.313136
6941	0.314016
6951	0.313664
6961	0.314336
6971	0.314064
6981	0.315104
6991	0.314736
7001	0.315984
7011	0.315360
7021	0.316592
7031	0.316032
7041	0.317088
7051	0.316944
7061	0.317728
7071	0.317696
7081	0.318512
7091	0.318368
7101	0.318912
7111	0.319520
7121	0.319456
7131	0.318896
7141	0.320000
7151	0.320112
7161	0.320928
7171	0.320752
7181	0.321408
7191	0.321184
7201	0.321936
7211	0.323760
7221	0.323312
7231	0.323184
7241	0.323888
7251	0.323248
7261	0.324496
7271	0.323920
7281	0.324944
7291	0.324640
7301	0.325536
7311	0.325376
7321	0.326032
7331	0.325856
7341	0.326640
7351	0.326704
7361	0.327296
7371	0.327424
7381	0.327984
7391	0.327664
7401	0.328704
7411	0.328560
7421	0.329376
7431	0.329216
7441	0.330288
7451	0.329904
7461	0.330640
7471	0.330368
7481	0.331824
7491	0.331136
7501	0.332208
7511	0.331824
7521	0.333232
7531	0.332656
7541	0.333424
7551	0.333248
7561	0.334080
7571	0.333408
7581	0.334656
7591	0.334464
7601	0.334912
7611	0.335136
7621	0.343696
7631	0.336128
7641	0.337504
7651	0.338912
7661	0.337824
7671	0.337120
7681	0.338176
7691	0.337968
7701	0.338560
7711	0.338320
7721	0.339216
7731	0.338928
7741	0.339776
7751	0.339168
7761	0.340464
7771	0.340112
7781	0.341344
7791	0.340784
7801	0.341440
7811	0.341744
7821	0.342016
7831	0.342240
7841	0.342672
7851	0.342736
7861	0.343088
7871	0.344912
7881	0.345200
7891	0.345856
7901	0.345744
7911	0.346304
7921	0.346720
7931	0.346944
7941	0.347440
7951	0.347728
7961	0.347728
7971	0.348480
7981	0.348304
7991	0.349104
8001	0.349168
8011	0.349392
8021	0.349920
8031	0.350544
8041	0.350320
8051	0.350960
8061	0.351632
8071	0.351296
8081	0.352016
8091	0.352608
8101	0.352288
8111	0.352672
8121	0.353280
8131	0.353328
8141	0.353552
8151	0.353760
8161	0.354352
8171	0.354240
8181	0.354928
8191	0.355376
8201	0.355744
8211	0.356128
8221	0.359760
8231	0.356480
8241	0.356880
8251	0.356976
8261	0.357856
8271	0.357760
8281	0.358208
8291	0.358432
8301	0.358432
8311	0.359744
8321	0.359392
8331	0.359568
8341	0.360064
8351	0.360320
8361	0.360816
8371	0.361056
8381	0.361792
8391	0.361872
8401	0.362464
8411	0.362320
8421	0.362736
8431	0.364064
8441	0.363344
8451	0.363648
8461	0.364272
8471	0.364624
8481	0.364528
8491	0.365008
8501	0.365200
8511	0.365488
8521	0.365888
8531	0.366256
8541	0.366576
8551	0.366832
8561	0.367888
8571	0.367504
8581	0.367888
8591	0.368080
8601	0.368576
8611	0.368640
8621	0.369296
8631	0.369584
8641	0.369664
8651	0.369872
8661	0.370816
8671	0.371056
8681	0.370928
8691	0.371616
8701	0.371344
8711	0.371744
8721	0.372208
8731	0.372544
8741	0.372784
8751	0.373376
8761	0.373424
8771	0.373728
8781	0.374160
8791	0.375344
8801	0.374880
8811	0.375088
8821	0.375776
8831	0.375728
8841	0.376608
8851	0.376672
8861	0.376528
8871	0.377456
8881	0.377424
8891	0.377920
8901	0.378032
8911	0.378544
8921	0.379088
8931	0.378800
8941	0.379216
8951	0.380064
8961	0.379744
8971	0.380224
8981	0.383600
8991	0.381344
9001	0.381088
9011	0.381408
9021	0.381728
9031	0.382080
9041	0.382752
9051	0.383184
9061	0.383024
9071	0.383264
9081	0.384480
9091	0.384096
9101	0.384320
9111	0.385072
9121	0.385232
9131	0.385552
9141	0.385824
9151	0.385968
9161	0.386160
9171	0.387088
9181	0.387632
9191	0.387120
9201	0.387616
9211	0.388480
9221	0.388208
9231	0.388768
9241	0.389248
9251	0.389328
9261	0.389776
9271	0.390032
9281	0.390816
9291	0.390240
9301	0.390640
9311	0.391120
9321	0.391472
9331	0.392112
9341	0.392048
9351	0.392928
9361	0.393504
9371	0.393136
9381	0.393632
9391	0.393760
9401	0.394192
9411	0.394336
9421	0.394976
9431	0.394848
9441	0.395472
9451	0.395760
9461	0.395936
9471	0.396416
9481	0.396896
9491	0.396672
9501	0.397392
9511	0.397792
9521	0.397888
9531	0.398112
9541	0.399040
9551	0.399408
9561	0.399312
9571	0.399472
9581	0.399648
9591	0.400512
9601	0.400336
9611	0.400768
9621	0.401568
9631	0.402000
9641	0.401920
9651	0.402352
9661	0.402528
9671	0.402960
9681	0.403648
9691	0.403776
9701	0.403904
9711	0.404256
9721	0.404512
9731	0.404464
9741	0.404992
9751	0.405504
9761	0.405312
9771	0.405728
9781	0.406912
9791	0.406720
9801	0.407648
9811	0.407776
9821	0.407968
9831	0.409216
9841	0.408832
9851	0.408960
9861	0.408768
9871	0.409408
9881	0.411184
9891	0.409648
9901	0.410240
9911	0.410832
9921	0.410704
9931	0.410864
9941	0.411680
9951	0.411760
9961	0.412112
9971	0.413248
9981	0.412720
9991	0.413008
10001	0.413664
10011	0.414576
10021	0.414016
10031	0.414288
10041	0.415168
10051	0.415248
10061	0.415856
10071	0.416432
10081	0.416512
10091	0.416752
10101	0.417088
10111	0.417552
10121	0.417696
10131	0.417776
10141	0.418544
10151	0.418480
10161	0.418672
10171	0.419552
10181	0.419152
10191	0.419840
10201	0.420848
10211	0.421120
10221	0.421664
10231	0.422048
10241	0.421872
10251	0.423104
10261	0.424960
10271	0.423264
10281	0.422512
10291	0.423632
10301	0.424384
10311	0.424496
10321	0.424000
10331	0.424816
10341	0.424624
10351	0.425344
10361	0.426576
10371	0.425936
10381	0.426912
10391	0.426480
10401	0.426928
10411	0.426656
10421	0.427968
10431	0.427344
10441	0.427936
10451	0.428368
10461	0.428848
10471	0.428672
10481	0.429440
10491	0.431248
10501	0.431712
10511	0.432432
10521	0.432736
10531	0.432416
10541	0.433280
10551	0.432928
10561	0.434928
10571	0.433776
10581	0.434816
10591	0.434656
10601	0.436224
10611	0.434768
10621	0.435712
10631	0.435904
10641	0.436464
10651	0.436336
10661	0.437616
10671	0.436784
10681	0.437936
10691	0.439024
10701	0.438304
10711	0.438000
10721	0.440560
10731	0.438768
10741	0.439312
10751	0.440224
10761	0.440432
10771	0.440224
10781	0.440736
10791	0.441024
10801	0.441616
10811	0.442864
10821	0.442176
10831	0.442144
10841	0.442544
10851	0.442464
10861	0.443424
10871	0.443360
10881	0.444176
10891	0.444240
10901	0.445200
10911	0.444784
10921	0.445376
10931	0.444976
10941	0.447152
10951	0.445872
10961	0.446816
10971	0.446352
10981	0.447408
10991	0.446976
11001	0.447616
11011	0.448032
11021	0.448960
11031	0.448848
11041	0.449328
11051	0.448928
11061	0.449696
11071	0.449712
11081	0.450272
11091	0.450064
11101	0.451200
11111	0.451120
11121	0.451760
11131	0.451600
11141	0.453152
11151	0.452128
11161	0.453440
11171	0.452848
11181	0.453696
11191	0.453424
11201	0.454480
11211	0.454224
11221	0.454976
11231	0.454688
11241	0.456000
11251	0.455632
11261	0.456752
11271	0.456080
11281	0.456944
11291	0.456624
11301	0.457968
11311	0.457200
11321	0.458128
11331	0.457984
11341	0.459520
11351	0.458960
11361	0.459648
11371	0.458960
11381	0.460464
11391	0.460640
11401	0.461040
11411	0.460496
11421	0.461056
11431	0.461968
11441	0.462128
11451	0.463168
11461	0.462512
11471	0.462208
11481	0.463424
11491	0.463088
11501	0.464112
11511	0.463888
11521	0.464960
11531	0.464560
11541	0.465904
11551	0.465360
11561	0.466080
11571	0.465664
11581	0.466976
11591	0.466320
11601	0.467184
11611	0.467168
11621	0.468176
11631	0.467408
11641	0.468672
11651	0.469552
11661	0.469104
11671	0.469200
11681	0.470144
11691	0.469968
11701	0.471104
11711	0.470576
11721	0.471040
11731	0.470656
11741	0.471968
11751	0.473904
11761	0.472416
11771	0.472112
11781	0.473168
11791	0.472912
11801	0.474112
11811	0.473680
11821	0.474304
11831	0.473808
11841	0.474800
11851	0.474752
11861	0.476144
11871	0.475424
11881	0.476608
11891	0.476096
11901	0.477232
11911	0.476528
11921	0.477536
11931	0.477056
11941	0.478368
11951	0.478304
11961	0.479008
11971	0.479408
11981	0.479840
11991	0.478992
12001	0.480064
12011	0.479424
12021	0.480848
12031	0.480416
12041	0.481584
12051	0.481056
12061	0.481872
12071	0.482768
12081	0.482608
12091	0.482464
12101	0.482992
12111	0.483088
12121	0.483920
12131	0.484016
12141	0.484512
12151	0.484400
12161	0.485024
12171	0.485008
12181	0.485904
12191	0.485504
12201	0.486288
12211	0.486208
12221	0.487024
12231	0.486864
12241	0.487584
12251	0.487616
12261	0.488176
12271	0.488336
12281	0.488944
12291	0.488784
12301	0.489904
12311	0.489792
12321	0.490416
12331	0.490112
12341	0.490816
12351	0.490560
12361	0.492592
12371	0.491808
12381	0.491712
12391	0.492144
12401	0.493056
12411	0.492208
12421	0.493616
12431	0.493248
12441	0.495392
12451	0.494144
12461	0.494992
12471	0.494704
12481	0.495504
12491	0.494816
12501	0.496080
12511	0.496032
12521	0.496512
12531	0.496896
12541	0.497808
12551	0.497424
12561	0.498432
12571	0.498176
12581	0.498656
12591	0.498816
12601	0.499392
12611	0.498992
12621	0.499920
12631	0.499584
12641	0.500912
12651	0.500176
12661	0.501424
12671	0.500912
12681	0.501840
12691	0.502016
12701	0.502944
12711	0.502464
12721	0.502896
12731	0.502976
12741	0.503904
12751	0.503600
12761	0.504592
12771	0.504256
12781	0.505536
12791	0.505088
12801	0.505600
12811	0.505600
12821	0.506512
12831	0.506208
12841	0.506944
12851	0.506944
12861	0.508112
12871	0.508160
12881	0.508736
12891	0.508144
12901	0.509216
12911	0.509008
12921	0.509616
12931	0.509616
12941	0.510320
12951	0.510432
12961	0.513696
12971	0.510720
12981	0.511472
12991	0.511712
13001	0.513584
13011	0.512688
13021	0.513872
13031	0.512992
13041	0.513600
13051	0.514064
13061	0.513744
13071	0.514368
13081	0.514672
13091	0.515392
13101	0.514912
13111	0.517136
13121	0.517760
13131	0.517216
13141	0.517888
13151	0.518192
13161	0.518464
13171	0.518320
13181	0.519056
13191	0.519552
13201	0.519936
13211	0.520000
13221	0.520368
13231	0.520992
13241	0.522048
13251	0.521840
13261	0.525904
13271	0.522288
13281	0.522832
13291	0.523088
13301	0.523392
13311	0.523536
13321	0.524016
13331	0.524096
13341	0.524496
13351	0.524896
13361	0.524912
13371	0.528032
13381	0.525696
13391	0.525728
13401	0.526784
13411	0.526912
13421	0.530432
13431	0.526832
13441	0.527296
13451	0.527840
13461	0.528304
13471	0.529504
13481	0.529216
13491	0.529360
13501	0.529248
13511	0.529664
13521	0.529760
13531	0.530800
13541	0.530864
13551	0.531232
13561	0.531600
13571	0.531616
13581	0.532160
13591	0.532736
13601	0.532608
13611	0.533664
13621	0.534208
13631	0.534368
13641	0.533872
13651	0.534672
13661	0.534400
13671	0.534928
13681	0.536096
13691	0.535936
13701	0.536352
13711	0.536528
13721	0.536992
13731	0.537584
13741	0.536944
13751	0.537440
13761	0.537920
13771	0.538496
13781	0.539264
13791	0.538832
13801	0.539504
13811	0.539376
13821	0.539776
13831	0.539984
13841	0.540224
13851	0.540608
13861	0.541120
13871	0.541312
13881	0.541680
13891	0.542496
13901	0.542144
13911	0.542976
13921	0.543056
13931	0.544336
13941	0.543584
13951	0.544144
13961	0.546016
13971	0.545344
13981	0.545536
13991	0.545616
14001	0.545872
14011	0.546272
14021	0.546176
14031	0.549824
14041	0.547376
14051	0.547456
14061	0.548640
14071	0.551104
14081	0.551152
14091	0.551600
14101	0.549424
14111	0.549520
14121	0.549744
14131	0.550432
14141	0.550528
14151	0.550864
14161	0.550640
14171	0.553632
14181	0.551552
14191	0.552032
14201	0.554176
14211	0.552672
14221	0.552800
14231	0.552944
14241	0.553488
14251	0.554048
14261	0.554400
14271	0.554336
14281	0.554896
14291	0.555296
14301	0.554960
14311	0.556160
14321	0.555968
14331	0.555808
14341	0.556800
14351	0.556944
14361	0.557424
14371	0.557888
14381	0.558128
14391	0.558896
14401	0.558480
14411	0.559040
14421	0.559408
14431	0.559504
14441	0.559904
14451	0.559808
14461	0.560160
14471	0.560672
14481	0.561008
14491	0.561744
14501	0.561504
14511	0.562016
14521	0.562496
14531	0.562560
14541	0.562976
14551	0.563584
14561	0.564288
14571	0.564112
14581	0.563792
14591	0.564624
14601	0.565024
14611	0.567840
14621	0.565328
14631	0.565216
14641	0.566416
14651	0.566352
14661	0.566736
14671	0.567216
14681	0.567696
14691	0.567392
14701	0.568240
14711	0.568224
14721	0.568832
14731	0.568880
14741	0.569456
14751	0.569376
14761	0.570176
14771	0.570400
14781	0.570384
14791	0.570800
14801	0.571392
14811	0.571376
14821	0.571728
14831	0.572400
14841	0.573120
14851	0.572672
14861	0.573104
14871	0.574016
14881	0.573632
14891	0.573952
14901	0.574416
14911	0.574336
14921	0.575632
14931	0.575872
14941	0.575536
14951	0.575920
14961	0.576640
14971	0.576416
14981	0.580288
14991	0.577152
15001	0.577376
15011	0.577872
15021	0.578608
15031	0.578496
15041	0.579184
15051	0.579440
15061	0.579360
15071	0.580128
15081	0.579712
15091	0.580336
15101	0.580480
15111	0.581792
15121	0.581120
15131	0.581984
15141	0.582048
15151	0.582624
15161	0.582928
15171	0.583152
15181	0.584832
15191	0.583648
15201	0.584512
15211	0.584448
15221	0.584736
15231	0.586992
15241	0.585424
15251	0.585568
15261	0.585952
15271	0.586496
15281	0.586480
15291	0.586688
15301	0.587136
15311	0.587616
15321	0.587552
15331	0.587952
15341	0.588848
15351	0.588592
15361	0.589392
15371	0.589824
15381	0.590272
15391	0.590192
15401	0.590656
15411	0.590800
15421	0.591264
15431	0.591024
15441	0.592192
15451	0.592272
15461	0.592432
15471	0.592192
15481	0.592992
15491	0.593392
15501	0.593760
15511	0.594352
15521	0.594368
15531	0.595008
15541	0.595392
15551	0.595328
15561	0.596400
15571	0.595888
15581	0.596288
15591	0.596672
15601	0.596800
15611	0.597200
15621	0.598000
15631	0.598176
15641	0.598352
15651	0.598480
15661	0.598544
15671	0.599392
15681	0.599632
15691	0.600384
15701	0.600384
15711	0.600512
15721	0.600912
15731	0.602752
15741	0.603872
15751	0.603232
15761	0.604608
15771	0.604320
15781	0.605200
15791	0.604880
15801	0.606272
15811	0.605472
15821	0.606064
15831	0.606704
15841	0.607408
15851	0.607024
15861	0.607808
15871	0.607152
15881	0.608656
15891	0.608016
15901	0.609264
15911	0.608976
15921	0.609680
15931	0.609968
15941	0.610288
15951	0.610224
15961	0.612112
15971	0.610944
15981	0.611552
15991	0.612016
16001	0.612608
16011	0.612016
16021	0.613120
16031	0.613216
16041	0.614496
16051	0.613472
16061	0.614912
16071	0.614368
16081	0.614656
16091	0.614720
16101	0.615376
16111	0.614992
16121	0.616432
16131	0.615936
16141	0.617088
16151	0.616256
16161	0.617744
16171	0.617136
16181	0.618304
16191	0.617568
16201	0.619712
16211	0.618288
16221	0.619440
16231	0.619136
16241	0.620320
16251	0.619520
16261	0.620128
16271	0.620352
16281	0.621760
16291	0.621168
16301	0.622064
16311	0.622832
16321	0.622672
16331	0.622544
16341	0.623456
16351	0.622880
16361	0.624048
16371	0.624224
16381	0.624976
16391	0.624416
16401	0.625872
16411	0.625600
16421	0.626032
16431	0.625600
16441	0.626816
16451	0.626048
16461	0.627264
16471	0.626496
16481	0.628192
16491	0.627392
16501	0.628096
16511	0.628064
16521	0.629120
16531	0.629344
16541	0.629792
16551	0.629456
16561	0.630240
16571	0.630096
16581	0.631248
16591	0.631056
16601	0.631280
16611	0.631424
16621	0.632336
16631	0.632384
16641	0.632768
16651	0.632848
16661	0.633584
16671	0.633424
16681	0.634928
16691	0.633984
16701	0.635056
16711	0.634720
16721	0.635664
16731	0.635088
16741	0.635744
16751	0.635680
16761	0.636976
16771	0.636416
16781	0.637488
16791	0.636896
16801	0.637568
16811	0.637952
16821	0.638912
16831	0.638160
16841	0.639184
16851	0.639280
16861	0.640016
16871	0.639584
16881	0.640496
16891	0.640256
16901	0.641408
16911	0.640688
16921	0.641552
16931	0.641440
16941	0.643088
16951	0.642288
16961	0.642864
16971	0.644336
16981	0.644064
16991	0.643584
17001	0.644032
17011	0.643920
17021	0.645408
17031	0.644528
17041	0.645568
17051	0.645232
17061	0.646800
17071	0.646224
17081	0.647344
17091	0.647056
17101	0.647728
17111	0.647088
17121	0.648256
17131	0.648112
17141	0.649232
17151	0.648656
17161	0.649792
17171	0.648976
17181	0.650160
17191	0.649408
17201	0.650832
17211	0.650880
17221	0.651488
17231	0.651360
17241	0.657632
17251	0.651680
17261	0.652688
17271	0.652432
17281	0.653216
17291	0.653136
17301	0.654144
17311	0.654464
17321	0.654400
17331	0.654784
17341	0.654960
17351	0.655488
17361	0.655456
17371	0.655632
17381	0.656288
17391	0.656656
17401	0.657072
17411	0.656688
17421	0.657984
17431	0.658368
17441	0.658800
17451	0.658064
17461	0.659536
17471	0.659168
17481	0.660128
17491	0.659648
17501	0.660912
17511	0.660240
17521	0.661072
17531	0.660512
17541	0.661376
17551	0.661728
17561	0.662288
17571	0.662192
17581	0.662704
17591	0.662192
17601	0.663824
17611	0.663536
17621	0.664192
17631	0.663920
17641	0.665152
17651	0.664768
17661	0.665184
17671	0.665440
17681	0.666192
17691	0.665920
17701	0.667024
17711	0.667216
17721	0.667456
17731	0.668368
17741	0.668704
17751	0.667744
17761	0.668800
17771	0.669216
17781	0.669472
17791	0.669424
17801	0.670400
17811	0.670560
17821	0.670608
17831	0.670416
17841	0.672000
17851	0.670976
17861	0.671632
17871	0.671680
17881	0.672496
17891	0.672704
17901	0.672848
17911	0.673168
17921	0.674768
17931	0.673552
17941	0.674800
17951	0.674496
17961	0.675232
17971	0.674848
17981	0.678592
17991	0.675344
18001	0.678752
18011	0.676768
18021	0.676960
18031	0.676928
18041	0.677824
18051	0.677664
18061	0.678496
18071	0.678640
18081	0.679456
18091	0.679024
18101	0.679808
18111	0.679280
18121	0.680528
18131	0.680160
18141	0.681360
18151	0.681568
18161	0.681616
18171	0.681296
18181	0.682224
18191	0.682608
18201	0.682864
18211	0.682512
18221	0.683456
18231	0.683440
18241	0.684592
18251	0.684048
18261	0.684928
18271	0.684592
18281	0.685648
18291	0.685696
18301	0.685904
18311	0.686112
18321	0.686496
18331	0.686384
18341	0.687168
18351	0.688608
18361	0.689488
18371	0.689696
18381	0.689888
18391	0.690160
18401	0.690576
18411	0.690768
18421	0.691888
18431	0.692128
18441	0.692128
18451	0.692448
18461	0.693360
18471	0.693120
18481	0.693728
18491	0.693424
18501	0.695312
18511	0.693920
18521	0.694848
18531	0.694992
18541	0.695344
18551	0.695824
18561	0.696016
18571	0.696080
18581	0.696944
18591	0.696736
18601	0.697024
18611	0.697136
18621	0.697488
18631	0.697840
18641	0.698768
18651	0.698544
18661	0.699168
18671	0.699280
18681	0.699232
18691	0.699952
18701	0.700688
18711	0.700384
18721	0.701120
18731	0.701104
18741	0.702096
18751	0.701904
18761	0.702224
18771	0.702336
18781	0.702720
18791	0.703168
18801	0.703472
18811	0.705056
18821	0.703984
18831	0.704224
18841	0.704960
18851	0.705072
18861	0.705472
18871	0.705744
18881	0.705648
18891	0.706352
18901	0.706608
18911	0.707152
18921	0.707456
18931	0.707280
18941	0.708224
18951	0.708704
18961	0.708624
18971	0.708784
18981	0.709376
18991	0.709392
19001	0.709584
19011	0.710064
19021	0.710384
19031	0.710144
19041	0.711504
19051	0.711184
19061	0.712304
19071	0.712576
19081	0.712576
19091	0.712560
19101	0.713056
19111	0.713168
19121	0.713440
19131	0.713888
19141	0.716256
19151	0.714576
19161	0.714928
19171	0.715408
19181	0.716080
19191	0.715424
19201	0.716000
19211	0.716352
19221	0.716816
19231	0.716992
19241	0.717392
19251	0.718016
19261	0.718144
19271	0.718672
19281	0.718704
19291	0.719296
19301	0.719408
19311	0.720224
19321	0.720272
19331	0.720144
19341	0.721072
19351	0.721136
19361	0.721600
19371	0.721888
19381	0.723648
19391	0.723296
19401	0.723872
19411	0.723584
19421	0.724624
19431	0.724000
19441	0.724592
19451	0.724736
19461	0.724640
19471	0.724992
19481	0.724944
19491	0.725488
19501	0.725936
19511	0.725952
19521	0.726688
19531	0.726576
19541	0.727712
19551	0.727696
19561	0.728112
19571	0.728816
19581	0.728432
19591	0.728912
19601	0.730176
19611	0.729232
19621	0.729936
19631	0.729552
19641	0.730464
19651	0.730832
19661	0.730560
19671	0.730768
19681	0.732048
19691	0.732176
19701	0.732512
19711	0.732544
19721	0.732800
19731	0.733280
19741	0.733952
19751	0.734352
19761	0.734592
19771	0.734672
19781	0.734464
19791	0.735728
19801	0.735504
19811	0.735872
19821	0.735952
19831	0.736464
19841	0.737408
19851	0.737904
19861	0.737648
19871	0.737744
19881	0.737920
19891	0.738448
19901	0.738464
19911	0.738832
19921	0.739440
19931	0.739552
19941	0.740000
19951	0.739968
19961	0.740640
19971	0.741488
19981	0.741776
19991	0.741248
