Num_Matrices	Median_Transfer_Time_ms
1	0.008608
11	0.006944
21	0.007136
31	0.007328
41	0.007904
51	0.008160
61	0.008464
71	0.008816
81	0.009168
91	0.009344
101	0.009888
111	0.010000
121	0.010496
131	0.010752
141	0.010992
151	0.011392
161	0.011712
171	0.012032
181	0.012176
191	0.012416
201	0.013072
211	0.013312
221	0.013552
231	0.013728
241	0.014272
251	0.014432
261	0.014928
271	0.015104
281	0.015568
291	0.015840
301	0.016144
311	0.016240
321	0.016800
331	0.017200
341	0.017328
351	0.017792
361	0.018064
371	0.018368
381	0.018784
391	0.019216
401	0.019632
411	0.019728
421	0.020000
431	0.020208
441	0.020624
451	0.020976
461	0.021200
471	0.021616
481	0.021984
491	0.022336
501	0.022432
511	0.023216
521	0.023328
531	0.023888
541	0.024224
551	0.024128
561	0.024704
571	0.024816
581	0.025168
591	0.025456
601	0.025728
611	0.025936
621	0.026496
631	0.027232
641	0.027248
651	0.027648
661	0.027904
671	0.028128
681	0.028448
691	0.028656
701	0.028864
711	0.029344
721	0.029664
731	0.030000
741	0.030432
751	0.030944
761	0.031232
771	0.031248
781	0.031536
791	0.031728
801	0.032272
811	0.032576
821	0.032768
831	0.032992
841	0.033520
851	0.033744
861	0.034128
871	0.034416
881	0.034880
891	0.035088
901	0.035520
911	0.035664
921	0.036128
931	0.036416
941	0.036672
951	0.036816
961	0.037312
971	0.037680
981	0.037920
991	0.038192
1001	0.038640
1011	0.038848
1021	0.039296
1031	0.039552
1041	0.039920
1051	0.040096
1061	0.040400
1071	0.040800
1081	0.041328
1091	0.041472
1101	0.041680
1111	0.041936
1121	0.042432
1131	0.042768
1141	0.043136
1151	0.043328
1161	0.043728
1171	0.043984
1181	0.044448
1191	0.044576
1201	0.044992
1211	0.045168
1221	0.045680
1231	0.045968
1241	0.046192
1251	0.046624
1261	0.047008
1271	0.047120
1281	0.047584
1291	0.047824
1301	0.048336
1311	0.048592
1321	0.048832
1331	0.049232
1341	0.049488
1351	0.049840
1361	0.050096
1371	0.050528
1381	0.050880
1391	0.051152
1401	0.051568
1411	0.051808
1421	0.052080
1431	0.052192
1441	0.052768
1451	0.053184
1461	0.053360
1471	0.053616
1481	0.054144
1491	0.054352
1501	0.054752
1511	0.054800
1521	0.055344
1531	0.055680
1541	0.056112
1551	0.056176
1561	0.056752
1571	0.056960
1581	0.057184
1591	0.057536
1601	0.057840
1611	0.058320
1621	0.058368
1631	0.058960
1641	0.059184
1651	0.059504
1661	0.059872
1671	0.060208
1681	0.060624
1691	0.060704
1701	0.061088
1711	0.061424
1721	0.061824
1731	0.061952
1741	0.062512
1751	0.062592
1761	0.063168
1771	0.063344
1781	0.063792
1791	0.063936
1801	0.064272
1811	0.064704
1821	0.064992
1831	0.065216
1841	0.065744
1851	0.065904
1861	0.066288
1871	0.066528
1881	0.066784
1891	0.067120
1901	0.067648
1911	0.067824
1921	0.068128
1931	0.068560
1941	0.068736
1951	0.069232
1961	0.069472
1971	0.069760
1981	0.070144
1991	0.070432
2001	0.070816
2011	0.070944
2021	0.071360
2031	0.071696
2041	0.072080
2051	0.072368
2061	0.073168
2071	0.073312
2081	0.073680
2091	0.074112
2101	0.074224
2111	0.074496
2121	0.074896
2131	0.075280
2141	0.075584
2151	0.075872
2161	0.076368
2171	0.076368
2181	0.076928
2191	0.077296
2201	0.077552
2211	0.077856
2221	0.078096
2231	0.078544
2241	0.078768
2251	0.079072
2261	0.079392
2271	0.079856
2281	0.080112
2291	0.080368
2301	0.081184
2311	0.081248
2321	0.081680
2331	0.081920
2341	0.082272
2351	0.082976
2361	0.082912
2371	0.083264
2381	0.083568
2391	0.083872
2401	0.084224
2411	0.084560
2421	0.084864
2431	0.085168
2441	0.085504
2451	0.085952
2461	0.086112
2471	0.086352
2481	0.086896
2491	0.086992
2501	0.087488
2511	0.087744
2521	0.088032
2531	0.088448
2541	0.088528
2551	0.089120
2561	0.089296
2571	0.089552
2581	0.089952
2591	0.090272
2601	0.090560
2611	0.091152
2621	0.091216
2631	0.093584
2641	0.093824
2651	0.094016
2661	0.094384
2671	0.094704
2681	0.095120
2691	0.095280
2701	0.095696
2711	0.095952
2721	0.096304
2731	0.096576
2741	0.096832
2751	0.097152
2761	0.097552
2771	0.097936
2781	0.098272
2791	0.098544
2801	0.098848
2811	0.099104
2821	0.099488
2831	0.099904
2841	0.100112
2851	0.100544
2861	0.100736
2871	0.101024
2881	0.101440
2891	0.101760
2901	0.101936
2911	0.102336
2921	0.102656
2931	0.103040
2941	0.103488
2951	0.103824
2961	0.104000
2971	0.104272
2981	0.104592
2991	0.104736
3001	0.105184
3011	0.105600
3021	0.105936
3031	0.106080
3041	0.106576
3051	0.106912
3061	0.107216
3071	0.107264
3081	0.107872
3091	0.108304
3101	0.108448
3111	0.108800
3121	0.109008
3131	0.109392
3141	0.109664
3151	0.110048
3161	0.110336
3171	0.110720
3181	0.111056
3191	0.111296
3201	0.111584
3211	0.112064
3221	0.112272
3231	0.112640
3241	0.112864
3251	0.113136
3261	0.113600
3271	0.113856
3281	0.114288
3291	0.114480
3301	0.114880
3311	0.115136
3321	0.115552
3331	0.115952
3341	0.116128
3351	0.116400
3361	0.116896
3371	0.117152
3381	0.117600
3391	0.117776
3401	0.118160
3411	0.118336
3421	0.118720
3431	0.119040
3441	0.119184
3451	0.119680
3461	0.120064
3471	0.120336
3481	0.120624
3491	0.120976
3501	0.121440
3511	0.121664
3521	0.121856
3531	0.122112
3541	0.122640
3551	0.122880
3561	0.123168
3571	0.123472
3581	0.123856
3591	0.124224
3601	0.124592
3611	0.124848
3621	0.125136
3631	0.125440
3641	0.125616
3651	0.126032
3661	0.126272
3671	0.126656
3681	0.127104
3691	0.127312
3701	0.127648
3711	0.127904
3721	0.128384
3731	0.128656
3741	0.128928
3751	0.129904
3761	0.129632
3771	0.129808
3781	0.130304
3791	0.130688
3801	0.130816
3811	0.131248
3821	0.131584
3831	0.131808
3841	0.132176
3851	0.132448
3861	0.132640
3871	0.133184
3881	0.133504
3891	0.133872
3901	0.134112
3911	0.134496
3921	0.134816
3931	0.135168
3941	0.135568
3951	0.135744
3961	0.135968
3971	0.136400
3981	0.136784
3991	0.136960
4001	0.137264
4011	0.137680
4021	0.137968
4031	0.138320
4041	0.138624
4051	0.138880
4061	0.139328
4071	0.139616
4081	0.139936
4091	0.140176
4101	0.140496
4111	0.140784
4121	0.141232
4131	0.141776
4141	0.141824
4151	0.142272
4161	0.142544
4171	0.142800
4181	0.143200
4191	0.143472
4201	0.143744
4211	0.144080
4221	0.144512
4231	0.144928
4241	0.145104
4251	0.145344
4261	0.145760
4271	0.145936
4281	0.146416
4291	0.146688
4301	0.147152
4311	0.147216
4321	0.147984
4331	0.148064
4341	0.148208
4351	0.148624
4361	0.148992
4371	0.149136
4381	0.149424
4391	0.149824
4401	0.150096
4411	0.150720
4421	0.150848
4431	0.151072
4441	0.151488
4451	0.151840
4461	0.152128
4471	0.152336
4481	0.152880
4491	0.153104
4501	0.153360
4511	0.153920
4521	0.153984
4531	0.154352
4541	0.154736
4551	0.154928
4561	0.155232
4571	0.155552
4581	0.156016
4591	0.156128
4601	0.156528
4611	0.156784
4621	0.157248
4631	0.157584
4641	0.157840
4651	0.158368
4661	0.158512
4671	0.158768
4681	0.159136
4691	0.159680
4701	0.160288
4711	0.160144
4721	0.160432
4731	0.160672
4741	0.161264
4751	0.161648
4761	0.161760
4771	0.162176
4781	0.162448
4791	0.162688
4801	0.163184
4811	0.163328
4821	0.163632
4831	0.163984
4841	0.164224
4851	0.164704
4861	0.164816
4871	0.165344
4881	0.165600
4891	0.166336
4901	0.166432
4911	0.166480
4921	0.166784
4931	0.167232
4941	0.167568
4951	0.167872
4961	0.168128
4971	0.168560
4981	0.168784
4991	0.169168
5001	0.169424
5011	0.169824
5021	0.170208
5031	0.170368
5041	0.170608
5051	0.170944
5061	0.171312
5071	0.171600
5081	0.172320
5091	0.172368
5101	0.172736
5111	0.172976
5121	0.173184
5131	0.173616
5141	0.173888
5151	0.174176
5161	0.174480
5171	0.174864
5181	0.175264
5191	0.175488
5201	0.175760
5211	0.176080
5221	0.176544
5231	0.176784
5241	0.177008
5251	0.177600
5261	0.178096
5271	0.178720
5281	0.178704
5291	0.179120
5301	0.179584
5311	0.179776
5321	0.180064
5331	0.180384
5341	0.180608
5351	0.180976
5361	0.181264
5371	0.181696
5381	0.181984
5391	0.182240
5401	0.182656
5411	0.183184
5421	0.183248
5431	0.183616
5441	0.183904
5451	0.184336
5461	0.184960
5471	0.184976
5481	0.185408
5491	0.185472
5501	0.185680
5511	0.186064
5521	0.186464
5531	0.186576
5541	0.186960
5551	0.187536
5561	0.187568
5571	0.188128
5581	0.188336
5591	0.188608
5601	0.189072
5611	0.189648
5621	0.189744
5631	0.190016
5641	0.190368
5651	0.191056
5661	0.191008
5671	0.191552
5681	0.191856
5691	0.192048
5701	0.192304
5711	0.192496
5721	0.192864
5731	0.193232
5741	0.193552
5751	0.193872
5761	0.194288
5771	0.194480
5781	0.194848
5791	0.195152
5801	0.195504
5811	0.195872
5821	0.196112
5831	0.196400
5841	0.197200
5851	0.197136
5861	0.197360
5871	0.197744
5881	0.197952
5891	0.198352
5901	0.198592
5911	0.198896
5921	0.199152
5931	0.199552
5941	0.199920
5951	0.200400
5961	0.200576
5971	0.200960
5981	0.201328
5991	0.201392
6001	0.201920
6011	0.202176
6021	0.202576
6031	0.203264
6041	0.203088
6051	0.203792
6061	0.203888
6071	0.204000
6081	0.204320
6091	0.204832
6101	0.205120
6111	0.205296
6121	0.205776
6131	0.206000
6141	0.206400
6151	0.206672
6161	0.206832
6171	0.207280
6181	0.207712
6191	0.207936
6201	0.208288
6211	0.208608
6221	0.209344
6231	0.209152
6241	0.209680
6251	0.209792
6261	0.210192
6271	0.210528
6281	0.210912
6291	0.211072
6301	0.211488
6311	0.211840
6321	0.212144
6331	0.212432
6341	0.212512
6351	0.213008
6361	0.213376
6371	0.213728
6381	0.214160
6391	0.214384
6401	0.214704
6411	0.215504
6421	0.215296
6431	0.215632
6441	0.216032
6451	0.216320
6461	0.216608
6471	0.217088
6481	0.217184
6491	0.217680
6501	0.218048
6511	0.218432
6521	0.218464
6531	0.218896
6541	0.219392
6551	0.219424
6561	0.219872
6571	0.220112
6581	0.220368
6591	0.220688
6601	0.221104
6611	0.221392
6621	0.221728
6631	0.222064
6641	0.222448
6651	0.222672
6661	0.223184
6671	0.223280
6681	0.223648
6691	0.223904
6701	0.224288
6711	0.224640
6721	0.224976
6731	0.225264
6741	0.225552
6751	0.225984
6761	0.226400
6771	0.226720
6781	0.226912
6791	0.227264
6801	0.227504
6811	0.227952
6821	0.228224
6831	0.228448
6841	0.228656
6851	0.229232
6861	0.229440
6871	0.229808
6881	0.230064
6891	0.230496
6901	0.230768
6911	0.231200
6921	0.231616
6931	0.231696
6941	0.232064
6951	0.232528
6961	0.232640
6971	0.232896
6981	0.233312
6991	0.233504
7001	0.233888
7011	0.234336
7021	0.234656
7031	0.234928
7041	0.235216
7051	0.235568
7061	0.235872
7071	0.236368
7081	0.236560
7091	0.236672
7101	0.236928
7111	0.237504
7121	0.237888
7131	0.238016
7141	0.238464
7151	0.238816
7161	0.239104
7171	0.239408
7181	0.239648
7191	0.240144
7201	0.240416
7211	0.240688
7221	0.241072
7231	0.241296
7241	0.241792
7251	0.241856
7261	0.242384
7271	0.242544
7281	0.243120
7291	0.243328
7301	0.243792
7311	0.243936
7321	0.244320
7331	0.244528
7341	0.244960
7351	0.245264
7361	0.245616
7371	0.245856
7381	0.246080
7391	0.246448
7401	0.246816
7411	0.247216
7421	0.247328
7431	0.247568
7441	0.247984
7451	0.248336
7461	0.248752
7471	0.248960
7481	0.249248
7491	0.249664
7501	0.250064
7511	0.250272
7521	0.250672
7531	0.250976
7541	0.251264
7551	0.251520
7561	0.252048
7571	0.252128
7581	0.252608
7591	0.253200
7601	0.253136
7611	0.253520
7621	0.253952
7631	0.254224
7641	0.254784
7651	0.255120
7661	0.255408
7671	0.255616
7681	0.255840
7691	0.256352
7701	0.256464
7711	0.256800
7721	0.257632
7731	0.257424
7741	0.257744
7751	0.258192
7761	0.259872
7771	0.258832
7781	0.259264
7791	0.259392
7801	0.259808
7811	0.260032
7821	0.260352
7831	0.260448
7841	0.260800
7851	0.261184
7861	0.261376
7871	0.262032
7881	0.262208
7891	0.262592
7901	0.262864
7911	0.263152
7921	0.263664
7931	0.263776
7941	0.264192
7951	0.264416
7961	0.264752
7971	0.265200
7981	0.265600
7991	0.265632
8001	0.266112
8011	0.266480
8021	0.266864
8031	0.267216
8041	0.267280
8051	0.267728
8061	0.267952
8071	0.268384
8081	0.268656
8091	0.268992
8101	0.269408
8111	0.269824
8121	0.269904
8131	0.270480
8141	0.270704
8151	0.271696
8161	0.271264
8171	0.271568
8181	0.272080
8191	0.272144
8201	0.272400
8211	0.272880
8221	0.273136
8231	0.273424
8241	0.273728
8251	0.274288
8261	0.274608
8271	0.274576
8281	0.275104
8291	0.275424
8301	0.275664
8311	0.275904
8321	0.276288
8331	0.276800
8341	0.276944
8351	0.277232
8361	0.277696
8371	0.277888
8381	0.278400
8391	0.278656
8401	0.278832
8411	0.279264
8421	0.279568
8431	0.279904
8441	0.280064
8451	0.280800
8461	0.280960
8471	0.281280
8481	0.281536
8491	0.282192
8501	0.282176
8511	0.282496
8521	0.282896
8531	0.283088
8541	0.283424
8551	0.283744
8561	0.284096
8571	0.284384
8581	0.284800
8591	0.285072
8601	0.285456
8611	0.285936
8621	0.286064
8631	0.286352
8641	0.286672
8651	0.286848
8661	0.287216
8671	0.287520
8681	0.288000
8691	0.288224
8701	0.288560
8711	0.288832
8721	0.289104
8731	0.289536
8741	0.289840
8751	0.290368
8761	0.290560
8771	0.290848
8781	0.291152
8791	0.291456
8801	0.291696
8811	0.292080
8821	0.292544
8831	0.292624
8841	0.292960
8851	0.293168
8861	0.293584
8871	0.294368
8881	0.294400
8891	0.294576
8901	0.295008
8911	0.295168
8921	0.295680
8931	0.296016
8941	0.296224
8951	0.296464
8961	0.297056
8971	0.297200
8981	0.297776
8991	0.297904
9001	0.298304
9011	0.298512
9021	0.298768
9031	0.299344
9041	0.299392
9051	0.299760
9061	0.300336
9071	0.300528
9081	0.300752
9091	0.301024
9101	0.301424
9111	0.301808
9121	0.302064
9131	0.302256
9141	0.302976
9151	0.302944
9161	0.303584
9171	0.303792
9181	0.304144
9191	0.304256
9201	0.304624
9211	0.305264
9221	0.305392
9231	0.305504
9241	0.306128
9251	0.306336
9261	0.306832
9271	0.306752
9281	0.307072
9291	0.307440
9301	0.307904
9311	0.308080
9321	0.308432
9331	0.308688
9341	0.309056
9351	0.309296
9361	0.309664
9371	0.310160
9381	0.310304
9391	0.310608
9401	0.311136
9411	0.311360
9421	0.311648
9431	0.312096
9441	0.312640
9451	0.312656
9461	0.312928
9471	0.313312
9481	0.313728
9491	0.314048
9501	0.314496
9511	0.314672
9521	0.314752
9531	0.315264
9541	0.315712
9551	0.316000
9561	0.316224
9571	0.316656
9581	0.316912
9591	0.317040
9601	0.317600
9611	0.320416
9621	0.318336
9631	0.318896
9641	0.318768
9651	0.318976
9661	0.319472
9671	0.319808
9681	0.320160
9691	0.320224
9701	0.320672
9711	0.321152
9721	0.321440
9731	0.321776
9741	0.321968
9751	0.322496
9761	0.322576
9771	0.322896
9781	0.323200
9791	0.323632
9801	0.324176
9811	0.324336
9821	0.325056
9831	0.325280
9841	0.325344
9851	0.325632
9861	0.325776
9871	0.326368
9881	0.326560
9891	0.326976
9901	0.327264
9911	0.327200
9921	0.327776
9931	0.328112
9941	0.328304
9951	0.328960
9961	0.329056
9971	0.329456
9981	0.329776
9991	0.329904
10001	0.330224
10011	0.331104
10021	0.331424
10031	0.331760
10041	0.331968
10051	0.332160
10061	0.332576
10071	0.332704
10081	0.333040
10091	0.333312
10101	0.333408
10111	0.333872
10121	0.334608
10131	0.334464
10141	0.334784
10151	0.335200
10161	0.335776
10171	0.335888
10181	0.336240
10191	0.336368
10201	0.337200
10211	0.337360
10221	0.337792
10231	0.337824
10241	0.338560
10251	0.338560
10261	0.338704
10271	0.339152
10281	0.339408
10291	0.339696
10301	0.339920
10311	0.340272
10321	0.340464
10331	0.340752
10341	0.341328
10351	0.341552
10361	0.341968
10371	0.342240
10381	0.342656
10391	0.343136
10401	0.343200
10411	0.343392
10421	0.343808
10431	0.343952
10441	0.344400
10451	0.344704
10461	0.345008
10471	0.345600
10481	0.345744
10491	0.346144
10501	0.346672
10511	0.346592
10521	0.346928
10531	0.347264
10541	0.347648
10551	0.347984
10561	0.348208
10571	0.348496
10581	0.349264
10591	0.349024
10601	0.349696
10611	0.349760
10621	0.350208
10631	0.350640
10641	0.350736
10651	0.351200
10661	0.351392
10671	0.351776
10681	0.352112
10691	0.352576
10701	0.352752
10711	0.353184
10721	0.353360
10731	0.353728
10741	0.353952
10751	0.354336
10761	0.354672
10771	0.355280
10781	0.355280
10791	0.355520
10801	0.355952
10811	0.356224
10821	0.356496
10831	0.356848
10841	0.357344
10851	0.357712
10861	0.357856
10871	0.358224
10881	0.358464
10891	0.358704
10901	0.359152
10911	0.359552
10921	0.359808
10931	0.360096
10941	0.360512
10951	0.360768
10961	0.361536
10971	0.361472
10981	0.361568
10991	0.361888
11001	0.362352
11011	0.362944
11021	0.363040
11031	0.363600
11041	0.363808
11051	0.363904
11061	0.364256
11071	0.364512
11081	0.365040
11091	0.365632
11101	0.365536
11111	0.365936
11121	0.366112
11131	0.366432
11141	0.366848
11151	0.367696
11161	0.367488
11171	0.368112
11181	0.368192
11191	0.368480
11201	0.368864
11211	0.368944
11221	0.369344
11231	0.369824
11241	0.370112
11251	0.370512
11261	0.370768
11271	0.370960
11281	0.371568
11291	0.371728
11301	0.371840
11311	0.372240
11321	0.372640
11331	0.372880
11341	0.373648
11351	0.373728
11361	0.374128
11371	0.374160
11381	0.374448
11391	0.374928
11401	0.375328
11411	0.375568
11421	0.375952
11431	0.376256
11441	0.376416
11451	0.376864
11461	0.377200
11471	0.377360
11481	0.377728
11491	0.378240
11501	0.378528
11511	0.378672
11521	0.379072
11531	0.380016
11541	0.379712
11551	0.380192
11561	0.380272
11571	0.380560
11581	0.381056
11591	0.381536
11601	0.381632
11611	0.381952
11621	0.382208
11631	0.382560
11641	0.382944
11651	0.383120
11661	0.383536
11671	0.383792
11681	0.384416
11691	0.384864
11701	0.385168
11711	0.385904
11721	0.385632
11731	0.385792
11741	0.386048
11751	0.386496
11761	0.386912
11771	0.387280
11781	0.387472
11791	0.387792
11801	0.388080
11811	0.388224
11821	0.388704
11831	0.389056
11841	0.389424
11851	0.389712
11861	0.389952
11871	0.390352
11881	0.390480
11891	0.390944
11901	0.391808
11911	0.391808
11921	0.391904
11931	0.392192
11941	0.392496
11951	0.392928
11961	0.393360
11971	0.393456
11981	0.393968
11991	0.394000
12001	0.394464
12011	0.394864
12021	0.395056
12031	0.395424
12041	0.395696
12051	0.395968
12061	0.396336
12071	0.396688
12081	0.396912
12091	0.397232
12101	0.397536
12111	0.398080
12121	0.398368
12131	0.398688
12141	0.398976
12151	0.399408
12161	0.399792
12171	0.400096
12181	0.400432
12191	0.400384
12201	0.400720
12211	0.401280
12221	0.401696
12231	0.401808
12241	0.402240
12251	0.402384
12261	0.402928
12271	0.403216
12281	0.403664
12291	0.403632
12301	0.404320
12311	0.404528
12321	0.404864
12331	0.405120
12341	0.405232
12351	0.405776
12361	0.406048
12371	0.406240
12381	0.406640
12391	0.407360
12401	0.407312
12411	0.407632
12421	0.407808
12431	0.408176
12441	0.408480
12451	0.409104
12461	0.409088
12471	0.409472
12481	0.410032
12491	0.410208
12501	0.410512
12511	0.410704
12521	0.411296
12531	0.411312
12541	0.411696
12551	0.412160
12561	0.412496
12571	0.412752
12581	0.413248
12591	0.413440
12601	0.413664
12611	0.414016
12621	0.414576
12631	0.414768
12641	0.415056
12651	0.415392
12661	0.415760
12671	0.415872
12681	0.416128
12691	0.416784
12701	0.416832
12711	0.417200
12721	0.417520
12731	0.417856
12741	0.418272
12751	0.418592
12761	0.418848
12771	0.419248
12781	0.419568
12791	0.419712
12801	0.420304
12811	0.420480
12821	0.420960
12831	0.420800
12841	0.421312
12851	0.421744
12861	0.422080
12871	0.422176
12881	0.422976
12891	0.422896
12901	0.423280
12911	0.423840
12921	0.423904
12931	0.424336
12941	0.424656
12951	0.425136
12961	0.425200
12971	0.425600
12981	0.425952
12991	0.426208
13001	0.426752
13011	0.426928
13021	0.427360
13031	0.427744
13041	0.427808
13051	0.428080
13061	0.428416
13071	0.428688
13081	0.429168
13091	0.429424
13101	0.429728
13111	0.430080
13121	0.430608
13131	0.430768
13141	0.431040
13151	0.431248
13161	0.431664
13171	0.432224
13181	0.432352
13191	0.432848
13201	0.433088
13211	0.433344
13221	0.433648
13231	0.433920
13241	0.434256
13251	0.434672
13261	0.435120
13271	0.435184
13281	0.435616
13291	0.435744
13301	0.436128
13311	0.436528
13321	0.437248
13331	0.437008
13341	0.437632
13351	0.437632
13361	0.438128
13371	0.438560
13381	0.438864
13391	0.438992
13401	0.439536
13411	0.439808
13421	0.440064
13431	0.440368
13441	0.440816
13451	0.441056
13461	0.441392
13471	0.441712
13481	0.441968
13491	0.442320
13501	0.442624
13511	0.442928
13521	0.443200
13531	0.443552
13541	0.443840
13551	0.444128
13561	0.444544
13571	0.444848
13581	0.445200
13591	0.445424
13601	0.445744
13611	0.446160
13621	0.446480
13631	0.446736
13641	0.447200
13651	0.447424
13661	0.447696
13671	0.448288
13681	0.448400
13691	0.448608
13701	0.449184
13711	0.449552
13721	0.449600
13731	0.449952
13741	0.450352
13751	0.450528
13761	0.450976
13771	0.451136
13781	0.451616
13791	0.451968
13801	0.452288
13811	0.452656
13821	0.452832
13831	0.453216
13841	0.453648
13851	0.453792
13861	0.454416
13871	0.454384
13881	0.454784
13891	0.455120
13901	0.455536
13911	0.455792
13921	0.456160
13931	0.456432
13941	0.456768
13951	0.457136
13961	0.457840
13971	0.457888
13981	0.458272
13991	0.458736
14001	0.458752
14011	0.459136
14021	0.459312
14031	0.459568
14041	0.459840
14051	0.460192
14061	0.460480
14071	0.460688
14081	0.461184
14091	0.461664
14101	0.462240
14111	0.462352
14121	0.462720
14131	0.463072
14141	0.463136
14151	0.463456
14161	0.463888
14171	0.464096
14181	0.464896
14191	0.464576
14201	0.465136
14211	0.465200
14221	0.465712
14231	0.466112
14241	0.466432
14251	0.466832
14261	0.466976
14271	0.467312
14281	0.467696
14291	0.467968
14301	0.468368
14311	0.468416
14321	0.468864
14331	0.469552
14341	0.470128
14351	0.469760
14361	0.470336
14371	0.470704
14381	0.470768
14391	0.471552
14401	0.471456
14411	0.471856
14421	0.472096
14431	0.472592
14441	0.472800
14451	0.473104
14461	0.473616
14471	0.473728
14481	0.474032
14491	0.474512
14501	0.474736
14511	0.474944
14521	0.475280
14531	0.475792
14541	0.476256
14551	0.476160
14561	0.476960
14571	0.476848
14581	0.477280
14591	0.477776
14601	0.477872
14611	0.478528
14621	0.478560
14631	0.478944
14641	0.479024
14651	0.479568
14661	0.479984
14671	0.480048
14681	0.480576
14691	0.481008
14701	0.481120
14711	0.481408
14721	0.481632
14731	0.482112
14741	0.482416
14751	0.483072
14761	0.482976
14771	0.483248
14781	0.483984
14791	0.484048
14801	0.484352
14811	0.484496
14821	0.484864
14831	0.487088
14841	0.485744
14851	0.486048
14861	0.486288
14871	0.486448
14881	0.486944
14891	0.487152
14901	0.487600
14911	0.487968
14921	0.488320
14931	0.488512
14941	0.489248
14951	0.489008
14961	0.489472
14971	0.489872
14981	0.490144
14991	0.490416
15001	0.490784
15011	0.491136
15021	0.491504
15031	0.492000
15041	0.492032
15051	0.492384
15061	0.492560
15071	0.493152
15081	0.493456
15091	0.493856
15101	0.494192
15111	0.494192
15121	0.494688
15131	0.495216
15141	0.495328
15151	0.495648
15161	0.495744
15171	0.496320
15181	0.496720
15191	0.496816
15201	0.497168
15211	0.497552
15221	0.497856
15231	0.498288
15241	0.498464
15251	0.498896
15261	0.499120
15271	0.499536
15281	0.499584
15291	0.500128
15301	0.500384
15311	0.500800
15321	0.501632
15331	0.501216
15341	0.501632
15351	0.501968
15361	0.502128
15371	0.502832
15381	0.503008
15391	0.503232
15401	0.503584
15411	0.504032
15421	0.504144
15431	0.504352
15441	0.504848
15451	0.505232
15461	0.505584
15471	0.505712
15481	0.506208
15491	0.506512
15501	0.506944
15511	0.507728
15521	0.507392
15531	0.507728
15541	0.508160
15551	0.508448
15561	0.511472
15571	0.509120
15581	0.509568
15591	0.509744
15601	0.510112
15611	0.510608
15621	0.510688
15631	0.511008
15641	0.511552
15651	0.511632
15661	0.512096
15671	0.512240
15681	0.512592
15691	0.513120
15701	0.513776
15711	0.513552
15721	0.513888
15731	0.514112
15741	0.514656
15751	0.514816
15761	0.515232
15771	0.515488
15781	0.516016
15791	0.516144
15801	0.516544
15811	0.516624
15821	0.517360
15831	0.517296
15841	0.517920
15851	0.518080
15861	0.518368
15871	0.518656
15881	0.518928
15891	0.519728
15901	0.519760
15911	0.519904
15921	0.520496
15931	0.520784
15941	0.521040
15951	0.521392
15961	0.521712
15971	0.521808
15981	0.522240
15991	0.522544
16001	0.522928
16011	0.523296
16021	0.523472
16031	0.523936
16041	0.524064
16051	0.524672
16061	0.524768
16071	0.525120
16081	0.525904
16091	0.525776
16101	0.526144
16111	0.526352
16121	0.526640
16131	0.527024
16141	0.527376
16151	0.527808
16161	0.528032
16171	0.528352
16181	0.528624
16191	0.528928
16201	0.529216
16211	0.529584
16221	0.529984
16231	0.530112
16241	0.530576
16251	0.530976
16261	0.531280
16271	0.531936
16281	0.531808
16291	0.532480
16301	0.532784
16311	0.533024
16321	0.533104
16331	0.533584
16341	0.533744
16351	0.534064
16361	0.534432
16371	0.534640
16381	0.535056
16391	0.535296
16401	0.535584
16411	0.535920
16421	0.536288
16431	0.536880
16441	0.537136
16451	0.537904
16461	0.538304
16471	0.538128
16481	0.538336
16491	0.538704
16501	0.538848
16511	0.539152
16521	0.539584
16531	0.540032
16541	0.540256
16551	0.540640
16561	0.540736
16571	0.541232
16581	0.541552
16591	0.541952
16601	0.542048
16611	0.542544
16621	0.542688
16631	0.543056
16641	0.543536
16651	0.544208
16661	0.544000
16671	0.544352
16681	0.544752
16691	0.545024
16701	0.545232
16711	0.545760
16721	0.546000
16731	0.546192
16741	0.546640
16751	0.546832
16761	0.547280
16771	0.547536
16781	0.548304
16791	0.548048
16801	0.548736
16811	0.548928
16821	0.549232
16831	0.549424
16841	0.549936
16851	0.550272
16861	0.550480
16871	0.550816
16881	0.551120
16891	0.551440
16901	0.551872
16911	0.552144
16921	0.552416
16931	0.552896
16941	0.553184
16951	0.553312
16961	0.553824
16971	0.554016
16981	0.554192
16991	0.554672
17001	0.555152
17011	0.555392
17021	0.555552
17031	0.556000
17041	0.556400
17051	0.556512
17061	0.556896
17071	0.557152
17081	0.557552
17091	0.557808
17101	0.558272
17111	0.558592
17121	0.558736
17131	0.559120
17141	0.559520
17151	0.559616
17161	0.559968
17171	0.560416
17181	0.560832
17191	0.561152
17201	0.561376
17211	0.561568
17221	0.562080
17231	0.562224
17241	0.562448
17251	0.562912
17261	0.563520
17271	0.563616
17281	0.563984
17291	0.564144
17301	0.564576
17311	0.564688
17321	0.565424
17331	0.565376
17341	0.565744
17351	0.566096
17361	0.566432
17371	0.566736
17381	0.567392
17391	0.567200
17401	0.567760
17411	0.568064
17421	0.568416
17431	0.568800
17441	0.568960
17451	0.569472
17461	0.569872
17471	0.570080
17481	0.570320
17491	0.570576
17501	0.571104
17511	0.571392
17521	0.571712
17531	0.571888
17541	0.572320
17551	0.572848
17561	0.573024
17571	0.573216
17581	0.573680
17591	0.573824
17601	0.574048
17611	0.574448
17621	0.574896
17631	0.575184
17641	0.575584
17651	0.575696
17661	0.576144
17671	0.576256
17681	0.576464
17691	0.577168
17701	0.577344
17711	0.577600
17721	0.578096
17731	0.578448
17741	0.578608
17751	0.578992
17761	0.579552
17771	0.579648
17781	0.580016
17791	0.580448
17801	0.580720
17811	0.581008
17821	0.581168
17831	0.581568
17841	0.581920
17851	0.582064
17861	0.582576
17871	0.583024
17881	0.583360
17891	0.583488
17901	0.583904
17911	0.584192
17921	0.584432
17931	0.584768
17941	0.585120
17951	0.585424
17961	0.585840
17971	0.586256
17981	0.586496
17991	0.586928
18001	0.587216
18011	0.587376
18021	0.588128
18031	0.587984
18041	0.588400
18051	0.588736
18061	0.589280
18071	0.589328
18081	0.589808
18091	0.590240
18101	0.590720
18111	0.590736
18121	0.590864
18131	0.591232
18141	0.591792
18151	0.591984
18161	0.592240
18171	0.592544
18181	0.592768
18191	0.593168
18201	0.593424
18211	0.593856
18221	0.594288
18231	0.594624
18241	0.594656
18251	0.595184
18261	0.595216
18271	0.595600
18281	0.596032
18291	0.596272
18301	0.596848
18311	0.596944
18321	0.597216
18331	0.597792
18341	0.598016
18351	0.598400
18361	0.598560
18371	0.598992
18381	0.599312
18391	0.599536
18401	0.600000
18411	0.600160
18421	0.600528
18431	0.600992
18441	0.601216
18451	0.601472
18461	0.601760
18471	0.602192
18481	0.602496
18491	0.602672
18501	0.603232
18511	0.603344
18521	0.603872
18531	0.604112
18541	0.604416
18551	0.604608
18561	0.605056
18571	0.605264
18581	0.605648
18591	0.605904
18601	0.606400
18611	0.606592
18621	0.607024
18631	0.607344
18641	0.607616
18651	0.608128
18661	0.608224
18671	0.608784
18681	0.608944
18691	0.609136
18701	0.609744
18711	0.609728
18721	0.610144
18731	0.610480
18741	0.610720
18751	0.611120
18761	0.611536
18771	0.611712
18781	0.612304
18791	0.612416
18801	0.612768
18811	0.613056
18821	0.613600
18831	0.613776
18841	0.614128
18851	0.614528
18861	0.614720
18871	0.614960
18881	0.615296
18891	0.615600
18901	0.615840
18911	0.616160
18921	0.616592
18931	0.616864
18941	0.617200
18951	0.617392
18961	0.617760
18971	0.618304
18981	0.618640
18991	0.618656
19001	0.619184
19011	0.619440
19021	0.619792
19031	0.620016
19041	0.620352
19051	0.620848
19061	0.620992
19071	0.621312
19081	0.621728
19091	0.622112
19101	0.622320
19111	0.623040
19121	0.623168
19131	0.623408
19141	0.623696
19151	0.623872
19161	0.624384
19171	0.624592
19181	0.624880
19191	0.625248
19201	0.625808
19211	0.627344
19221	0.626832
19231	0.626848
19241	0.626912
19251	0.627296
19261	0.627616
19271	0.628272
19281	0.628208
19291	0.628688
19301	0.628992
19311	0.629088
19321	0.629488
19331	0.629808
19341	0.630240
19351	0.630288
19361	0.630704
19371	0.631168
19381	0.631408
19391	0.631568
19401	0.631888
19411	0.632176
19421	0.632816
19431	0.632976
19441	0.633376
19451	0.633632
19461	0.634304
19471	0.634304
19481	0.634448
19491	0.635280
19501	0.635232
19511	0.635392
19521	0.635888
19531	0.636096
19541	0.636592
19551	0.636928
19561	0.637088
19571	0.637392
19581	0.638016
19591	0.638016
19601	0.638240
19611	0.638784
19621	0.639312
19631	0.639280
19641	0.639728
19651	0.640224
19661	0.640352
19671	0.640736
19681	0.641456
19691	0.641552
19701	0.641712
19711	0.642208
19721	0.642464
19731	0.642608
19741	0.642784
19751	0.643424
19761	0.643744
19771	0.643840
19781	0.644336
19791	0.644448
19801	0.645024
19811	0.645360
19821	0.645408
19831	0.645728
19841	0.646032
19851	0.646368
19861	0.646672
19871	0.647424
19881	0.647552
19891	0.648112
19901	0.648096
19911	0.648624
19921	0.648720
19931	0.649088
19941	0.649360
19951	0.650352
19961	0.649904
19971	0.650416
19981	0.650624
19991	0.650864
