Num_Matrices	Median_Transfer_Time_ms
1	0.005280
11	0.003040
21	0.003072
31	0.002976
41	0.002944
51	0.003008
61	0.003216
71	0.003072
81	0.002448
91	0.003200
101	0.002560
111	0.002944
121	0.002816
131	0.003024
141	0.003104
151	0.003232
161	0.003360
171	0.003520
181	0.003648
191	0.003776
201	0.003936
211	0.004064
221	0.004224
231	0.004320
241	0.004448
251	0.004608
261	0.004768
271	0.004896
281	0.005024
291	0.005184
301	0.005344
311	0.005440
321	0.005600
331	0.005728
341	0.005888
351	0.006016
361	0.006144
371	0.006304
381	0.006432
391	0.006576
401	0.006688
411	0.006848
421	0.006976
431	0.007136
441	0.007264
451	0.007424
461	0.007552
471	0.007680
481	0.007808
491	0.007968
501	0.008096
511	0.008256
521	0.008384
531	0.008576
541	0.008640
551	0.008800
561	0.008960
571	0.009120
581	0.009216
591	0.009376
601	0.009536
611	0.009664
621	0.009792
631	0.009920
641	0.010048
651	0.010208
661	0.010336
671	0.010464
681	0.010624
691	0.010784
701	0.010880
711	0.011040
721	0.011168
731	0.011328
741	0.011456
751	0.011616
761	0.011776
771	0.011872
781	0.012032
791	0.012160
801	0.012320
811	0.012416
821	0.012576
831	0.012704
841	0.012896
851	0.012992
861	0.013152
871	0.013280
881	0.013424
891	0.013536
901	0.013696
911	0.013824
921	0.013984
931	0.014112
941	0.014272
951	0.014400
961	0.014528
971	0.014656
981	0.014816
991	0.014944
1001	0.015104
1011	0.015232
1021	0.015360
1031	0.015520
1041	0.015648
1051	0.015776
1061	0.015920
1071	0.016064
1081	0.016192
1091	0.016352
1101	0.016480
1111	0.016640
1121	0.016768
1131	0.016896
1141	0.017024
1151	0.017184
1161	0.017312
1171	0.017472
1181	0.017600
1191	0.017760
1201	0.017888
1211	0.018016
1221	0.018176
1231	0.018336
1241	0.018464
1251	0.018592
1261	0.018736
1271	0.018880
1281	0.019008
1291	0.019136
1301	0.019296
1311	0.019440
1321	0.019584
1331	0.019712
1341	0.019840
1351	0.020000
1361	0.020128
1371	0.020256
1381	0.020416
1391	0.020544
1401	0.020672
1411	0.020800
1421	0.020960
1431	0.021088
1441	0.021232
1451	0.021376
1461	0.021536
1471	0.021664
1481	0.021824
1491	0.021952
1501	0.022112
1511	0.022240
1521	0.022368
1531	0.022496
1541	0.022656
1551	0.022784
1561	0.022912
1571	0.023040
1581	0.023232
1591	0.023328
1601	0.023456
1611	0.023616
1621	0.023776
1631	0.023904
1641	0.024064
1651	0.024192
1661	0.024320
1671	0.024448
1681	0.024608
1691	0.024736
1701	0.024864
1711	0.025024
1721	0.025152
1731	0.025312
1741	0.025440
1751	0.025568
1761	0.025728
1771	0.025856
1781	0.025984
1791	0.026112
1801	0.026272
1811	0.026432
1821	0.026560
1831	0.026720
1841	0.026848
1851	0.026976
1861	0.027136
1871	0.027264
1881	0.027424
1891	0.027552
1901	0.027680
1911	0.027808
1921	0.027968
1931	0.028096
1941	0.028224
1951	0.028352
1961	0.028512
1971	0.028640
1981	0.028800
1991	0.028928
2001	0.029056
2011	0.029184
2021	0.029344
2031	0.029472
2041	0.029632
2051	0.029760
2061	0.029888
2071	0.030048
2081	0.030208
2091	0.030336
2101	0.030464
2111	0.030656
2121	0.030784
2131	0.030880
2141	0.031040
2151	0.031168
2161	0.031328
2171	0.031456
2181	0.031584
2191	0.031712
2201	0.031872
2211	0.032000
2221	0.032144
2231	0.032288
2241	0.032416
2251	0.032544
2261	0.032704
2271	0.032832
2281	0.032992
2291	0.033120
2301	0.033632
2311	0.033808
2321	0.033952
2331	0.034064
2341	0.034208
2351	0.034368
2361	0.034496
2371	0.034624
2381	0.034752
2391	0.034912
2401	0.035072
2411	0.035168
2421	0.035296
2431	0.035488
2441	0.035584
2451	0.035744
2461	0.035872
2471	0.036064
2481	0.036352
2491	0.036320
2501	0.036448
2511	0.036608
2521	0.036736
2531	0.036864
2541	0.037024
2551	0.037152
2561	0.037248
2571	0.037408
2581	0.037536
2591	0.037696
2601	0.037824
2611	0.037952
2621	0.038112
2631	0.038272
2641	0.038400
2651	0.038528
2661	0.038688
2671	0.038816
2681	0.038944
2691	0.039072
2701	0.039232
2711	0.039392
2721	0.039520
2731	0.039648
2741	0.039808
2751	0.039936
2761	0.040096
2771	0.040224
2781	0.040384
2791	0.040544
2801	0.040608
2811	0.040768
2821	0.040928
2831	0.041056
2841	0.041184
2851	0.041344
2861	0.041488
2871	0.041600
2881	0.041728
2891	0.041888
2901	0.042048
2911	0.042144
2921	0.042304
2931	0.042432
2941	0.042592
2951	0.042720
2961	0.042848
2971	0.043008
2981	0.043136
2991	0.043296
3001	0.043424
3011	0.043584
3021	0.043680
3031	0.043840
3041	0.044000
3051	0.044144
3061	0.044256
3071	0.044416
3081	0.044544
3091	0.044544
3101	0.044976
3111	0.044960
3121	0.045088
3131	0.045248
3141	0.045376
3151	0.045520
3161	0.045696
3171	0.045824
3181	0.045952
3191	0.046080
3201	0.046240
3211	0.046400
3221	0.046496
3231	0.046640
3241	0.046784
3251	0.046912
3261	0.047072
3271	0.047200
3281	0.047360
3291	0.047488
3301	0.047616
3311	0.047776
3321	0.047904
3331	0.048032
3341	0.048160
3351	0.048320
3361	0.048480
3371	0.048576
3381	0.048736
3391	0.048864
3401	0.049024
3411	0.049248
3421	0.049280
3431	0.049440
3441	0.049568
3451	0.049728
3461	0.049856
3471	0.050016
3481	0.050144
3491	0.050272
3501	0.050416
3511	0.050560
3521	0.050688
3531	0.050816
3541	0.050976
3551	0.051104
3561	0.051264
3571	0.051392
3581	0.051520
3591	0.051648
3601	0.051808
3611	0.051936
3621	0.052096
3631	0.052256
3641	0.052352
3651	0.052512
3661	0.052640
3671	0.052800
3681	0.052928
3691	0.053056
3701	0.053216
3711	0.053344
3721	0.053664
3731	0.053632
3741	0.053760
3751	0.053920
3761	0.054048
3771	0.054176
3781	0.054304
3791	0.054464
3801	0.054608
3811	0.054752
3821	0.054880
3831	0.055040
3841	0.055168
3851	0.055296
3861	0.055456
3871	0.055584
3881	0.055712
3891	0.055872
3901	0.056032
3911	0.056128
3921	0.056288
3931	0.056416
3941	0.056576
3951	0.056704
3961	0.056832
3971	0.056960
3981	0.057152
3991	0.057248
4001	0.057376
4011	0.057536
4021	0.057696
4031	0.057888
4041	0.057952
4051	0.058112
4061	0.058272
4071	0.058368
4081	0.058496
4091	0.058656
4101	0.058816
4111	0.058944
4121	0.059072
4131	0.059232
4141	0.059392
4151	0.059520
4161	0.059680
4171	0.059808
4181	0.059936
4191	0.060032
4201	0.060192
4211	0.060352
4221	0.060480
4231	0.060608
4241	0.060736
4251	0.060896
4261	0.061056
4271	0.061184
4281	0.061312
4291	0.061472
4301	0.061632
4311	0.061728
4321	0.061856
4331	0.062016
4341	0.062256
4351	0.062288
4361	0.062432
4371	0.062592
4381	0.062704
4391	0.062864
4401	0.062976
4411	0.063136
4421	0.063264
4431	0.063392
4441	0.063552
4451	0.063680
4461	0.063840
4471	0.063968
4481	0.064096
4491	0.064256
4501	0.064384
4511	0.064544
4521	0.064672
4531	0.064832
4541	0.064928
4551	0.065088
4561	0.065248
4571	0.065344
4581	0.065504
4591	0.065696
4601	0.065824
4611	0.065952
4621	0.066064
4631	0.066208
4641	0.066368
4651	0.066656
4661	0.066624
4671	0.066784
4681	0.066944
4691	0.067072
4701	0.067200
4711	0.067360
4721	0.067520
4731	0.067616
4741	0.067776
4751	0.067904
4761	0.068064
4771	0.068192
4781	0.068320
4791	0.068480
4801	0.068608
4811	0.068736
4821	0.068896
4831	0.068992
4841	0.069152
4851	0.069312
4861	0.069440
4871	0.069568
4881	0.069760
4891	0.069824
4901	0.069984
4911	0.070144
4921	0.070272
4931	0.070400
4941	0.070560
4951	0.070720
4961	0.071232
4971	0.070944
4981	0.071136
4991	0.071296
5001	0.071392
5011	0.071552
5021	0.071680
5031	0.071840
5041	0.071936
5051	0.072096
5061	0.072224
5071	0.072384
5081	0.072480
5091	0.072640
5101	0.073696
5111	0.072928
5121	0.073088
5131	0.073216
5141	0.073328
5151	0.073472
5161	0.073696
5171	0.073792
5181	0.073888
5191	0.074032
5201	0.074176
5211	0.074336
5221	0.074464
5231	0.074592
5241	0.074784
5251	0.074912
5261	0.075008
5271	0.075136
5281	0.075296
5291	0.075424
5301	0.075552
5311	0.075712
5321	0.075872
5331	0.076000
5341	0.076128
5351	0.076256
5361	0.076416
5371	0.076576
5381	0.076672
5391	0.076832
5401	0.076992
5411	0.077216
5421	0.077248
5431	0.077408
5441	0.077536
5451	0.077632
5461	0.077792
5471	0.077952
5481	0.078112
5491	0.078208
5501	0.078368
5511	0.078528
5521	0.078640
5531	0.078752
5541	0.078944
5551	0.079072
5561	0.079232
5571	0.079376
5581	0.079488
5591	0.079616
5601	0.079776
5611	0.079872
5621	0.080048
5631	0.080192
5641	0.080320
5651	0.080448
5661	0.080576
5671	0.080768
5681	0.080864
5691	0.081024
5701	0.081184
5711	0.081312
5721	0.081536
5731	0.081600
5741	0.081760
5751	0.081920
5761	0.082016
5771	0.082144
5781	0.082304
5791	0.082432
5801	0.082560
5811	0.082656
5821	0.082848
5831	0.082976
5841	0.083104
5851	0.083232
5861	0.083424
5871	0.083552
5881	0.083648
5891	0.083808
5901	0.083936
5911	0.084096
5921	0.084224
5931	0.084352
5941	0.084544
5951	0.084640
5961	0.084800
5971	0.084928
5981	0.085088
5991	0.085216
6001	0.085344
6011	0.085504
6021	0.085664
6031	0.085856
6041	0.085920
6051	0.086048
6061	0.086208
6071	0.086304
6081	0.086464
6091	0.086592
6101	0.086752
6111	0.086880
6121	0.087008
6131	0.087200
6141	0.087296
6151	0.087424
6161	0.087584
6171	0.087744
6181	0.087888
6191	0.088000
6201	0.088128
6211	0.088288
6221	0.088448
6231	0.088544
6241	0.088704
6251	0.088832
6261	0.088992
6271	0.089120
6281	0.089280
6291	0.089408
6301	0.089536
6311	0.089664
6321	0.089824
6331	0.089984
6341	0.090128
6351	0.090240
6361	0.090400
6371	0.090528
6381	0.090656
6391	0.090816
6401	0.090944
6411	0.091104
6421	0.091232
6431	0.091360
6441	0.091520
6451	0.091648
6461	0.091776
6471	0.091936
6481	0.092064
6491	0.092224
6501	0.092352
6511	0.092480
6521	0.092608
6531	0.092768
6541	0.092864
6551	0.093024
6561	0.093184
6571	0.093312
6581	0.093472
6591	0.093600
6601	0.093760
6611	0.093888
6621	0.094016
6631	0.094176
6641	0.094336
6651	0.094528
6661	0.094608
6671	0.094720
6681	0.094880
6691	0.095008
6701	0.095168
6711	0.095264
6721	0.095424
6731	0.095536
6741	0.095712
6751	0.095840
6761	0.096000
6771	0.096096
6781	0.096240
6791	0.096384
6801	0.096544
6811	0.096672
6821	0.096800
6831	0.096960
6841	0.097120
6851	0.097248
6861	0.097344
6871	0.097504
6881	0.097664
6891	0.097792
6901	0.097920
6911	0.098096
6921	0.098208
6931	0.098336
6941	0.098480
6951	0.098656
6961	0.098784
6971	0.098912
6981	0.099072
6991	0.099232
7001	0.099328
7011	0.099488
7021	0.099616
7031	0.099776
7041	0.099872
7051	0.100032
7061	0.100160
7071	0.100320
7081	0.100448
7091	0.100576
7101	0.100736
7111	0.100896
7121	0.100992
7131	0.101152
7141	0.101344
7151	0.101472
7161	0.101568
7171	0.101696
7181	0.101856
7191	0.101984
7201	0.102112
7211	0.102240
7221	0.102432
7231	0.102560
7241	0.102688
7251	0.102816
7261	0.102976
7271	0.103168
7281	0.103232
7291	0.103392
7301	0.103552
7311	0.103664
7321	0.103808
7331	0.103936
7341	0.104096
7351	0.104192
7361	0.104352
7371	0.104480
7381	0.104640
7391	0.104768
7401	0.104896
7411	0.105056
7421	0.105216
7431	0.105312
7441	0.105472
7451	0.105600
7461	0.105792
7471	0.105888
7481	0.106048
7491	0.106208
7501	0.106304
7511	0.106432
7521	0.106592
7531	0.106752
7541	0.106880
7551	0.107040
7561	0.107168
7571	0.107296
7581	0.107456
7591	0.107584
7601	0.107712
7611	0.107872
7621	0.108000
7631	0.108128
7641	0.108288
7651	0.108448
7661	0.108544
7671	0.108704
7681	0.108800
7691	0.108960
7701	0.109104
7711	0.109232
7721	0.109376
7731	0.109536
7741	0.109664
7751	0.109856
7761	0.109952
7771	0.110112
7781	0.110240
7791	0.110368
7801	0.110512
7811	0.110656
7821	0.110784
7831	0.110912
7841	0.111072
7851	0.111200
7861	0.111360
7871	0.111488
7881	0.111648
7891	0.111776
7901	0.111904
7911	0.112032
7921	0.112192
7931	0.112288
7941	0.112480
7951	0.112608
7961	0.112768
7971	0.112880
7981	0.113024
7991	0.113152
8001	0.113312
8011	0.113408
8021	0.113568
8031	0.113728
8041	0.113856
8051	0.113984
8061	0.114112
8071	0.114272
8081	0.114432
8091	0.114544
8101	0.114688
8111	0.114848
8121	0.114976
8131	0.115136
8141	0.115264
8151	0.115392
8161	0.115552
8171	0.115664
8181	0.115808
8191	0.115968
8201	0.116128
8211	0.116224
8221	0.116352
8231	0.116512
8241	0.116640
8251	0.116768
8261	0.116960
8271	0.117088
8281	0.117216
8291	0.117376
8301	0.117504
8311	0.117664
8321	0.117792
8331	0.117920
8341	0.118048
8351	0.118208
8361	0.118336
8371	0.118496
8381	0.118624
8391	0.118752
8401	0.118880
8411	0.119008
8421	0.119168
8431	0.119328
8441	0.119456
8451	0.119584
8461	0.119744
8471	0.119872
8481	0.120000
8491	0.120128
8501	0.120288
8511	0.120416
8521	0.120576
8531	0.120704
8541	0.120832
8551	0.120960
8561	0.121120
8571	0.121248
8581	0.121440
8591	0.121536
8601	0.121664
8611	0.121824
8621	0.121984
8631	0.122080
8641	0.122240
8651	0.122368
8661	0.122528
8671	0.122656
8681	0.122816
8691	0.122944
8701	0.123072
8711	0.123200
8721	0.123360
8731	0.123520
8741	0.123648
8751	0.123776
8761	0.123936
8771	0.124064
8781	0.124192
8791	0.124352
8801	0.124480
8811	0.124640
8821	0.124768
8831	0.124896
8841	0.125040
8851	0.125184
8861	0.125312
8871	0.125472
8881	0.125568
8891	0.125728
8901	0.125888
8911	0.126016
8921	0.126176
8931	0.126336
8941	0.126432
8951	0.126592
8961	0.126720
8971	0.126880
8981	0.126976
8991	0.127136
9001	0.127296
9011	0.127424
9021	0.127552
9031	0.127680
9041	0.127856
9051	0.127968
9061	0.128128
9071	0.128256
9081	0.128384
9091	0.128544
9101	0.128672
9111	0.128800
9121	0.128928
9131	0.129088
9141	0.129216
9151	0.129344
9161	0.129504
9171	0.129632
9181	0.129792
9191	0.129920
9201	0.130080
9211	0.130208
9221	0.130368
9231	0.130496
9241	0.130624
9251	0.130752
9261	0.130896
9271	0.131040
9281	0.131200
9291	0.131328
9301	0.131488
9311	0.131616
9321	0.131776
9331	0.131872
9341	0.132000
9351	0.132176
9361	0.132320
9371	0.132448
9381	0.132592
9391	0.132736
9401	0.132896
9411	0.132992
9421	0.133120
9431	0.133296
9441	0.133440
9451	0.133568
9461	0.133696
9471	0.133856
9481	0.133984
9491	0.134112
9501	0.134240
9511	0.134432
9521	0.134544
9531	0.134656
9541	0.134816
9551	0.134944
9561	0.135104
9571	0.135232
9581	0.135360
9591	0.135552
9601	0.135680
9611	0.135808
9621	0.135936
9631	0.136096
9641	0.136192
9651	0.136352
9661	0.136480
9671	0.136672
9681	0.136768
9691	0.136896
9701	0.137056
9711	0.137184
9721	0.137312
9731	0.137472
9741	0.137600
9751	0.137760
9761	0.137888
9771	0.138016
9781	0.138208
9791	0.138320
9801	0.138464
9811	0.138592
9821	0.138752
9831	0.138880
9841	0.139008
9851	0.139168
9861	0.139328
9871	0.139424
9881	0.139584
9891	0.139712
9901	0.139872
9911	0.139968
9921	0.140128
9931	0.140288
9941	0.140416
9951	0.140544
9961	0.140704
9971	0.140832
9981	0.140960
9991	0.141120
10001	0.141248
10011	0.141408
10021	0.141536
10031	0.141664
10041	0.141792
10051	0.141952
10061	0.142080
10071	0.142208
10081	0.142368
10091	0.142496
10101	0.142656
10111	0.142784
10121	0.142912
10131	0.143072
10141	0.143200
10151	0.143328
10161	0.143488
10171	0.143648
10181	0.143776
10191	0.143904
10201	0.144064
10211	0.144256
10221	0.144320
10231	0.144480
10241	0.144608
10251	0.144768
10261	0.144864
10271	0.145056
10281	0.145184
10291	0.145312
10301	0.145440
10311	0.145600
10321	0.145760
10331	0.145920
10341	0.146016
10351	0.146144
10361	0.146304
10371	0.146464
10381	0.146592
10391	0.146688
10401	0.146848
10411	0.147008
10421	0.147136
10431	0.147264
10441	0.147424
10451	0.147552
10461	0.147696
10471	0.147808
10481	0.147984
10491	0.148128
10501	0.148256
10511	0.148416
10521	0.148544
10531	0.148672
10541	0.148800
10551	0.148960
10561	0.149088
10571	0.149216
10581	0.149376
10591	0.149504
10601	0.149664
10611	0.149760
10621	0.149920
10631	0.150048
10641	0.150208
10651	0.150336
10661	0.150464
10671	0.150624
10681	0.150848
10691	0.150912
10701	0.151040
10711	0.151200
10721	0.151328
10731	0.151456
10741	0.151616
10751	0.151744
10761	0.151872
10771	0.152032
10781	0.152192
10791	0.152288
10801	0.152448
10811	0.152576
10821	0.152704
10831	0.152896
10841	0.152992
10851	0.153152
10861	0.153280
10871	0.153440
10881	0.153536
10891	0.153696
10901	0.153856
10911	0.153984
10921	0.154112
10931	0.154240
10941	0.154400
10951	0.154528
10961	0.154656
10971	0.154816
10981	0.154976
10991	0.155200
11001	0.155296
11011	0.155360
11021	0.155520
11031	0.155648
11041	0.155776
11051	0.155936
11061	0.156096
11071	0.156224
11081	0.156352
11091	0.156512
11101	0.156640
11111	0.156768
11121	0.156896
11131	0.157056
11141	0.157216
11151	0.157312
11161	0.157504
11171	0.157632
11181	0.157760
11191	0.157888
11201	0.158016
11211	0.158176
11221	0.158304
11231	0.158432
11241	0.158592
11251	0.158720
11261	0.158880
11271	0.158976
11281	0.159136
11291	0.159296
11301	0.159584
11311	0.159552
11321	0.159712
11331	0.159872
11341	0.160000
11351	0.160096
11361	0.160256
11371	0.160416
11381	0.160576
11391	0.160672
11401	0.160832
11411	0.160992
11421	0.161120
11431	0.161248
11441	0.161408
11451	0.161568
11461	0.161664
11471	0.161792
11481	0.161952
11491	0.162112
11501	0.162208
11511	0.162368
11521	0.162496
11531	0.162656
11541	0.162784
11551	0.162912
11561	0.163072
11571	0.163232
11581	0.163328
11591	0.163488
11601	0.163616
11611	0.163776
11621	0.164000
11631	0.164032
11641	0.164192
11651	0.164320
11661	0.164448
11671	0.164608
11681	0.164736
11691	0.164896
11701	0.165024
11711	0.165152
11721	0.165312
11731	0.165440
11741	0.165568
11751	0.165728
11761	0.165888
11771	0.166016
11781	0.166176
11791	0.166272
11801	0.166464
11811	0.166560
11821	0.166688
11831	0.166848
11841	0.167008
11851	0.167136
11861	0.167264
11871	0.167392
11881	0.167552
11891	0.167680
11901	0.167840
11911	0.167968
11921	0.168128
11931	0.168288
11941	0.168384
11951	0.168512
11961	0.168672
11971	0.168768
11981	0.168928
11991	0.169088
12001	0.169216
12011	0.169344
12021	0.169472
12031	0.169632
12041	0.169760
12051	0.169888
12061	0.170048
12071	0.170208
12081	0.170336
12091	0.170464
12101	0.170624
12111	0.170784
12121	0.170912
12131	0.171040
12141	0.171200
12151	0.171328
12161	0.171456
12171	0.171584
12181	0.171744
12191	0.171872
12201	0.172000
12211	0.172128
12221	0.172288
12231	0.172448
12241	0.172672
12251	0.172704
12261	0.172832
12271	0.172992
12281	0.173120
12291	0.173248
12301	0.173408
12311	0.173568
12321	0.173664
12331	0.173824
12341	0.173984
12351	0.174112
12361	0.174240
12371	0.174368
12381	0.174560
12391	0.174656
12401	0.174816
12411	0.174944
12421	0.175104
12431	0.175232
12441	0.175360
12451	0.175488
12461	0.175648
12471	0.175776
12481	0.175904
12491	0.176064
12501	0.176224
12511	0.176320
12521	0.176480
12531	0.176608
12541	0.176768
12551	0.176896
12561	0.177024
12571	0.177184
12581	0.177344
12591	0.177440
12601	0.177600
12611	0.177744
12621	0.177904
12631	0.178016
12641	0.178176
12651	0.178336
12661	0.178464
12671	0.178560
12681	0.178720
12691	0.178864
12701	0.179008
12711	0.179136
12721	0.179296
12731	0.179424
12741	0.179552
12751	0.179712
12761	0.179840
12771	0.180000
12781	0.180128
12791	0.180256
12801	0.180384
12811	0.180544
12821	0.180672
12831	0.180800
12841	0.180928
12851	0.181088
12861	0.181312
12871	0.181376
12881	0.181504
12891	0.181632
12901	0.181792
12911	0.181920
12921	0.182080
12931	0.182208
12941	0.182336
12951	0.182480
12961	0.182624
12971	0.182784
12981	0.182912
12991	0.183040
13001	0.183200
13011	0.183328
13021	0.183488
13031	0.183616
13041	0.183776
13051	0.183872
13061	0.184032
13071	0.184160
13081	0.184320
13091	0.184448
13101	0.184576
13111	0.184704
13121	0.184864
13131	0.184992
13141	0.185136
13151	0.185280
13161	0.185424
13171	0.185632
13181	0.185696
13191	0.185856
13201	0.186016
13211	0.186112
13221	0.186272
13231	0.186400
13241	0.186560
13251	0.186656
13261	0.186816
13271	0.186976
13281	0.187104
13291	0.187232
13301	0.187392
13311	0.187520
13321	0.187648
13331	0.187776
13341	0.187936
13351	0.188080
13361	0.188192
13371	0.188352
13381	0.188480
13391	0.188640
13401	0.188768
13411	0.188928
13421	0.189056
13431	0.189184
13441	0.189344
13451	0.189472
13461	0.189600
13471	0.189760
13481	0.189984
13491	0.190016
13501	0.190176
13511	0.190336
13521	0.190432
13531	0.190592
13541	0.190752
13551	0.190880
13561	0.191008
13571	0.191136
13581	0.191296
13591	0.191424
13601	0.191584
13611	0.191712
13621	0.191872
13631	0.191984
13641	0.192128
13651	0.192256
13661	0.192416
13671	0.192544
13681	0.192672
13691	0.192832
13701	0.192992
13711	0.193088
13721	0.193248
13731	0.193376
13741	0.193536
13751	0.193648
13761	0.193792
13771	0.193952
13781	0.194112
13791	0.194304
13801	0.194368
13811	0.194496
13821	0.194656
13831	0.194784
13841	0.194912
13851	0.195040
13861	0.195200
13871	0.195328
13881	0.195488
13891	0.195616
13901	0.195776
13911	0.195904
13921	0.196032
13931	0.196192
13941	0.196320
13951	0.196448
13961	0.196608
13971	0.196736
13981	0.196896
13991	0.197024
14001	0.197152
14011	0.197312
14021	0.197440
14031	0.197568
14041	0.197696
14051	0.197856
14061	0.197984
14071	0.198144
14081	0.198288
14091	0.198432
14101	0.198688
14111	0.198688
14121	0.198848
14131	0.198976
14141	0.199104
14151	0.199248
14161	0.199392
14171	0.199552
14181	0.199680
14191	0.199808
14201	0.199968
14211	0.200096
14221	0.200224
14231	0.200352
14241	0.200512
14251	0.200640
14261	0.200800
14271	0.200928
14281	0.201056
14291	0.201216
14301	0.201344
14311	0.201472
14321	0.201632
14331	0.201776
14341	0.201888
14351	0.202048
14361	0.202208
14371	0.202336
14381	0.202464
14391	0.202624
14401	0.202784
14411	0.203008
14421	0.203040
14431	0.203168
14441	0.203312
14451	0.203424
14461	0.203584
14471	0.203712
14481	0.203872
14491	0.204000
14501	0.204128
14511	0.204288
14521	0.204416
14531	0.204544
14541	0.204688
14551	0.204832
14561	0.204992
14571	0.205120
14581	0.205248
14591	0.205408
14601	0.205568
14611	0.205664
14621	0.205824
14631	0.205952
14641	0.206096
14651	0.206240
14661	0.206368
14671	0.206528
14681	0.206656
14691	0.206784
14701	0.206944
14711	0.207104
14721	0.207328
14731	0.207360
14741	0.207488
14751	0.207648
14761	0.207776
14771	0.207904
14781	0.208064
14791	0.208256
14801	0.208320
14811	0.208480
14821	0.208608
14831	0.208768
14841	0.208896
14851	0.209024
14861	0.209184
14871	0.209312
14881	0.209440
14891	0.209600
14901	0.209760
14911	0.209888
14921	0.210016
14931	0.210144
14941	0.210304
14951	0.210432
14961	0.210560
14971	0.210720
14981	0.210880
14991	0.210976
15001	0.211152
15011	0.211264
15021	0.211424
15031	0.211968
15041	0.211680
15051	0.211840
15061	0.211968
15071	0.212128
15081	0.212256
15091	0.212384
15101	0.212544
15111	0.212672
15121	0.212800
15131	0.212960
15141	0.213088
15151	0.213216
15161	0.213376
15171	0.213536
15181	0.213664
15191	0.213760
15201	0.213920
15211	0.214048
15221	0.214240
15231	0.214368
15241	0.214496
15251	0.214656
15261	0.214784
15271	0.214912
15281	0.215040
15291	0.215200
15301	0.215328
15311	0.215488
15321	0.215632
15331	0.215776
15341	0.216000
15351	0.216048
15361	0.216160
15371	0.216384
15381	0.216448
15391	0.216592
15401	0.216736
15411	0.216896
15421	0.217008
15431	0.217152
15441	0.217312
15451	0.217440
15461	0.217568
15471	0.217696
15481	0.217856
15491	0.218000
15501	0.218112
15511	0.218272
15521	0.218432
15531	0.218592
15541	0.218688
15551	0.218816
15561	0.218976
15571	0.219104
15581	0.219232
15591	0.219376
15601	0.219536
15611	0.219680
15621	0.219808
15631	0.219968
15641	0.220080
15651	0.220352
15661	0.220352
15671	0.220480
15681	0.220640
15691	0.220768
15701	0.220928
15711	0.221056
15721	0.221216
15731	0.221344
15741	0.221440
15751	0.221600
15761	0.221728
15771	0.221888
15781	0.222016
15791	0.222176
15801	0.222304
15811	0.222432
15821	0.222560
15831	0.222720
15841	0.222848
15851	0.222976
15861	0.223136
15871	0.223296
15881	0.223424
15891	0.223584
15901	0.223680
15911	0.223840
15921	0.223936
15931	0.224096
15941	0.224224
15951	0.224384
15961	0.224672
15971	0.224688
15981	0.224800
15991	0.224960
16001	0.225088
16011	0.225248
16021	0.225376
16031	0.225536
16041	0.225632
16051	0.225760
16061	0.225920
16071	0.226080
16081	0.226176
16091	0.226336
16101	0.226464
16111	0.226624
16121	0.226736
16131	0.226912
16141	0.227040
16151	0.227200
16161	0.227296
16171	0.227472
16181	0.227616
16191	0.227744
16201	0.227872
16211	0.228032
16221	0.228160
16231	0.228336
16241	0.228480
16251	0.228608
16261	0.228736
16271	0.228992
16281	0.228992
16291	0.229152
16301	0.229280
16311	0.229408
16321	0.229536
16331	0.229696
16341	0.229856
16351	0.229984
16361	0.230112
16371	0.230240
16381	0.230400
16391	0.230528
16401	0.230656
16411	0.230816
16421	0.230960
16431	0.231072
16441	0.231232
16451	0.231392
16461	0.231520
16471	0.231648
16481	0.231808
16491	0.231968
16501	0.232064
16511	0.232192
16521	0.232320
16531	0.232512
16541	0.232640
16551	0.232800
16561	0.232896
16571	0.233088
16581	0.233280
16591	0.233376
16601	0.233504
16611	0.233632
16621	0.233728
16631	0.233888
16641	0.234016
16651	0.234176
16661	0.234304
16671	0.234464
16681	0.234592
16691	0.234736
16701	0.234848
16711	0.235008
16721	0.235168
16731	0.235328
16741	0.235424
16751	0.235568
16761	0.235712
16771	0.235872
16781	0.235968
16791	0.236128
16801	0.236288
16811	0.236448
16821	0.236544
16831	0.236672
16841	0.236832
16851	0.236976
16861	0.237120
16871	0.237248
16881	0.237408
16891	0.237632
16901	0.237664
16911	0.237824
16921	0.237984
16931	0.238112
16941	0.238240
16951	0.238384
16961	0.238528
16971	0.238656
16981	0.238784
16991	0.238912
17001	0.239072
17011	0.239232
17021	0.239328
17031	0.239488
17041	0.239616
17051	0.239744
17061	0.239888
17071	0.240032
17081	0.240160
17091	0.240320
17101	0.240448
17111	0.240608
17121	0.240736
17131	0.240896
17141	0.240992
17151	0.241152
17161	0.241312
17171	0.241440
17181	0.241568
17191	0.241760
17201	0.241984
17211	0.242016
17221	0.242144
17231	0.242272
17241	0.242432
17251	0.242560
17261	0.242720
17271	0.242880
17281	0.243008
17291	0.243120
17301	0.243264
17311	0.243424
17321	0.243520
17331	0.243680
17341	0.243808
17351	0.243968
17361	0.244096
17371	0.244224
17381	0.244384
17391	0.244512
17401	0.244640
17411	0.244800
17421	0.244928
17431	0.245120
17441	0.245200
17451	0.245344
17461	0.245488
17471	0.245632
17481	0.245792
17491	0.245920
17501	0.246048
17511	0.246336
17521	0.246336
17531	0.246464
17541	0.246624
17551	0.246784
17561	0.246880
17571	0.247040
17581	0.247168
17591	0.247296
17601	0.247456
17611	0.247616
17621	0.247744
17631	0.247872
17641	0.248000
17651	0.248160
17661	0.248288
17671	0.248416
17681	0.248560
17691	0.248704
17701	0.248864
17711	0.248992
17721	0.249120
17731	0.249264
17741	0.249408
17751	0.249536
17761	0.249664
17771	0.249856
17781	0.249952
17791	0.250080
17801	0.250240
17811	0.250400
17821	0.250624
17831	0.250720
17841	0.250800
17851	0.250976
17861	0.251104
17871	0.251232
17881	0.251360
17891	0.251520
17901	0.251648
17911	0.251776
17921	0.251904
17931	0.252064
17941	0.252192
17951	0.252320
17961	0.252480
17971	0.252624
17981	0.252736
17991	0.252896
18001	0.253056
18011	0.253184
18021	0.253312
18031	0.253440
18041	0.253600
18051	0.253760
18061	0.253856
18071	0.254016
18081	0.254144
18091	0.254304
18101	0.254432
18111	0.254592
18121	0.254720
18131	0.254912
18141	0.254976
18151	0.255136
18161	0.255296
18171	0.255424
18181	0.255552
18191	0.255680
18201	0.255840
18211	0.255968
18221	0.256096
18231	0.256256
18241	0.256416
18251	0.256544
18261	0.256672
18271	0.256800
18281	0.256928
18291	0.257056
18301	0.257216
18311	0.257376
18321	0.257536
18331	0.257632
18341	0.257760
18351	0.257920
18361	0.258048
18371	0.258208
18381	0.258336
18391	0.258496
18401	0.258656
18411	0.258752
18421	0.258880
18431	0.259072
18441	0.259232
18451	0.259376
18461	0.259456
18471	0.259648
18481	0.259744
18491	0.259904
18501	0.260032
18511	0.260192
18521	0.260320
18531	0.260448
18541	0.260576
18551	0.260736
18561	0.260864
18571	0.261008
18581	0.261152
18591	0.261312
18601	0.261408
18611	0.261568
18621	0.261696
18631	0.261888
18641	0.261984
18651	0.262112
18661	0.262272
18671	0.262400
18681	0.262496
18691	0.262688
18701	0.262816
18711	0.262976
18721	0.263072
18731	0.263232
18741	0.263392
18751	0.263600
18761	0.263648
18771	0.263808
18781	0.263968
18791	0.264064
18801	0.264192
18811	0.264352
18821	0.264480
18831	0.264640
18841	0.264768
18851	0.264928
18861	0.265056
18871	0.265216
18881	0.265312
18891	0.265504
18901	0.265600
18911	0.265728
18921	0.265888
18931	0.266032
18941	0.266176
18951	0.266304
18961	0.266432
18971	0.266592
18981	0.266752
18991	0.266880
19001	0.267008
19011	0.267168
19021	0.267296
19031	0.267424
19041	0.267552
19051	0.267712
19061	0.267904
19071	0.268032
19081	0.268128
19091	0.268256
19101	0.268384
19111	0.268544
19121	0.268672
19131	0.268832
19141	0.268960
19151	0.269088
19161	0.269248
19171	0.269424
19181	0.269536
19191	0.269680
19201	0.269792
19211	0.269952
19221	0.270080
19231	0.270224
19241	0.270368
19251	0.270528
19261	0.270656
19271	0.270784
19281	0.270912
19291	0.271104
19301	0.271168
19311	0.271328
19321	0.271488
19331	0.271616
19341	0.271744
19351	0.271904
19361	0.272032
19371	0.272256
19381	0.272320
19391	0.272448
19401	0.272624
19411	0.272736
19421	0.272864
19431	0.273024
19441	0.273184
19451	0.273312
19461	0.273440
19471	0.273600
19481	0.273728
19491	0.273888
19501	0.273984
19511	0.274144
19521	0.274272
19531	0.274432
19541	0.274560
19551	0.274688
19561	0.274848
19571	0.274976
19581	0.275104
19591	0.275264
19601	0.275392
19611	0.275520
19621	0.275680
19631	0.275808
19641	0.275968
19651	0.276096
19661	0.276224
19671	0.276384
19681	0.276576
19691	0.276736
19701	0.276768
19711	0.276960
19721	0.277088
19731	0.277216
19741	0.277344
19751	0.277536
19761	0.277632
19771	0.277792
19781	0.277920
19791	0.278064
19801	0.278208
19811	0.278336
19821	0.278496
19831	0.278624
19841	0.278752
19851	0.278896
19861	0.279040
19871	0.279200
19881	0.279296
19891	0.279456
19901	0.279584
19911	0.279760
19921	0.279840
19931	0.280000
19941	0.280160
19951	0.280304
19961	0.280416
19971	0.280576
19981	0.280704
19991	0.280864
