Num_Matrices	Median_Transfer_Time_ms
1	0.004192
11	0.004128
21	0.003872
31	0.003968
41	0.004480
51	0.004192
61	0.004256
71	0.004864
81	0.004672
91	0.004768
101	0.004640
111	0.005136
121	0.005312
131	0.005472
141	0.005360
151	0.005952
161	0.005760
171	0.005952
181	0.005936
191	0.006384
201	0.006512
211	0.006592
221	0.006624
231	0.006976
241	0.007200
251	0.007488
261	0.007216
271	0.007488
281	0.007648
291	0.007904
301	0.007840
311	0.008432
321	0.008480
331	0.008560
341	0.008368
351	0.008864
361	0.008944
371	0.009104
381	0.009184
391	0.009696
401	0.009392
411	0.009552
421	0.009760
431	0.010112
441	0.010192
451	0.010528
461	0.010368
471	0.010976
481	0.011072
491	0.011104
501	0.010848
511	0.011664
521	0.011520
531	0.011744
541	0.011584
551	0.012224
561	0.012432
571	0.012256
581	0.012272
591	0.012736
601	0.012800
611	0.012976
621	0.012928
631	0.013536
641	0.013264
651	0.013680
661	0.013456
671	0.014272
681	0.014416
691	0.014224
701	0.014192
711	0.014736
721	0.014752
731	0.014976
741	0.014848
751	0.015264
761	0.015440
771	0.015488
781	0.015488
791	0.015952
801	0.016208
811	0.016224
821	0.016080
831	0.016784
841	0.016576
851	0.016720
861	0.016784
871	0.017200
881	0.017424
891	0.017424
901	0.017408
911	0.018000
921	0.018304
931	0.018160
941	0.018096
951	0.018720
961	0.018816
971	0.018656
981	0.018640
991	0.019072
1001	0.019472
1011	0.019312
1021	0.019248
1031	0.019984
1041	0.020240
1051	0.019888
1061	0.019888
1071	0.020464
1081	0.020384
1091	0.020608
1101	0.020448
1111	0.021040
1121	0.021264
1131	0.021216
1141	0.021184
1151	0.021792
1161	0.021728
1171	0.021824
1181	0.021824
1191	0.022496
1201	0.022688
1211	0.022560
1221	0.022400
1231	0.023104
1241	0.023056
1251	0.023072
1261	0.023088
1271	0.023696
1281	0.023776
1291	0.023760
1301	0.023600
1311	0.024256
1321	0.024480
1331	0.024448
1341	0.024256
1351	0.025040
1361	0.025152
1371	0.025008
1381	0.025040
1391	0.025600
1401	0.025584
1411	0.025632
1421	0.025616
1431	0.026336
1441	0.026400
1451	0.026336
1461	0.026208
1471	0.026944
1481	0.026800
1491	0.026880
1501	0.026912
1511	0.027520
1521	0.027680
1531	0.027440
1541	0.027488
1551	0.028160
1561	0.028016
1571	0.028192
1581	0.028128
1591	0.028784
1601	0.028800
1611	0.028800
1621	0.028784
1631	0.029408
1641	0.029600
1651	0.029408
1661	0.029376
1671	0.030016
1681	0.030144
1691	0.030128
1701	0.030048
1711	0.030656
1721	0.030592
1731	0.030672
1741	0.030640
1751	0.031264
1761	0.031488
1771	0.031328
1781	0.031280
1791	0.031904
1801	0.031792
1811	0.032000
1821	0.031952
1831	0.032576
1841	0.032800
1851	0.032624
1861	0.032624
1871	0.033216
1881	0.033408
1891	0.033232
1901	0.033184
1911	0.033824
1921	0.033952
1931	0.033824
1941	0.033728
1951	0.034400
1961	0.034608
1971	0.034432
1981	0.034448
1991	0.035040
2001	0.035152
2011	0.035168
2021	0.035120
2031	0.035712
2041	0.035824
2051	0.035808
2061	0.035760
2071	0.036256
2081	0.036464
2091	0.036608
2101	0.036288
2111	0.036944
2121	0.036864
2131	0.036880
2141	0.037152
2151	0.037824
2161	0.037952
2171	0.037824
2181	0.037792
2191	0.038432
2201	0.038592
2211	0.038480
2221	0.038464
2231	0.039056
2241	0.039184
2251	0.039168
2261	0.039088
2271	0.039776
2281	0.039904
2291	0.039728
2301	0.039872
2311	0.040560
2321	0.040480
2331	0.040576
2341	0.040448
2351	0.040896
2361	0.041232
2371	0.041152
2381	0.041152
2391	0.041760
2401	0.041920
2411	0.041776
2421	0.041696
2431	0.042368
2441	0.042240
2451	0.042368
2461	0.042384
2471	0.043072
2481	0.043216
2491	0.043024
2501	0.042912
2511	0.043536
2521	0.043744
2531	0.043616
2541	0.043632
2551	0.044320
2561	0.044448
2571	0.044224
2581	0.044176
2591	0.044912
2601	0.044864
2611	0.044832
2621	0.044832
2631	0.045536
2641	0.045712
2651	0.045552
2661	0.045568
2671	0.046144
2681	0.046336
2691	0.046144
2701	0.046176
2711	0.046816
2721	0.046896
2731	0.046832
2741	0.046752
2751	0.047424
2761	0.047264
2771	0.047424
2781	0.047392
2791	0.048032
2801	0.048176
2811	0.048128
2821	0.048000
2831	0.048704
2841	0.048672
2851	0.048688
2861	0.048736
2871	0.049312
2881	0.049504
2891	0.049360
2901	0.049248
2911	0.049952
2921	0.050048
2931	0.049984
2941	0.049968
2951	0.050528
2961	0.050784
2971	0.050560
2981	0.050560
2991	0.051184
3001	0.051296
3011	0.051200
3021	0.051136
3031	0.051760
3041	0.051904
3051	0.051824
3061	0.051792
3071	0.052336
3081	0.052304
3091	0.052448
3101	0.052512
3111	0.053120
3121	0.053184
3131	0.053088
3141	0.053312
3151	0.053712
3161	0.053648
3171	0.053744
3181	0.053696
3191	0.054272
3201	0.054384
3211	0.054368
3221	0.054320
3231	0.054944
3241	0.055168
3251	0.055072
3261	0.054912
3271	0.055568
3281	0.055712
3291	0.055616
3301	0.055568
3311	0.056224
3321	0.056384
3331	0.056288
3341	0.056192
3351	0.056928
3361	0.056960
3371	0.056864
3381	0.056880
3391	0.057504
3401	0.057344
3411	0.057472
3421	0.057632
3431	0.057792
3441	0.057952
3451	0.058192
3461	0.058256
3471	0.058496
3481	0.058544
3491	0.058784
3501	0.058912
3511	0.059120
3521	0.059264
3531	0.059408
3541	0.059552
3551	0.059648
3561	0.059872
3571	0.059936
3581	0.060160
3591	0.060272
3601	0.060464
3611	0.060640
3621	0.060768
3631	0.060928
3641	0.061120
3651	0.061312
3661	0.061408
3671	0.061504
3681	0.061744
3691	0.061856
3701	0.062080
3711	0.062144
3721	0.062400
3731	0.062576
3741	0.062736
3751	0.062800
3761	0.063120
3771	0.063216
3781	0.063312
3791	0.063488
3801	0.063680
3811	0.063856
3821	0.063936
3831	0.064048
3841	0.064320
3851	0.064448
3861	0.064640
3871	0.064736
3881	0.064896
3891	0.064992
3901	0.065232
3911	0.065408
3921	0.065536
3931	0.065712
3941	0.065824
3951	0.065968
3961	0.066144
3971	0.066368
3981	0.066464
3991	0.066688
4001	0.066752
4011	0.066928
4021	0.067072
4031	0.067248
4041	0.067408
4051	0.067552
4061	0.067680
4071	0.067872
4081	0.067952
4091	0.068064
4101	0.068352
4111	0.068528
4121	0.068768
4131	0.068768
4141	0.069040
4151	0.069152
4161	0.069216
4171	0.069504
4181	0.069616
4191	0.070400
4201	0.069920
4211	0.070160
4221	0.070224
4231	0.070336
4241	0.070592
4251	0.070672
4261	0.070880
4271	0.071088
4281	0.071168
4291	0.071408
4301	0.071424
4311	0.071664
4321	0.071792
4331	0.071920
4341	0.072176
4351	0.072256
4361	0.072496
4371	0.072544
4381	0.072816
4391	0.072944
4401	0.073072
4411	0.073280
4421	0.073360
4431	0.073488
4441	0.073728
4451	0.073856
4461	0.073936
4471	0.074224
4481	0.074352
4491	0.074448
4501	0.074656
4511	0.074656
4521	0.075008
4531	0.075136
4541	0.075296
4551	0.075424
4561	0.075552
4571	0.075760
4581	0.075904
4591	0.075984
4601	0.076224
4611	0.076416
4621	0.076544
4631	0.076672
4641	0.076832
4651	0.076944
4661	0.077136
4671	0.077264
4681	0.077536
4691	0.077632
4701	0.077808
4711	0.077936
4721	0.077968
4731	0.078192
4741	0.078400
4751	0.078496
4761	0.078752
4771	0.078864
4781	0.078976
4791	0.079232
4801	0.079296
4811	0.079616
4821	0.079696
4831	0.079888
4841	0.079984
4851	0.080208
4861	0.080352
4871	0.080480
4881	0.080592
4891	0.080928
4901	0.080960
4911	0.081136
4921	0.081216
4931	0.081408
4941	0.081584
4951	0.081600
4961	0.081920
4971	0.082080
4981	0.082224
4991	0.082432
5001	0.082544
5011	0.082624
5021	0.082880
5031	0.083040
5041	0.083104
5051	0.083232
5061	0.083456
5071	0.083680
5081	0.083776
5091	0.084000
5101	0.084160
5111	0.084272
5121	0.084400
5131	0.084592
5141	0.084672
5151	0.084848
5161	0.085088
5171	0.085152
5181	0.085456
5191	0.085504
5201	0.085616
5211	0.085856
5221	0.085984
5231	0.086144
5241	0.086416
5251	0.086528
5261	0.086560
5271	0.086720
5281	0.086880
5291	0.087008
5301	0.087264
5311	0.087392
5321	0.087536
5331	0.087744
5341	0.087888
5351	0.088096
5361	0.088112
5371	0.088288
5381	0.088416
5391	0.088624
5401	0.088704
5411	0.088960
5421	0.089056
5431	0.089232
5441	0.089520
5451	0.089664
5461	0.089744
5471	0.089904
5481	0.090016
5491	0.090256
5501	0.090336
5511	0.090320
5521	0.090608
5531	0.090848
5541	0.090992
5551	0.091168
5561	0.091312
5571	0.091600
5581	0.091680
5591	0.091856
5601	0.092000
5611	0.092112
5621	0.092304
5631	0.092432
5641	0.092640
5651	0.092704
5661	0.092976
5671	0.093040
5681	0.093216
5691	0.093360
5701	0.093584
5711	0.093680
5721	0.093888
5731	0.093904
5741	0.094144
5751	0.094320
5761	0.094512
5771	0.094560
5781	0.094720
5791	0.094848
5801	0.095200
5811	0.095264
5821	0.095424
5831	0.095552
5841	0.095712
5851	0.095872
5861	0.096032
5871	0.096128
5881	0.096384
5891	0.096464
5901	0.096704
5911	0.096848
5921	0.097024
5931	0.097200
5941	0.097376
5951	0.097520
5961	0.097632
5971	0.097760
5981	0.097872
5991	0.098080
6001	0.098272
6011	0.098480
6021	0.098464
6031	0.098784
6041	0.098816
6051	0.099072
6061	0.099200
6071	0.099392
6081	0.099504
6091	0.099696
6101	0.099856
6111	0.099952
6121	0.100144
6131	0.100400
6141	0.100368
6151	0.100560
6161	0.100720
6171	0.100960
6181	0.101040
6191	0.101136
6201	0.101408
6211	0.101632
6221	0.101664
6231	0.101920
6241	0.101968
6251	0.102240
6261	0.102272
6271	0.102432
6281	0.102608
6291	0.102816
6301	0.102944
6311	0.103136
6321	0.103360
6331	0.103360
6341	0.103568
6351	0.103648
6361	0.103888
6371	0.104064
6381	0.104192
6391	0.104288
6401	0.104528
6411	0.104784
6421	0.104832
6431	0.104976
6441	0.105136
6451	0.105312
6461	0.105552
6471	0.105568
6481	0.105712
6491	0.105952
6501	0.106096
6511	0.106336
6521	0.106480
6531	0.106464
6541	0.106704
6551	0.106832
6561	0.106960
6571	0.107200
6581	0.107344
6591	0.107584
6601	0.107696
6611	0.107888
6621	0.108032
6631	0.108096
6641	0.108272
6651	0.108512
6661	0.108592
6671	0.108768
6681	0.108992
6691	0.109152
6701	0.109264
6711	0.109472
6721	0.109600
6731	0.109696
6741	0.109776
6751	0.110000
6761	0.110240
6771	0.110320
6781	0.110560
6791	0.110720
6801	0.110864
6811	0.111040
6821	0.111168
6831	0.111280
6841	0.111456
6851	0.111552
6861	0.111792
6871	0.111936
6881	0.112064
6891	0.112240
6901	0.112352
6911	0.112560
6921	0.112720
6931	0.112816
6941	0.113136
6951	0.113184
6961	0.113296
6971	0.113536
6981	0.113632
6991	0.113792
7001	0.113968
7011	0.114048
7021	0.114320
7031	0.114400
7041	0.114576
7051	0.114656
7061	0.114960
7071	0.114992
7081	0.115424
7091	0.115296
7101	0.115552
7111	0.115824
7121	0.115872
7131	0.116080
7141	0.116272
7151	0.116256
7161	0.116432
7171	0.116656
7181	0.116784
7191	0.116992
7201	0.117056
7211	0.117264
7221	0.117344
7231	0.117552
7241	0.117696
7251	0.117936
7261	0.118080
7271	0.118144
7281	0.118368
7291	0.118528
7301	0.118752
7311	0.118816
7321	0.119008
7331	0.119056
7341	0.119424
7351	0.119392
7361	0.119520
7371	0.119760
7381	0.120032
7391	0.120064
7401	0.120288
7411	0.120432
7421	0.120640
7431	0.120816
7441	0.121136
7451	0.121040
7461	0.121248
7471	0.121328
7481	0.121472
7491	0.121728
7501	0.121888
7511	0.122016
7521	0.122144
7531	0.122304
7541	0.122448
7551	0.122656
7561	0.122832
7571	0.122880
7581	0.123072
7591	0.123296
7601	0.123424
7611	0.123392
7621	0.123680
7631	0.123872
7641	0.124048
7651	0.124336
7661	0.124432
7671	0.124528
7681	0.124720
7691	0.124800
7701	0.124944
7711	0.125056
7721	0.125280
7731	0.125456
7741	0.125600
7751	0.125712
7761	0.125888
7771	0.126064
7781	0.126272
7791	0.126368
7801	0.126608
7811	0.126672
7821	0.126896
7831	0.127056
7841	0.127200
7851	0.127344
7861	0.127488
7871	0.127632
7881	0.127968
7891	0.127968
7901	0.128192
7911	0.128240
7921	0.128448
7931	0.128528
7941	0.128784
7951	0.128784
7961	0.129136
7971	0.129264
7981	0.129392
7991	0.129536
8001	0.129632
8011	0.129936
8021	0.130080
8031	0.130240
8041	0.130368
8051	0.130496
8061	0.130688
8071	0.130800
8081	0.130992
8091	0.131136
8101	0.131264
8111	0.131376
8121	0.131488
8131	0.131888
8141	0.131840
8151	0.132016
8161	0.132208
8171	0.132352
8181	0.132480
8191	0.132736
8201	0.132848
8211	0.133040
8221	0.133168
8231	0.133280
8241	0.133584
8251	0.133664
8261	0.133744
8271	0.133920
8281	0.134064
8291	0.134368
8301	0.134480
8311	0.134656
8321	0.134768
8331	0.134992
8341	0.135056
8351	0.135136
8361	0.135488
8371	0.135488
8381	0.135648
8391	0.136064
8401	0.136064
8411	0.136224
8421	0.136368
8431	0.136496
8441	0.136608
8451	0.136832
8461	0.137008
8471	0.137040
8481	0.137168
8491	0.137424
8501	0.137584
8511	0.137664
8521	0.138016
8531	0.138096
8541	0.138160
8551	0.138400
8561	0.138512
8571	0.138720
8581	0.138800
8591	0.139040
8601	0.139072
8611	0.139296
8621	0.139456
8631	0.139600
8641	0.139792
8651	0.140112
8661	0.139936
8671	0.140144
8681	0.140400
8691	0.140496
8701	0.140704
8711	0.140832
8721	0.140976
8731	0.141088
8741	0.141408
8751	0.141472
8761	0.141552
8771	0.141792
8781	0.142048
8791	0.142192
8801	0.142224
8811	0.142384
8821	0.142512
8831	0.142704
8841	0.142912
8851	0.143072
8861	0.143232
8871	0.143344
8881	0.143552
8891	0.143584
8901	0.143856
8911	0.143984
8921	0.144144
8931	0.144400
8941	0.144528
8951	0.144688
8961	0.144848
8971	0.144992
8981	0.145136
8991	0.145216
9001	0.145552
9011	0.145568
9021	0.145712
9031	0.145968
9041	0.146080
9051	0.146224
9061	0.146368
9071	0.146560
9081	0.146688
9091	0.146912
9101	0.146960
9111	0.147184
9121	0.147280
9131	0.147600
9141	0.147632
9151	0.147808
9161	0.148080
9171	0.148048
9181	0.148480
9191	0.148384
9201	0.148624
9211	0.148736
9221	0.148928
9231	0.149040
9241	0.149232
9251	0.149408
9261	0.149600
9271	0.149744
9281	0.149872
9291	0.150064
9301	0.150176
9311	0.150272
9321	0.150400
9331	0.150528
9341	0.150832
9351	0.150960
9361	0.151104
9371	0.151296
9381	0.151440
9391	0.151680
9401	0.151760
9411	0.151856
9421	0.151936
9431	0.152192
9441	0.152720
9451	0.152656
9461	0.152752
9471	0.152784
9481	0.152960
9491	0.153104
9501	0.153104
9511	0.153408
9521	0.153648
9531	0.153648
9541	0.153936
9551	0.154064
9561	0.154256
9571	0.154592
9581	0.154592
9591	0.154768
9601	0.154864
9611	0.155040
9621	0.155136
9631	0.155456
9641	0.155600
9651	0.155648
9661	0.155808
9671	0.156000
9681	0.155968
9691	0.156240
9701	0.156560
9711	0.156560
9721	0.156704
9731	0.156944
9741	0.157152
9751	0.157344
9761	0.157408
9771	0.157632
9781	0.157696
9791	0.157760
9801	0.158144
9811	0.158272
9821	0.158304
9831	0.158528
9841	0.158624
9851	0.158720
9861	0.158944
9871	0.159136
9881	0.159296
9891	0.159472
9901	0.159648
9911	0.159760
9921	0.159968
9931	0.160192
9941	0.160160
9951	0.160368
9961	0.160672
9971	0.160656
9981	0.160848
9991	0.160800
10001	0.161072
10011	0.161376
10021	0.161568
10031	0.161696
10041	0.161808
10051	0.161968
10061	0.162176
10071	0.162304
10081	0.162432
10091	0.162512
10101	0.162784
10111	0.162896
10121	0.163184
10131	0.163248
10141	0.163312
10151	0.163520
10161	0.163776
10171	0.163760
10181	0.164128
10191	0.164208
10201	0.164352
10211	0.164432
10221	0.164624
10231	0.165008
10241	0.164944
10251	0.165136
10261	0.165248
10271	0.165360
10281	0.165616
10291	0.165728
10301	0.165792
10311	0.165968
10321	0.166176
10331	0.166384
10341	0.166512
10351	0.166784
10361	0.166752
10371	0.166992
10381	0.167168
10391	0.167408
10401	0.167520
10411	0.167696
10421	0.167872
10431	0.167984
10441	0.168160
10451	0.168256
10461	0.168448
10471	0.168576
10481	0.168592
10491	0.169104
10501	0.168960
10511	0.169216
10521	0.169232
10531	0.169536
10541	0.169632
10551	0.169760
10561	0.170080
10571	0.170096
10581	0.170464
10591	0.170288
10601	0.170656
10611	0.170912
10621	0.170944
10631	0.171040
10641	0.171344
10651	0.171472
10661	0.171648
10671	0.171696
10681	0.171968
10691	0.172064
10701	0.172176
10711	0.172320
10721	0.172608
10731	0.172608
10741	0.172880
10751	0.172944
10761	0.173200
10771	0.173376
10781	0.173472
10791	0.173632
10801	0.173840
10811	0.173920
10821	0.174048
10831	0.174288
10841	0.174432
10851	0.174624
10861	0.174672
10871	0.174880
10881	0.175040
10891	0.175136
10901	0.175344
10911	0.175584
10921	0.175760
10931	0.176016
10941	0.176096
10951	0.176176
10961	0.176352
10971	0.176368
10981	0.176640
10991	0.176688
11001	0.177024
11011	0.177040
11021	0.177312
11031	0.177520
11041	0.177616
11051	0.177712
11061	0.177888
11071	0.178080
11081	0.178160
11091	0.178336
11101	0.178560
11111	0.178768
11121	0.178864
11131	0.178992
11141	0.179184
11151	0.179312
11161	0.179648
11171	0.179504
11181	0.179616
11191	0.179984
11201	0.180096
11211	0.180288
11221	0.180464
11231	0.180432
11241	0.180768
11251	0.180848
11261	0.180944
11271	0.181088
11281	0.181600
11291	0.181376
11301	0.181552
11311	0.181792
11321	0.181888
11331	0.182304
11341	0.182352
11351	0.182400
11361	0.182672
11371	0.182656
11381	0.182912
11391	0.183088
11401	0.183344
11411	0.183424
11421	0.183568
11431	0.183776
11441	0.184000
11451	0.183968
11461	0.184064
11471	0.184256
11481	0.184544
11491	0.184528
11501	0.184864
11511	0.184912
11521	0.185120
11531	0.185280
11541	0.185392
11551	0.185584
11561	0.185872
11571	0.185984
11581	0.185952
11591	0.186176
11601	0.186336
11611	0.186528
11621	0.186720
11631	0.186864
11641	0.187024
11651	0.187152
11661	0.187232
11671	0.187472
11681	0.187616
11691	0.187664
11701	0.187920
11711	0.188000
11721	0.188352
11731	0.188528
11741	0.188640
11751	0.188608
11761	0.188896
11771	0.189088
11781	0.189184
11791	0.189408
11801	0.189536
11811	0.189632
11821	0.189856
11831	0.190032
11841	0.190144
11851	0.190224
11861	0.190368
11871	0.190672
11881	0.190752
11891	0.190944
11901	0.191216
11911	0.191200
11921	0.191264
11931	0.191584
11941	0.191648
11951	0.191904
11961	0.192000
11971	0.192176
11981	0.192384
11991	0.192464
12001	0.192720
12011	0.192880
12021	0.192992
12031	0.193136
12041	0.193360
12051	0.193344
12061	0.193792
12071	0.193808
12081	0.194096
12091	0.194032
12101	0.194256
12111	0.194352
12121	0.194688
12131	0.194848
12141	0.194736
12151	0.195024
12161	0.195216
12171	0.195360
12181	0.195440
12191	0.195616
12201	0.195856
12211	0.195856
12221	0.196064
12231	0.196288
12241	0.196480
12251	0.196704
12261	0.196720
12271	0.196880
12281	0.197056
12291	0.197152
12301	0.197504
12311	0.197776
12321	0.197696
12331	0.198064
12341	0.198096
12351	0.198080
12361	0.198416
12371	0.198352
12381	0.198656
12391	0.198592
12401	0.198832
12411	0.199136
12421	0.199072
12431	0.199408
12441	0.199712
12451	0.199792
12461	0.199824
12471	0.200144
12481	0.200320
12491	0.200320
12501	0.200480
12511	0.200512
12521	0.200880
12531	0.200992
12541	0.201264
12551	0.201392
12561	0.201536
12571	0.201744
12581	0.201856
12591	0.201840
12601	0.202128
12611	0.202256
12621	0.202384
12631	0.202432
12641	0.202720
12651	0.202912
12661	0.202992
12671	0.203104
12681	0.203296
12691	0.203520
12701	0.203616
12711	0.203968
12721	0.204048
12731	0.204176
12741	0.204288
12751	0.204448
12761	0.204576
12771	0.204784
12781	0.204944
12791	0.205216
12801	0.205168
12811	0.205376
12821	0.205536
12831	0.205648
12841	0.205872
12851	0.205824
12861	0.206112
12871	0.206320
12881	0.206640
12891	0.206480
12901	0.206880
12911	0.206944
12921	0.207168
12931	0.207280
12941	0.207488
12951	0.207584
12961	0.207824
12971	0.207920
12981	0.208112
12991	0.208208
13001	0.208400
13011	0.208640
13021	0.208704
13031	0.208928
13041	0.209040
13051	0.209184
13061	0.209376
13071	0.209440
13081	0.209696
13091	0.209696
13101	0.209968
13111	0.210048
13121	0.210192
13131	0.210320
13141	0.210464
13151	0.210784
13161	0.210848
13171	0.211040
13181	0.211264
13191	0.211264
13201	0.211600
13211	0.211568
13221	0.211776
13231	0.212080
13241	0.212112
13251	0.212336
13261	0.212512
13271	0.212752
13281	0.212848
13291	0.212928
13301	0.213136
13311	0.213312
13321	0.213472
13331	0.213648
13341	0.213760
13351	0.213904
13361	0.214032
13371	0.214240
13381	0.214592
13391	0.214512
13401	0.214688
13411	0.214800
13421	0.215104
13431	0.215232
13441	0.215264
13451	0.215504
13461	0.215648
13471	0.215760
13481	0.216064
13491	0.216064
13501	0.216272
13511	0.216336
13521	0.216576
13531	0.216720
13541	0.216848
13551	0.217072
13561	0.217216
13571	0.217408
13581	0.217664
13591	0.217632
13601	0.217872
13611	0.217952
13621	0.218064
13631	0.218336
13641	0.218496
13651	0.218560
13661	0.218704
13671	0.218832
13681	0.219072
13691	0.219232
13701	0.219440
13711	0.219520
13721	0.219712
13731	0.219984
13741	0.220112
13751	0.220192
13761	0.220304
13771	0.220672
13781	0.220640
13791	0.220720
13801	0.221136
13811	0.221136
13821	0.221248
13831	0.221440
13841	0.221728
13851	0.221840
13861	0.221872
13871	0.222080
13881	0.222256
13891	0.222528
13901	0.222560
13911	0.222400
13921	0.222880
13931	0.222800
13941	0.223328
13951	0.223296
13961	0.223584
13971	0.223568
13981	0.223760
13991	0.223968
14001	0.224000
14011	0.224384
14021	0.224336
14031	0.224592
14041	0.224640
14051	0.224960
14061	0.225088
14071	0.225120
14081	0.225392
14091	0.225632
14101	0.225824
14111	0.226000
14121	0.226080
14131	0.226256
14141	0.226352
14151	0.226400
14161	0.226624
14171	0.226816
14181	0.226992
14191	0.227024
14201	0.227232
14211	0.227472
14221	0.227536
14231	0.227696
14241	0.227920
14251	0.228048
14261	0.228208
14271	0.228256
14281	0.228480
14291	0.228656
14301	0.229024
14311	0.229216
14321	0.229136
14331	0.229088
14341	0.229456
14351	0.229680
14361	0.229712
14371	0.229920
14381	0.229984
14391	0.230320
14401	0.230560
14411	0.230480
14421	0.230672
14431	0.230944
14441	0.231024
14451	0.231168
14461	0.231440
14471	0.231392
14481	0.231568
14491	0.231872
14501	0.231968
14511	0.232096
14521	0.232288
14531	0.232432
14541	0.232736
14551	0.232832
14561	0.232896
14571	0.233040
14581	0.233280
14591	0.233376
14601	0.233568
14611	0.233728
14621	0.233792
14631	0.234144
14641	0.234176
14651	0.234368
14661	0.234352
14671	0.234624
14681	0.234752
14691	0.234992
14701	0.235120
14711	0.235248
14721	0.235424
14731	0.235680
14741	0.235760
14751	0.235904
14761	0.236224
14771	0.236192
14781	0.236416
14791	0.236656
14801	0.236704
14811	0.236976
14821	0.237104
14831	0.237200
14841	0.237296
14851	0.237616
14861	0.237632
14871	0.237856
14881	0.238080
14891	0.238368
14901	0.238368
14911	0.238464
14921	0.238496
14931	0.238624
14941	0.238864
14951	0.239248
14961	0.239232
14971	0.239408
14981	0.239568
14991	0.239776
15001	0.239840
15011	0.240048
15021	0.240240
15031	0.240208
15041	0.240688
15051	0.240688
15061	0.240880
15071	0.241024
15081	0.241088
15091	0.241248
15101	0.241360
15111	0.241616
15121	0.241824
15131	0.241952
15141	0.242128
15151	0.242176
15161	0.242448
15171	0.242592
15181	0.242800
15191	0.242944
15201	0.242992
15211	0.243104
15221	0.243232
15231	0.243520
15241	0.243712
15251	0.243888
15261	0.244016
15271	0.244384
15281	0.244304
15291	0.244464
15301	0.244656
15311	0.244736
15321	0.244944
15331	0.245120
15341	0.245152
15351	0.245440
15361	0.245520
15371	0.245680
15381	0.245904
15391	0.246032
15401	0.246224
15411	0.246480
15421	0.246448
15431	0.246752
15441	0.246816
15451	0.246864
15461	0.247120
15471	0.247280
15481	0.247552
15491	0.247600
15501	0.247872
15511	0.247952
15521	0.248128
15531	0.248176
15541	0.248176
15551	0.248464
15561	0.248816
15571	0.248784
15581	0.248992
15591	0.249056
15601	0.249376
15611	0.249408
15621	0.249664
15631	0.249664
15641	0.249856
15651	0.250176
15661	0.250288
15671	0.250624
15681	0.250720
15691	0.250800
15701	0.250784
15711	0.250832
15721	0.251024
15731	0.251392
15741	0.251648
15751	0.251568
15761	0.251808
15771	0.252048
15781	0.252176
15791	0.252272
15801	0.252384
15811	0.252672
15821	0.252784
15831	0.253008
15841	0.253024
15851	0.253248
15861	0.253536
15871	0.253632
15881	0.253696
15891	0.254016
15901	0.253984
15911	0.254224
15921	0.254432
15931	0.254496
15941	0.254688
15951	0.254896
15961	0.254832
15971	0.255376
15981	0.255296
15991	0.255440
16001	0.255600
16011	0.255904
16021	0.255888
16031	0.256032
16041	0.256288
16051	0.256352
16061	0.256416
16071	0.256688
16081	0.256880
16091	0.257184
16101	0.257120
16111	0.257376
16121	0.257488
16131	0.257712
16141	0.257776
16151	0.258048
16161	0.258160
16171	0.258224
16181	0.258480
16191	0.258608
16201	0.258704
16211	0.259040
16221	0.259120
16231	0.259168
16241	0.259552
16251	0.259600
16261	0.259680
16271	0.259968
16281	0.259936
16291	0.260032
16301	0.260464
16311	0.260416
16321	0.260512
16331	0.260736
16341	0.261040
16351	0.260992
16361	0.261120
16371	0.261392
16381	0.261728
16391	0.261744
16401	0.261952
16411	0.262160
16421	0.262288
16431	0.262224
16441	0.262464
16451	0.262768
16461	0.262944
16471	0.263024
16481	0.263264
16491	0.263472
16501	0.263328
16511	0.263600
16521	0.263856
16531	0.263968
16541	0.263904
16551	0.264304
16561	0.264496
16571	0.264512
16581	0.264688
16591	0.264832
16601	0.264960
16611	0.265216
16621	0.265296
16631	0.265552
16641	0.265392
16651	0.265632
16661	0.265920
16671	0.266192
16681	0.266176
16691	0.266480
16701	0.266672
16711	0.266736
16721	0.266944
16731	0.267120
16741	0.267232
16751	0.267488
16761	0.267472
16771	0.267744
16781	0.267984
16791	0.268064
16801	0.268304
16811	0.268352
16821	0.268464
16831	0.268496
16841	0.269168
16851	0.269024
16861	0.269088
16871	0.269360
16881	0.269424
16891	0.269584
16901	0.269616
16911	0.270016
16921	0.270208
16931	0.270320
16941	0.270416
16951	0.270448
16961	0.270688
16971	0.270784
16981	0.271040
16991	0.271216
17001	0.271328
17011	0.271408
17021	0.271632
17031	0.271936
17041	0.271872
17051	0.272000
17061	0.272336
17071	0.272464
17081	0.272512
17091	0.272688
17101	0.272944
17111	0.273200
17121	0.273200
17131	0.273424
17141	0.273424
17151	0.273792
17161	0.274080
17171	0.274032
17181	0.274112
17191	0.274256
17201	0.274400
17211	0.274688
17221	0.274752
17231	0.274880
17241	0.275152
17251	0.275232
17261	0.275408
17271	0.275488
17281	0.275760
17291	0.275856
17301	0.276064
17311	0.276192
17321	0.276800
17331	0.276480
17341	0.276576
17351	0.276976
17361	0.276960
17371	0.277056
17381	0.277376
17391	0.277488
17401	0.277728
17411	0.277744
17421	0.277808
17431	0.278288
17441	0.278320
17451	0.278304
17461	0.278560
17471	0.278832
17481	0.279040
17491	0.279072
17501	0.279216
17511	0.279360
17521	0.279632
17531	0.279760
17541	0.279664
17551	0.279872
17561	0.280336
17571	0.280272
17581	0.280592
17591	0.280496
17601	0.280864
17611	0.280960
17621	0.280944
17631	0.281216
17641	0.281520
17651	0.281536
17661	0.281856
17671	0.282064
17681	0.282144
17691	0.282176
17701	0.282432
17711	0.282528
17721	0.282528
17731	0.282896
17741	0.282976
17751	0.283024
17761	0.283360
17771	0.283504
17781	0.283520
17791	0.283616
17801	0.283808
17811	0.284080
17821	0.284192
17831	0.284384
17841	0.284592
17851	0.284752
17861	0.284576
17871	0.285056
17881	0.285072
17891	0.285632
17901	0.285440
17911	0.285616
17921	0.285824
17931	0.285840
17941	0.285920
17951	0.286224
17961	0.286464
17971	0.286688
17981	0.286656
17991	0.286960
18001	0.286976
18011	0.287312
18021	0.287408
18031	0.287568
18041	0.287712
18051	0.287920
18061	0.288016
18071	0.288240
18081	0.288352
18091	0.288416
18101	0.288544
18111	0.288800
18121	0.288864
18131	0.289120
18141	0.289440
18151	0.289408
18161	0.289376
18171	0.289600
18181	0.289808
18191	0.289904
18201	0.290272
18211	0.290384
18221	0.290544
18231	0.290656
18241	0.290736
18251	0.291088
18261	0.291024
18271	0.291200
18281	0.291520
18291	0.291664
18301	0.291824
18311	0.291952
18321	0.292192
18331	0.292352
18341	0.292416
18351	0.292592
18361	0.292640
18371	0.293152
18381	0.293072
18391	0.293264
18401	0.293344
18411	0.293440
18421	0.293760
18431	0.293808
18441	0.294048
18451	0.294000
18461	0.294144
18471	0.294448
18481	0.294640
18491	0.294864
18501	0.294736
18511	0.294976
18521	0.295248
18531	0.295344
18541	0.295664
18551	0.295760
18561	0.295888
18571	0.296000
18581	0.296144
18591	0.296256
18601	0.296480
18611	0.296784
18621	0.297008
18631	0.297296
18641	0.296992
18651	0.297392
18661	0.297600
18671	0.297488
18681	0.297824
18691	0.297856
18701	0.298128
18711	0.298272
18721	0.298288
18731	0.298560
18741	0.298656
18751	0.298944
18761	0.299008
18771	0.299376
18781	0.299424
18791	0.299504
18801	0.299648
18811	0.299696
18821	0.300016
18831	0.300272
18841	0.300320
18851	0.300416
18861	0.300560
18871	0.300880
18881	0.300864
18891	0.301200
18901	0.301296
18911	0.301344
18921	0.301536
18931	0.301680
18941	0.301856
18951	0.302000
18961	0.302112
18971	0.302336
18981	0.302384
18991	0.302512
19001	0.302752
19011	0.302960
19021	0.303136
19031	0.303328
19041	0.303360
19051	0.303568
19061	0.303664
19071	0.303856
19081	0.304144
19091	0.304064
19101	0.304176
19111	0.304416
19121	0.304656
19131	0.304800
19141	0.305248
19151	0.305168
19161	0.305360
19171	0.305504
19181	0.305584
19191	0.305840
19201	0.306016
19211	0.306080
19221	0.306160
19231	0.306304
19241	0.306672
19251	0.306624
19261	0.306944
19271	0.307088
19281	0.306960
19291	0.307344
19301	0.307424
19311	0.307424
19321	0.307728
19331	0.307952
19341	0.308048
19351	0.308352
19361	0.308432
19371	0.308416
19381	0.308592
19391	0.308880
19401	0.309392
19411	0.309280
19421	0.309744
19431	0.309664
19441	0.309648
19451	0.309872
19461	0.310224
19471	0.310160
19481	0.310272
19491	0.310432
19501	0.310656
19511	0.310704
19521	0.310944
19531	0.311216
19541	0.311344
19551	0.311536
19561	0.311680
19571	0.311840
19581	0.311904
19591	0.311920
19601	0.312208
19611	0.312368
19621	0.312432
19631	0.312784
19641	0.312608
19651	0.312960
19661	0.313264
19671	0.313312
19681	0.313648
19691	0.313632
19701	0.313712
19711	0.314064
19721	0.314176
19731	0.314000
19741	0.314384
19751	0.314736
19761	0.314944
19771	0.315104
19781	0.314896
19791	0.315072
19801	0.315376
19811	0.315568
19821	0.315728
19831	0.315712
19841	0.316000
19851	0.316144
19861	0.316240
19871	0.316560
19881	0.316656
19891	0.316928
19901	0.316912
19911	0.317104
19921	0.317200
19931	0.317392
19941	0.317584
19951	0.317936
19961	0.317968
19971	0.318032
19981	0.318064
19991	0.318480
